{"/Users/christacollar/Documents/GitHub/kickedoutofthesky/scripts/fetch-printful-products.js": {"path":"/Users/christacollar/Documents/GitHub/kickedoutofthesky/scripts/fetch-printful-products.js","statementMap":{"0":{"start":{"line":3,"column":0},"end":{"line":3,"column":27}},"1":{"start":{"line":4,"column":11},"end":{"line":4,"column":24}},"2":{"start":{"line":5,"column":13},"end":{"line":5,"column":28}},"3":{"start":{"line":6,"column":14},"end":{"line":6,"column":30}},"4":{"start":{"line":8,"column":25},"end":{"line":8,"column":53}},"5":{"start":{"line":11,"column":0},"end":{"line":14,"column":1}},"6":{"start":{"line":12,"column":2},"end":{"line":12,"column":68}},"7":{"start":{"line":13,"column":2},"end":{"line":13,"column":18}},"8":{"start":{"line":16,"column":17},"end":{"line":16,"column":43}},"9":{"start":{"line":20,"column":2},"end":{"line":25,"column":3}},"10":{"start":{"line":22,"column":4},"end":{"line":22,"column":48}},"11":{"start":{"line":22,"column":39},"end":{"line":22,"column":48}},"12":{"start":{"line":24,"column":4},"end":{"line":24,"column":13}},"13":{"start":{"line":26,"column":2},"end":{"line":26,"column":48}},"14":{"start":{"line":26,"column":39},"end":{"line":26,"column":48}},"15":{"start":{"line":27,"column":2},"end":{"line":27,"column":77}},"16":{"start":{"line":27,"column":68},"end":{"line":27,"column":77}},"17":{"start":{"line":28,"column":2},"end":{"line":28,"column":49}},"18":{"start":{"line":28,"column":40},"end":{"line":28,"column":49}},"19":{"start":{"line":29,"column":2},"end":{"line":29,"column":45}},"20":{"start":{"line":29,"column":36},"end":{"line":29,"column":45}},"21":{"start":{"line":30,"column":2},"end":{"line":30,"column":11}},"22":{"start":{"line":35,"column":2},"end":{"line":64,"column":5}},"23":{"start":{"line":36,"column":20},"end":{"line":43,"column":5}},"24":{"start":{"line":45,"column":16},"end":{"line":45,"column":40}},"25":{"start":{"line":46,"column":4},"end":{"line":63,"column":27}},"26":{"start":{"line":48,"column":19},"end":{"line":48,"column":21}},"27":{"start":{"line":50,"column":8},"end":{"line":52,"column":11}},"28":{"start":{"line":51,"column":10},"end":{"line":51,"column":24}},"29":{"start":{"line":54,"column":8},"end":{"line":61,"column":11}},"30":{"start":{"line":55,"column":10},"end":{"line":60,"column":11}},"31":{"start":{"line":56,"column":27},"end":{"line":56,"column":43}},"32":{"start":{"line":57,"column":12},"end":{"line":57,"column":28}},"33":{"start":{"line":59,"column":12},"end":{"line":59,"column":72}},"34":{"start":{"line":69,"column":2},"end":{"line":231,"column":3}},"35":{"start":{"line":70,"column":4},"end":{"line":70,"column":51}},"36":{"start":{"line":73,"column":27},"end":{"line":73,"column":55}},"37":{"start":{"line":75,"column":4},"end":{"line":77,"column":5}},"38":{"start":{"line":76,"column":6},"end":{"line":76,"column":62}},"39":{"start":{"line":79,"column":20},"end":{"line":79,"column":47}},"40":{"start":{"line":80,"column":22},"end":{"line":80,"column":51}},"41":{"start":{"line":81,"column":4},"end":{"line":81,"column":71}},"42":{"start":{"line":83,"column":4},"end":{"line":83,"column":43}},"43":{"start":{"line":85,"column":25},"end":{"line":85,"column":61}},"44":{"start":{"line":87,"column":4},"end":{"line":87,"column":77}},"45":{"start":{"line":89,"column":4},"end":{"line":91,"column":5}},"46":{"start":{"line":90,"column":6},"end":{"line":90,"column":106}},"47":{"start":{"line":94,"column":21},"end":{"line":94,"column":23}},"48":{"start":{"line":95,"column":4},"end":{"line":205,"column":5}},"49":{"start":{"line":96,"column":6},"end":{"line":96,"column":85}},"50":{"start":{"line":98,"column":6},"end":{"line":204,"column":7}},"51":{"start":{"line":99,"column":33},"end":{"line":99,"column":83}},"52":{"start":{"line":101,"column":8},"end":{"line":104,"column":9}},"53":{"start":{"line":102,"column":10},"end":{"line":102,"column":77}},"54":{"start":{"line":103,"column":10},"end":{"line":103,"column":19}},"55":{"start":{"line":106,"column":25},"end":{"line":106,"column":68}},"56":{"start":{"line":107,"column":8},"end":{"line":107,"column":64}},"57":{"start":{"line":109,"column":32},"end":{"line":109,"column":34}},"58":{"start":{"line":110,"column":30},"end":{"line":110,"column":34}},"59":{"start":{"line":111,"column":34},"end":{"line":111,"column":38}},"60":{"start":{"line":112,"column":27},"end":{"line":112,"column":54}},"61":{"start":{"line":118,"column":26},"end":{"line":118,"column":58}},"62":{"start":{"line":119,"column":25},"end":{"line":119,"column":56}},"63":{"start":{"line":120,"column":29},"end":{"line":120,"column":65}},"64":{"start":{"line":122,"column":8},"end":{"line":180,"column":11}},"65":{"start":{"line":127,"column":24},"end":{"line":127,"column":49}},"66":{"start":{"line":130,"column":10},"end":{"line":144,"column":11}},"67":{"start":{"line":131,"column":12},"end":{"line":131,"column":28}},"68":{"start":{"line":132,"column":12},"end":{"line":132,"column":42}},"69":{"start":{"line":134,"column":12},"end":{"line":134,"column":82}},"70":{"start":{"line":135,"column":17},"end":{"line":144,"column":11}},"71":{"start":{"line":136,"column":12},"end":{"line":136,"column":28}},"72":{"start":{"line":137,"column":12},"end":{"line":137,"column":42}},"73":{"start":{"line":138,"column":17},"end":{"line":144,"column":11}},"74":{"start":{"line":139,"column":12},"end":{"line":139,"column":36}},"75":{"start":{"line":140,"column":12},"end":{"line":140,"column":42}},"76":{"start":{"line":142,"column":12},"end":{"line":142,"column":42}},"77":{"start":{"line":143,"column":12},"end":{"line":143,"column":42}},"78":{"start":{"line":146,"column":10},"end":{"line":151,"column":11}},"79":{"start":{"line":147,"column":12},"end":{"line":150,"column":14}},"80":{"start":{"line":153,"column":10},"end":{"line":156,"column":12}},"81":{"start":{"line":159,"column":10},"end":{"line":161,"column":11}},"82":{"start":{"line":160,"column":12},"end":{"line":160,"column":51}},"83":{"start":{"line":164,"column":10},"end":{"line":169,"column":11}},"84":{"start":{"line":165,"column":12},"end":{"line":165,"column":53}},"85":{"start":{"line":166,"column":12},"end":{"line":168,"column":15}},"86":{"start":{"line":167,"column":14},"end":{"line":167,"column":67}},"87":{"start":{"line":172,"column":10},"end":{"line":174,"column":11}},"88":{"start":{"line":173,"column":12},"end":{"line":173,"column":81}},"89":{"start":{"line":177,"column":10},"end":{"line":179,"column":11}},"90":{"start":{"line":178,"column":12},"end":{"line":178,"column":72}},"91":{"start":{"line":182,"column":29},"end":{"line":182,"column":113}},"92":{"start":{"line":186,"column":8},"end":{"line":190,"column":9}},"93":{"start":{"line":187,"column":10},"end":{"line":187,"column":109}},"94":{"start":{"line":189,"column":10},"end":{"line":189,"column":109}},"95":{"start":{"line":192,"column":28},"end":{"line":198,"column":9}},"96":{"start":{"line":200,"column":8},"end":{"line":200,"column":35}},"97":{"start":{"line":201,"column":8},"end":{"line":201,"column":83}},"98":{"start":{"line":203,"column":8},"end":{"line":203,"column":91}},"99":{"start":{"line":207,"column":4},"end":{"line":207,"column":71}},"100":{"start":{"line":210,"column":4},"end":{"line":220,"column":7}},"101":{"start":{"line":211,"column":26},"end":{"line":218,"column":7}},"102":{"start":{"line":212,"column":8},"end":{"line":212,"column":52}},"103":{"start":{"line":212,"column":43},"end":{"line":212,"column":52}},"104":{"start":{"line":213,"column":8},"end":{"line":213,"column":47}},"105":{"start":{"line":213,"column":38},"end":{"line":213,"column":47}},"106":{"start":{"line":214,"column":8},"end":{"line":214,"column":69}},"107":{"start":{"line":214,"column":60},"end":{"line":214,"column":69}},"108":{"start":{"line":215,"column":8},"end":{"line":215,"column":48}},"109":{"start":{"line":215,"column":39},"end":{"line":215,"column":48}},"110":{"start":{"line":216,"column":8},"end":{"line":216,"column":44}},"111":{"start":{"line":216,"column":35},"end":{"line":216,"column":44}},"112":{"start":{"line":217,"column":8},"end":{"line":217,"column":17}},"113":{"start":{"line":219,"column":6},"end":{"line":219,"column":57}},"114":{"start":{"line":223,"column":23},"end":{"line":223,"column":74}},"115":{"start":{"line":224,"column":4},"end":{"line":224,"column":68}},"116":{"start":{"line":225,"column":4},"end":{"line":225,"column":45}},"117":{"start":{"line":227,"column":4},"end":{"line":227,"column":20}},"118":{"start":{"line":229,"column":4},"end":{"line":229,"column":63}},"119":{"start":{"line":230,"column":4},"end":{"line":230,"column":20}},"120":{"start":{"line":235,"column":0},"end":{"line":235,"column":16}}},"fnMap":{"0":{"name":"getImageIndex","decl":{"start":{"line":19,"column":9},"end":{"line":19,"column":22}},"loc":{"start":{"line":19,"column":37},"end":{"line":31,"column":1}},"line":19},"1":{"name":"makeRequest","decl":{"start":{"line":34,"column":9},"end":{"line":34,"column":20}},"loc":{"start":{"line":34,"column":31},"end":{"line":65,"column":1}},"line":34},"2":{"name":"(anonymous_2)","decl":{"start":{"line":35,"column":21},"end":{"line":35,"column":22}},"loc":{"start":{"line":35,"column":42},"end":{"line":64,"column":3}},"line":35},"3":{"name":"(anonymous_3)","decl":{"start":{"line":47,"column":25},"end":{"line":47,"column":26}},"loc":{"start":{"line":47,"column":32},"end":{"line":62,"column":7}},"line":47},"4":{"name":"(anonymous_4)","decl":{"start":{"line":50,"column":23},"end":{"line":50,"column":24}},"loc":{"start":{"line":50,"column":32},"end":{"line":52,"column":9}},"line":50},"5":{"name":"(anonymous_5)","decl":{"start":{"line":54,"column":22},"end":{"line":54,"column":23}},"loc":{"start":{"line":54,"column":28},"end":{"line":61,"column":9}},"line":54},"6":{"name":"fetchProducts","decl":{"start":{"line":68,"column":15},"end":{"line":68,"column":28}},"loc":{"start":{"line":68,"column":31},"end":{"line":232,"column":1}},"line":68},"7":{"name":"(anonymous_7)","decl":{"start":{"line":122,"column":25},"end":{"line":122,"column":26}},"loc":{"start":{"line":122,"column":36},"end":{"line":180,"column":9}},"line":122},"8":{"name":"(anonymous_8)","decl":{"start":{"line":166,"column":34},"end":{"line":166,"column":35}},"loc":{"start":{"line":166,"column":49},"end":{"line":168,"column":13}},"line":166},"9":{"name":"(anonymous_9)","decl":{"start":{"line":210,"column":18},"end":{"line":210,"column":19}},"loc":{"start":{"line":210,"column":28},"end":{"line":220,"column":5}},"line":210},"10":{"name":"(anonymous_10)","decl":{"start":{"line":211,"column":26},"end":{"line":211,"column":27}},"loc":{"start":{"line":211,"column":35},"end":{"line":218,"column":7}},"line":211}},"branchMap":{"0":{"loc":{"start":{"line":11,"column":0},"end":{"line":14,"column":1}},"type":"if","locations":[{"start":{"line":11,"column":0},"end":{"line":14,"column":1}},{"start":{},"end":{}}],"line":11},"1":{"loc":{"start":{"line":20,"column":2},"end":{"line":25,"column":3}},"type":"if","locations":[{"start":{"line":20,"column":2},"end":{"line":25,"column":3}},{"start":{},"end":{}}],"line":20},"2":{"loc":{"start":{"line":22,"column":4},"end":{"line":22,"column":48}},"type":"if","locations":[{"start":{"line":22,"column":4},"end":{"line":22,"column":48}},{"start":{},"end":{}}],"line":22},"3":{"loc":{"start":{"line":26,"column":2},"end":{"line":26,"column":48}},"type":"if","locations":[{"start":{"line":26,"column":2},"end":{"line":26,"column":48}},{"start":{},"end":{}}],"line":26},"4":{"loc":{"start":{"line":27,"column":2},"end":{"line":27,"column":77}},"type":"if","locations":[{"start":{"line":27,"column":2},"end":{"line":27,"column":77}},{"start":{},"end":{}}],"line":27},"5":{"loc":{"start":{"line":27,"column":6},"end":{"line":27,"column":66}},"type":"binary-expr","locations":[{"start":{"line":27,"column":6},"end":{"line":27,"column":34}},{"start":{"line":27,"column":38},"end":{"line":27,"column":66}}],"line":27},"6":{"loc":{"start":{"line":28,"column":2},"end":{"line":28,"column":49}},"type":"if","locations":[{"start":{"line":28,"column":2},"end":{"line":28,"column":49}},{"start":{},"end":{}}],"line":28},"7":{"loc":{"start":{"line":29,"column":2},"end":{"line":29,"column":45}},"type":"if","locations":[{"start":{"line":29,"column":2},"end":{"line":29,"column":45}},{"start":{},"end":{}}],"line":29},"8":{"loc":{"start":{"line":75,"column":4},"end":{"line":77,"column":5}},"type":"if","locations":[{"start":{"line":75,"column":4},"end":{"line":77,"column":5}},{"start":{},"end":{}}],"line":75},"9":{"loc":{"start":{"line":75,"column":8},"end":{"line":75,"column":68}},"type":"binary-expr","locations":[{"start":{"line":75,"column":8},"end":{"line":75,"column":30}},{"start":{"line":75,"column":34},"end":{"line":75,"column":68}}],"line":75},"10":{"loc":{"start":{"line":89,"column":4},"end":{"line":91,"column":5}},"type":"if","locations":[{"start":{"line":89,"column":4},"end":{"line":91,"column":5}},{"start":{},"end":{}}],"line":89},"11":{"loc":{"start":{"line":89,"column":8},"end":{"line":89,"column":67}},"type":"binary-expr","locations":[{"start":{"line":89,"column":8},"end":{"line":89,"column":28}},{"start":{"line":89,"column":32},"end":{"line":89,"column":67}}],"line":89},"12":{"loc":{"start":{"line":101,"column":8},"end":{"line":104,"column":9}},"type":"if","locations":[{"start":{"line":101,"column":8},"end":{"line":104,"column":9}},{"start":{},"end":{}}],"line":101},"13":{"loc":{"start":{"line":101,"column":12},"end":{"line":101,"column":78}},"type":"binary-expr","locations":[{"start":{"line":101,"column":12},"end":{"line":101,"column":36}},{"start":{"line":101,"column":40},"end":{"line":101,"column":78}}],"line":101},"14":{"loc":{"start":{"line":106,"column":25},"end":{"line":106,"column":68}},"type":"binary-expr","locations":[{"start":{"line":106,"column":25},"end":{"line":106,"column":62}},{"start":{"line":106,"column":66},"end":{"line":106,"column":68}}],"line":106},"15":{"loc":{"start":{"line":130,"column":10},"end":{"line":144,"column":11}},"type":"if","locations":[{"start":{"line":130,"column":10},"end":{"line":144,"column":11}},{"start":{"line":135,"column":17},"end":{"line":144,"column":11}}],"line":130},"16":{"loc":{"start":{"line":132,"column":19},"end":{"line":132,"column":41}},"type":"binary-expr","locations":[{"start":{"line":132,"column":19},"end":{"line":132,"column":27}},{"start":{"line":132,"column":31},"end":{"line":132,"column":41}}],"line":132},"17":{"loc":{"start":{"line":135,"column":17},"end":{"line":144,"column":11}},"type":"if","locations":[{"start":{"line":135,"column":17},"end":{"line":144,"column":11}},{"start":{"line":138,"column":17},"end":{"line":144,"column":11}}],"line":135},"18":{"loc":{"start":{"line":137,"column":19},"end":{"line":137,"column":41}},"type":"binary-expr","locations":[{"start":{"line":137,"column":19},"end":{"line":137,"column":27}},{"start":{"line":137,"column":31},"end":{"line":137,"column":41}}],"line":137},"19":{"loc":{"start":{"line":138,"column":17},"end":{"line":144,"column":11}},"type":"if","locations":[{"start":{"line":138,"column":17},"end":{"line":144,"column":11}},{"start":{"line":141,"column":17},"end":{"line":144,"column":11}}],"line":138},"20":{"loc":{"start":{"line":140,"column":19},"end":{"line":140,"column":41}},"type":"binary-expr","locations":[{"start":{"line":140,"column":19},"end":{"line":140,"column":27}},{"start":{"line":140,"column":31},"end":{"line":140,"column":41}}],"line":140},"21":{"loc":{"start":{"line":142,"column":20},"end":{"line":142,"column":41}},"type":"binary-expr","locations":[{"start":{"line":142,"column":20},"end":{"line":142,"column":28}},{"start":{"line":142,"column":32},"end":{"line":142,"column":41}}],"line":142},"22":{"loc":{"start":{"line":143,"column":19},"end":{"line":143,"column":41}},"type":"binary-expr","locations":[{"start":{"line":143,"column":19},"end":{"line":143,"column":27}},{"start":{"line":143,"column":31},"end":{"line":143,"column":41}}],"line":143},"23":{"loc":{"start":{"line":146,"column":10},"end":{"line":151,"column":11}},"type":"if","locations":[{"start":{"line":146,"column":10},"end":{"line":151,"column":11}},{"start":{},"end":{}}],"line":146},"24":{"loc":{"start":{"line":155,"column":25},"end":{"line":155,"column":105}},"type":"cond-expr","locations":[{"start":{"line":155,"column":48},"end":{"line":155,"column":98}},{"start":{"line":155,"column":101},"end":{"line":155,"column":105}}],"line":155},"25":{"loc":{"start":{"line":159,"column":10},"end":{"line":161,"column":11}},"type":"if","locations":[{"start":{"line":159,"column":10},"end":{"line":161,"column":11}},{"start":{},"end":{}}],"line":159},"26":{"loc":{"start":{"line":159,"column":14},"end":{"line":159,"column":54}},"type":"binary-expr","locations":[{"start":{"line":159,"column":14},"end":{"line":159,"column":30}},{"start":{"line":159,"column":34},"end":{"line":159,"column":54}}],"line":159},"27":{"loc":{"start":{"line":164,"column":10},"end":{"line":169,"column":11}},"type":"if","locations":[{"start":{"line":164,"column":10},"end":{"line":169,"column":11}},{"start":{},"end":{}}],"line":164},"28":{"loc":{"start":{"line":164,"column":14},"end":{"line":164,"column":55}},"type":"binary-expr","locations":[{"start":{"line":164,"column":14},"end":{"line":164,"column":27}},{"start":{"line":164,"column":31},"end":{"line":164,"column":55}}],"line":164},"29":{"loc":{"start":{"line":172,"column":10},"end":{"line":174,"column":11}},"type":"if","locations":[{"start":{"line":172,"column":10},"end":{"line":174,"column":11}},{"start":{},"end":{}}],"line":172},"30":{"loc":{"start":{"line":172,"column":14},"end":{"line":172,"column":97}},"type":"binary-expr","locations":[{"start":{"line":172,"column":14},"end":{"line":172,"column":43}},{"start":{"line":172,"column":47},"end":{"line":172,"column":60}},{"start":{"line":172,"column":64},"end":{"line":172,"column":97}}],"line":172},"31":{"loc":{"start":{"line":177,"column":10},"end":{"line":179,"column":11}},"type":"if","locations":[{"start":{"line":177,"column":10},"end":{"line":179,"column":11}},{"start":{},"end":{}}],"line":177},"32":{"loc":{"start":{"line":177,"column":14},"end":{"line":177,"column":88}},"type":"binary-expr","locations":[{"start":{"line":177,"column":14},"end":{"line":177,"column":34}},{"start":{"line":177,"column":38},"end":{"line":177,"column":51}},{"start":{"line":177,"column":55},"end":{"line":177,"column":88}}],"line":177},"33":{"loc":{"start":{"line":182,"column":29},"end":{"line":182,"column":113}},"type":"cond-expr","locations":[{"start":{"line":182,"column":47},"end":{"line":182,"column":91}},{"start":{"line":182,"column":94},"end":{"line":182,"column":113}}],"line":182},"34":{"loc":{"start":{"line":186,"column":8},"end":{"line":190,"column":9}},"type":"if","locations":[{"start":{"line":186,"column":8},"end":{"line":190,"column":9}},{"start":{"line":188,"column":15},"end":{"line":190,"column":9}}],"line":186},"35":{"loc":{"start":{"line":187,"column":22},"end":{"line":187,"column":108}},"type":"binary-expr","locations":[{"start":{"line":187,"column":22},"end":{"line":187,"column":41}},{"start":{"line":187,"column":45},"end":{"line":187,"column":66}},{"start":{"line":187,"column":70},"end":{"line":187,"column":108}}],"line":187},"36":{"loc":{"start":{"line":189,"column":22},"end":{"line":189,"column":108}},"type":"binary-expr","locations":[{"start":{"line":189,"column":22},"end":{"line":189,"column":43}},{"start":{"line":189,"column":47},"end":{"line":189,"column":66}},{"start":{"line":189,"column":70},"end":{"line":189,"column":108}}],"line":189},"37":{"loc":{"start":{"line":212,"column":8},"end":{"line":212,"column":52}},"type":"if","locations":[{"start":{"line":212,"column":8},"end":{"line":212,"column":52}},{"start":{},"end":{}}],"line":212},"38":{"loc":{"start":{"line":213,"column":8},"end":{"line":213,"column":47}},"type":"if","locations":[{"start":{"line":213,"column":8},"end":{"line":213,"column":47}},{"start":{},"end":{}}],"line":213},"39":{"loc":{"start":{"line":214,"column":8},"end":{"line":214,"column":69}},"type":"if","locations":[{"start":{"line":214,"column":8},"end":{"line":214,"column":69}},{"start":{},"end":{}}],"line":214},"40":{"loc":{"start":{"line":214,"column":12},"end":{"line":214,"column":58}},"type":"binary-expr","locations":[{"start":{"line":214,"column":12},"end":{"line":214,"column":33}},{"start":{"line":214,"column":37},"end":{"line":214,"column":58}}],"line":214},"41":{"loc":{"start":{"line":215,"column":8},"end":{"line":215,"column":48}},"type":"if","locations":[{"start":{"line":215,"column":8},"end":{"line":215,"column":48}},{"start":{},"end":{}}],"line":215},"42":{"loc":{"start":{"line":216,"column":8},"end":{"line":216,"column":44}},"type":"if","locations":[{"start":{"line":216,"column":8},"end":{"line":216,"column":44}},{"start":{},"end":{}}],"line":216}},"s":{"0":0,"1":0,"2":0,"3":0,"4":0,"5":0,"6":0,"7":0,"8":0,"9":0,"10":0,"11":0,"12":0,"13":0,"14":0,"15":0,"16":0,"17":0,"18":0,"19":0,"20":0,"21":0,"22":0,"23":0,"24":0,"25":0,"26":0,"27":0,"28":0,"29":0,"30":0,"31":0,"32":0,"33":0,"34":0,"35":0,"36":0,"37":0,"38":0,"39":0,"40":0,"41":0,"42":0,"43":0,"44":0,"45":0,"46":0,"47":0,"48":0,"49":0,"50":0,"51":0,"52":0,"53":0,"54":0,"55":0,"56":0,"57":0,"58":0,"59":0,"60":0,"61":0,"62":0,"63":0,"64":0,"65":0,"66":0,"67":0,"68":0,"69":0,"70":0,"71":0,"72":0,"73":0,"74":0,"75":0,"76":0,"77":0,"78":0,"79":0,"80":0,"81":0,"82":0,"83":0,"84":0,"85":0,"86":0,"87":0,"88":0,"89":0,"90":0,"91":0,"92":0,"93":0,"94":0,"95":0,"96":0,"97":0,"98":0,"99":0,"100":0,"101":0,"102":0,"103":0,"104":0,"105":0,"106":0,"107":0,"108":0,"109":0,"110":0,"111":0,"112":0,"113":0,"114":0,"115":0,"116":0,"117":0,"118":0,"119":0,"120":0},"f":{"0":0,"1":0,"2":0,"3":0,"4":0,"5":0,"6":0,"7":0,"8":0,"9":0,"10":0},"b":{"0":[0,0],"1":[0,0],"2":[0,0],"3":[0,0],"4":[0,0],"5":[0,0],"6":[0,0],"7":[0,0],"8":[0,0],"9":[0,0],"10":[0,0],"11":[0,0],"12":[0,0],"13":[0,0],"14":[0,0],"15":[0,0],"16":[0,0],"17":[0,0],"18":[0,0],"19":[0,0],"20":[0,0],"21":[0,0],"22":[0,0],"23":[0,0],"24":[0,0],"25":[0,0],"26":[0,0],"27":[0,0],"28":[0,0],"29":[0,0],"30":[0,0,0],"31":[0,0],"32":[0,0,0],"33":[0,0],"34":[0,0],"35":[0,0,0],"36":[0,0,0],"37":[0,0],"38":[0,0],"39":[0,0],"40":[0,0],"41":[0,0],"42":[0,0]}}
,"/Users/christacollar/Documents/GitHub/kickedoutofthesky/store/js/api-config.js": {"path":"/Users/christacollar/Documents/GitHub/kickedoutofthesky/store/js/api-config.js","statementMap":{"0":{"start":{"line":7,"column":0},"end":{"line":28,"column":5}},"1":{"start":{"line":8,"column":19},"end":{"line":8,"column":43}},"2":{"start":{"line":13,"column":2},"end":{"line":22,"column":3}},"3":{"start":{"line":15,"column":4},"end":{"line":15,"column":41}},"4":{"start":{"line":16,"column":9},"end":{"line":22,"column":3}},"5":{"start":{"line":18,"column":4},"end":{"line":18,"column":40}},"6":{"start":{"line":21,"column":4},"end":{"line":21,"column":62}},"7":{"start":{"line":25,"column":2},"end":{"line":25,"column":34}},"8":{"start":{"line":27,"column":2},"end":{"line":27,"column":43}}},"fnMap":{"0":{"name":"(anonymous_0)","decl":{"start":{"line":7,"column":1},"end":{"line":7,"column":2}},"loc":{"start":{"line":7,"column":13},"end":{"line":28,"column":1}},"line":7}},"branchMap":{"0":{"loc":{"start":{"line":13,"column":2},"end":{"line":22,"column":3}},"type":"if","locations":[{"start":{"line":13,"column":2},"end":{"line":22,"column":3}},{"start":{"line":16,"column":9},"end":{"line":22,"column":3}}],"line":13},"1":{"loc":{"start":{"line":13,"column":6},"end":{"line":13,"column":58}},"type":"binary-expr","locations":[{"start":{"line":13,"column":6},"end":{"line":13,"column":30}},{"start":{"line":13,"column":34},"end":{"line":13,"column":58}}],"line":13},"2":{"loc":{"start":{"line":16,"column":9},"end":{"line":22,"column":3}},"type":"if","locations":[{"start":{"line":16,"column":9},"end":{"line":22,"column":3}},{"start":{"line":19,"column":9},"end":{"line":22,"column":3}}],"line":16}},"s":{"0":0,"1":0,"2":0,"3":0,"4":0,"5":0,"6":0,"7":0,"8":0},"f":{"0":0},"b":{"0":[0,0],"1":[0,0],"2":[0,0]}}
,"/Users/christacollar/Documents/GitHub/kickedoutofthesky/store/js/cart-display.js": {"path":"/Users/christacollar/Documents/GitHub/kickedoutofthesky/store/js/cart-display.js","statementMap":{"0":{"start":{"line":5,"column":15},"end":{"line":5,"column":17}},"1":{"start":{"line":6,"column":16},"end":{"line":6,"column":18}},"2":{"start":{"line":10,"column":2},"end":{"line":14,"column":3}},"3":{"start":{"line":11,"column":4},"end":{"line":11,"column":15}},"4":{"start":{"line":13,"column":4},"end":{"line":13,"column":49}},"5":{"start":{"line":13,"column":21},"end":{"line":13,"column":42}},"6":{"start":{"line":17,"column":0},"end":{"line":37,"column":3}},"7":{"start":{"line":19,"column":2},"end":{"line":36,"column":5}},"8":{"start":{"line":21,"column":4},"end":{"line":21,"column":68}},"9":{"start":{"line":22,"column":4},"end":{"line":22,"column":82}},"10":{"start":{"line":25,"column":4},"end":{"line":29,"column":5}},"11":{"start":{"line":26,"column":25},"end":{"line":26,"column":40}},"12":{"start":{"line":27,"column":6},"end":{"line":27,"column":64}},"13":{"start":{"line":28,"column":6},"end":{"line":28,"column":30}},"14":{"start":{"line":31,"column":4},"end":{"line":31,"column":25}},"15":{"start":{"line":32,"column":4},"end":{"line":32,"column":26}},"16":{"start":{"line":33,"column":4},"end":{"line":33,"column":18}},"17":{"start":{"line":34,"column":4},"end":{"line":34,"column":27}},"18":{"start":{"line":35,"column":4},"end":{"line":35,"column":20}},"19":{"start":{"line":40,"column":2},"end":{"line":46,"column":3}},"20":{"start":{"line":41,"column":21},"end":{"line":41,"column":56}},"21":{"start":{"line":42,"column":4},"end":{"line":42,"column":65}},"22":{"start":{"line":42,"column":22},"end":{"line":42,"column":65}},"23":{"start":{"line":43,"column":4},"end":{"line":43,"column":37}},"24":{"start":{"line":45,"column":4},"end":{"line":45,"column":52}},"25":{"start":{"line":50,"column":2},"end":{"line":57,"column":3}},"26":{"start":{"line":51,"column":21},"end":{"line":51,"column":75}},"27":{"start":{"line":52,"column":4},"end":{"line":52,"column":66}},"28":{"start":{"line":52,"column":22},"end":{"line":52,"column":66}},"29":{"start":{"line":53,"column":4},"end":{"line":53,"column":38}},"30":{"start":{"line":54,"column":4},"end":{"line":54,"column":28}},"31":{"start":{"line":56,"column":4},"end":{"line":56,"column":53}},"32":{"start":{"line":61,"column":17},"end":{"line":61,"column":60}},"33":{"start":{"line":62,"column":2},"end":{"line":62,"column":22}},"34":{"start":{"line":62,"column":15},"end":{"line":62,"column":22}},"35":{"start":{"line":65,"column":2},"end":{"line":70,"column":5}},"36":{"start":{"line":66,"column":19},"end":{"line":66,"column":51}},"37":{"start":{"line":67,"column":4},"end":{"line":67,"column":32}},"38":{"start":{"line":68,"column":4},"end":{"line":68,"column":38}},"39":{"start":{"line":69,"column":4},"end":{"line":69,"column":31}},"40":{"start":{"line":74,"column":17},"end":{"line":74,"column":60}},"41":{"start":{"line":75,"column":22},"end":{"line":75,"column":61}},"42":{"start":{"line":77,"column":2},"end":{"line":82,"column":3}},"43":{"start":{"line":78,"column":4},"end":{"line":81,"column":7}},"44":{"start":{"line":80,"column":6},"end":{"line":80,"column":49}},"45":{"start":{"line":86,"column":20},"end":{"line":86,"column":57}},"46":{"start":{"line":87,"column":22},"end":{"line":87,"column":61}},"47":{"start":{"line":88,"column":20},"end":{"line":88,"column":57}},"48":{"start":{"line":91,"column":2},"end":{"line":91,"column":36}},"49":{"start":{"line":92,"column":2},"end":{"line":92,"column":36}},"50":{"start":{"line":93,"column":2},"end":{"line":93,"column":42}},"51":{"start":{"line":94,"column":2},"end":{"line":94,"column":74}},"52":{"start":{"line":96,"column":2},"end":{"line":101,"column":3}},"53":{"start":{"line":97,"column":4},"end":{"line":97,"column":37}},"54":{"start":{"line":98,"column":4},"end":{"line":98,"column":38}},"55":{"start":{"line":99,"column":4},"end":{"line":99,"column":56}},"56":{"start":{"line":99,"column":21},"end":{"line":99,"column":56}},"57":{"start":{"line":100,"column":4},"end":{"line":100,"column":11}},"58":{"start":{"line":103,"column":2},"end":{"line":103,"column":35}},"59":{"start":{"line":104,"column":2},"end":{"line":104,"column":35}},"60":{"start":{"line":105,"column":2},"end":{"line":105,"column":55}},"61":{"start":{"line":105,"column":19},"end":{"line":105,"column":55}},"62":{"start":{"line":107,"column":2},"end":{"line":107,"column":27}},"63":{"start":{"line":109,"column":2},"end":{"line":143,"column":5}},"64":{"start":{"line":110,"column":20},"end":{"line":110,"column":73}},"65":{"start":{"line":110,"column":39},"end":{"line":110,"column":72}},"66":{"start":{"line":111,"column":4},"end":{"line":111,"column":25}},"67":{"start":{"line":111,"column":18},"end":{"line":111,"column":25}},"68":{"start":{"line":113,"column":18},"end":{"line":113,"column":54}},"69":{"start":{"line":114,"column":25},"end":{"line":114,"column":80}},"70":{"start":{"line":115,"column":22},"end":{"line":115,"column":50}},"71":{"start":{"line":117,"column":21},"end":{"line":117,"column":50}},"72":{"start":{"line":118,"column":4},"end":{"line":118,"column":54}},"73":{"start":{"line":119,"column":4},"end":{"line":120,"column":117}},"74":{"start":{"line":122,"column":4},"end":{"line":140,"column":6}},"75":{"start":{"line":142,"column":4},"end":{"line":142,"column":36}},"76":{"start":{"line":145,"column":2},"end":{"line":145,"column":22}},"77":{"start":{"line":149,"column":21},"end":{"line":149,"column":56}},"78":{"start":{"line":150,"column":18},"end":{"line":150,"column":50}},"79":{"start":{"line":152,"column":2},"end":{"line":152,"column":38}},"80":{"start":{"line":152,"column":31},"end":{"line":152,"column":38}},"81":{"start":{"line":154,"column":24},"end":{"line":154,"column":55}},"82":{"start":{"line":155,"column":26},"end":{"line":155,"column":45}},"83":{"start":{"line":157,"column":2},"end":{"line":157,"column":60}},"84":{"start":{"line":158,"column":2},"end":{"line":158,"column":57}},"85":{"start":{"line":163,"column":2},"end":{"line":169,"column":3}},"86":{"start":{"line":164,"column":4},"end":{"line":164,"column":26}},"87":{"start":{"line":166,"column":4},"end":{"line":166,"column":41}},"88":{"start":{"line":167,"column":4},"end":{"line":167,"column":18}},"89":{"start":{"line":168,"column":4},"end":{"line":168,"column":25}},"90":{"start":{"line":174,"column":2},"end":{"line":174,"column":25}},"91":{"start":{"line":175,"column":2},"end":{"line":175,"column":16}},"92":{"start":{"line":176,"column":2},"end":{"line":176,"column":23}},"93":{"start":{"line":181,"column":2},"end":{"line":183,"column":3}},"94":{"start":{"line":182,"column":4},"end":{"line":182,"column":41}},"95":{"start":{"line":185,"column":2},"end":{"line":185,"column":23}},"96":{"start":{"line":189,"column":22},"end":{"line":189,"column":61}},"97":{"start":{"line":190,"column":2},"end":{"line":192,"column":3}},"98":{"start":{"line":191,"column":4},"end":{"line":191,"column":61}},"99":{"start":{"line":196,"column":2},"end":{"line":199,"column":3}},"100":{"start":{"line":197,"column":4},"end":{"line":197,"column":32}},"101":{"start":{"line":198,"column":4},"end":{"line":198,"column":11}},"102":{"start":{"line":202,"column":24},"end":{"line":202,"column":67}},"103":{"start":{"line":203,"column":2},"end":{"line":206,"column":3}},"104":{"start":{"line":204,"column":4},"end":{"line":204,"column":46}},"105":{"start":{"line":205,"column":4},"end":{"line":205,"column":11}},"106":{"start":{"line":209,"column":21},"end":{"line":209,"column":60}},"107":{"start":{"line":210,"column":2},"end":{"line":214,"column":3}},"108":{"start":{"line":211,"column":4},"end":{"line":211,"column":76}},"109":{"start":{"line":212,"column":4},"end":{"line":212,"column":68}},"110":{"start":{"line":213,"column":4},"end":{"line":213,"column":11}},"111":{"start":{"line":216,"column":2},"end":{"line":284,"column":3}},"112":{"start":{"line":218,"column":24},"end":{"line":218,"column":63}},"113":{"start":{"line":219,"column":4},"end":{"line":219,"column":32}},"114":{"start":{"line":220,"column":4},"end":{"line":220,"column":46}},"115":{"start":{"line":223,"column":18},"end":{"line":235,"column":36}},"116":{"start":{"line":225,"column":24},"end":{"line":225,"column":77}},"117":{"start":{"line":225,"column":43},"end":{"line":225,"column":76}},"118":{"start":{"line":226,"column":8},"end":{"line":226,"column":34}},"119":{"start":{"line":226,"column":22},"end":{"line":226,"column":34}},"120":{"start":{"line":228,"column":26},"end":{"line":228,"column":86}},"121":{"start":{"line":230,"column":8},"end":{"line":233,"column":10}},"122":{"start":{"line":235,"column":22},"end":{"line":235,"column":35}},"123":{"start":{"line":238,"column":23},"end":{"line":238,"column":89}},"124":{"start":{"line":239,"column":21},"end":{"line":250,"column":6}},"125":{"start":{"line":252,"column":17},"end":{"line":252,"column":38}},"126":{"start":{"line":254,"column":4},"end":{"line":265,"column":5}},"127":{"start":{"line":256,"column":27},"end":{"line":256,"column":74}},"128":{"start":{"line":257,"column":6},"end":{"line":257,"column":53}},"129":{"start":{"line":258,"column":6},"end":{"line":258,"column":48}},"130":{"start":{"line":261,"column":26},"end":{"line":261,"column":65}},"131":{"start":{"line":262,"column":6},"end":{"line":262,"column":35}},"132":{"start":{"line":263,"column":6},"end":{"line":263,"column":54}},"133":{"start":{"line":264,"column":6},"end":{"line":264,"column":13}},"134":{"start":{"line":268,"column":4},"end":{"line":268,"column":17}},"135":{"start":{"line":271,"column":4},"end":{"line":275,"column":5}},"136":{"start":{"line":272,"column":6},"end":{"line":272,"column":38}},"137":{"start":{"line":274,"column":6},"end":{"line":274,"column":60}},"138":{"start":{"line":277,"column":4},"end":{"line":277,"column":44}},"139":{"start":{"line":278,"column":4},"end":{"line":278,"column":72}},"140":{"start":{"line":281,"column":24},"end":{"line":281,"column":63}},"141":{"start":{"line":282,"column":4},"end":{"line":282,"column":33}},"142":{"start":{"line":283,"column":4},"end":{"line":283,"column":52}}},"fnMap":{"0":{"name":"waitForCart","decl":{"start":{"line":9,"column":9},"end":{"line":9,"column":20}},"loc":{"start":{"line":9,"column":31},"end":{"line":15,"column":1}},"line":9},"1":{"name":"(anonymous_1)","decl":{"start":{"line":13,"column":15},"end":{"line":13,"column":16}},"loc":{"start":{"line":13,"column":21},"end":{"line":13,"column":42}},"line":13},"2":{"name":"(anonymous_2)","decl":{"start":{"line":17,"column":46},"end":{"line":17,"column":47}},"loc":{"start":{"line":17,"column":58},"end":{"line":37,"column":1}},"line":17},"3":{"name":"(anonymous_3)","decl":{"start":{"line":19,"column":14},"end":{"line":19,"column":15}},"loc":{"start":{"line":19,"column":26},"end":{"line":36,"column":3}},"line":19},"4":{"name":"loadProducts","decl":{"start":{"line":39,"column":15},"end":{"line":39,"column":27}},"loc":{"start":{"line":39,"column":30},"end":{"line":47,"column":1}},"line":39},"5":{"name":"loadCountries","decl":{"start":{"line":49,"column":15},"end":{"line":49,"column":28}},"loc":{"start":{"line":49,"column":31},"end":{"line":58,"column":1}},"line":49},"6":{"name":"populateCountrySelect","decl":{"start":{"line":60,"column":9},"end":{"line":60,"column":30}},"loc":{"start":{"line":60,"column":33},"end":{"line":71,"column":1}},"line":60},"7":{"name":"(anonymous_7)","decl":{"start":{"line":65,"column":20},"end":{"line":65,"column":21}},"loc":{"start":{"line":65,"column":31},"end":{"line":70,"column":3}},"line":65},"8":{"name":"setupCountrySelector","decl":{"start":{"line":73,"column":9},"end":{"line":73,"column":29}},"loc":{"start":{"line":73,"column":32},"end":{"line":83,"column":1}},"line":73},"9":{"name":"(anonymous_9)","decl":{"start":{"line":78,"column":38},"end":{"line":78,"column":39}},"loc":{"start":{"line":78,"column":44},"end":{"line":81,"column":5}},"line":78},"10":{"name":"displayCart","decl":{"start":{"line":85,"column":9},"end":{"line":85,"column":20}},"loc":{"start":{"line":85,"column":23},"end":{"line":146,"column":1}},"line":85},"11":{"name":"(anonymous_11)","decl":{"start":{"line":109,"column":21},"end":{"line":109,"column":22}},"loc":{"start":{"line":109,"column":38},"end":{"line":143,"column":3}},"line":109},"12":{"name":"(anonymous_12)","decl":{"start":{"line":110,"column":34},"end":{"line":110,"column":35}},"loc":{"start":{"line":110,"column":39},"end":{"line":110,"column":72}},"line":110},"13":{"name":"updateCartSummary","decl":{"start":{"line":148,"column":9},"end":{"line":148,"column":26}},"loc":{"start":{"line":148,"column":29},"end":{"line":159,"column":1}},"line":148},"14":{"name":"updateCartQuantity","decl":{"start":{"line":162,"column":9},"end":{"line":162,"column":27}},"loc":{"start":{"line":162,"column":45},"end":{"line":170,"column":1}},"line":162},"15":{"name":"removeFromCart","decl":{"start":{"line":173,"column":9},"end":{"line":173,"column":23}},"loc":{"start":{"line":173,"column":31},"end":{"line":177,"column":1}},"line":173},"16":{"name":"getProductImage","decl":{"start":{"line":179,"column":9},"end":{"line":179,"column":24}},"loc":{"start":{"line":179,"column":41},"end":{"line":186,"column":1}},"line":179},"17":{"name":"setupCheckout","decl":{"start":{"line":188,"column":9},"end":{"line":188,"column":22}},"loc":{"start":{"line":188,"column":25},"end":{"line":193,"column":1}},"line":188},"18":{"name":"proceedToCheckout","decl":{"start":{"line":195,"column":15},"end":{"line":195,"column":32}},"loc":{"start":{"line":195,"column":35},"end":{"line":285,"column":1}},"line":195},"19":{"name":"(anonymous_19)","decl":{"start":{"line":224,"column":11},"end":{"line":224,"column":12}},"loc":{"start":{"line":224,"column":19},"end":{"line":234,"column":7}},"line":224},"20":{"name":"(anonymous_20)","decl":{"start":{"line":225,"column":38},"end":{"line":225,"column":39}},"loc":{"start":{"line":225,"column":43},"end":{"line":225,"column":76}},"line":225},"21":{"name":"(anonymous_21)","decl":{"start":{"line":235,"column":14},"end":{"line":235,"column":15}},"loc":{"start":{"line":235,"column":22},"end":{"line":235,"column":35}},"line":235}},"branchMap":{"0":{"loc":{"start":{"line":10,"column":2},"end":{"line":14,"column":3}},"type":"if","locations":[{"start":{"line":10,"column":2},"end":{"line":14,"column":3}},{"start":{"line":12,"column":9},"end":{"line":14,"column":3}}],"line":10},"1":{"loc":{"start":{"line":10,"column":6},"end":{"line":10,"column":41}},"type":"binary-expr","locations":[{"start":{"line":10,"column":6},"end":{"line":10,"column":33}},{"start":{"line":10,"column":37},"end":{"line":10,"column":41}}],"line":10},"2":{"loc":{"start":{"line":22,"column":32},"end":{"line":22,"column":80}},"type":"cond-expr","locations":[{"start":{"line":22,"column":62},"end":{"line":22,"column":66}},{"start":{"line":22,"column":69},"end":{"line":22,"column":80}}],"line":22},"3":{"loc":{"start":{"line":25,"column":4},"end":{"line":29,"column":5}},"type":"if","locations":[{"start":{"line":25,"column":4},"end":{"line":29,"column":5}},{"start":{},"end":{}}],"line":25},"4":{"loc":{"start":{"line":25,"column":8},"end":{"line":25,"column":82}},"type":"binary-expr","locations":[{"start":{"line":25,"column":8},"end":{"line":25,"column":35}},{"start":{"line":25,"column":39},"end":{"line":25,"column":43}},{"start":{"line":25,"column":47},"end":{"line":25,"column":82}}],"line":25},"5":{"loc":{"start":{"line":42,"column":4},"end":{"line":42,"column":65}},"type":"if","locations":[{"start":{"line":42,"column":4},"end":{"line":42,"column":65}},{"start":{},"end":{}}],"line":42},"6":{"loc":{"start":{"line":52,"column":4},"end":{"line":52,"column":66}},"type":"if","locations":[{"start":{"line":52,"column":4},"end":{"line":52,"column":66}},{"start":{},"end":{}}],"line":52},"7":{"loc":{"start":{"line":62,"column":2},"end":{"line":62,"column":22}},"type":"if","locations":[{"start":{"line":62,"column":2},"end":{"line":62,"column":22}},{"start":{},"end":{}}],"line":62},"8":{"loc":{"start":{"line":77,"column":2},"end":{"line":82,"column":3}},"type":"if","locations":[{"start":{"line":77,"column":2},"end":{"line":82,"column":3}},{"start":{},"end":{}}],"line":77},"9":{"loc":{"start":{"line":77,"column":6},"end":{"line":77,"column":27}},"type":"binary-expr","locations":[{"start":{"line":77,"column":6},"end":{"line":77,"column":12}},{"start":{"line":77,"column":16},"end":{"line":77,"column":27}}],"line":77},"10":{"loc":{"start":{"line":96,"column":2},"end":{"line":101,"column":3}},"type":"if","locations":[{"start":{"line":96,"column":2},"end":{"line":101,"column":3}},{"start":{},"end":{}}],"line":96},"11":{"loc":{"start":{"line":96,"column":6},"end":{"line":96,"column":53}},"type":"binary-expr","locations":[{"start":{"line":96,"column":6},"end":{"line":96,"column":11}},{"start":{"line":96,"column":15},"end":{"line":96,"column":26}},{"start":{"line":96,"column":30},"end":{"line":96,"column":53}}],"line":96},"12":{"loc":{"start":{"line":99,"column":4},"end":{"line":99,"column":56}},"type":"if","locations":[{"start":{"line":99,"column":4},"end":{"line":99,"column":56}},{"start":{},"end":{}}],"line":99},"13":{"loc":{"start":{"line":105,"column":2},"end":{"line":105,"column":55}},"type":"if","locations":[{"start":{"line":105,"column":2},"end":{"line":105,"column":55}},{"start":{},"end":{}}],"line":105},"14":{"loc":{"start":{"line":111,"column":4},"end":{"line":111,"column":25}},"type":"if","locations":[{"start":{"line":111,"column":4},"end":{"line":111,"column":25}},{"start":{},"end":{}}],"line":111},"15":{"loc":{"start":{"line":152,"column":2},"end":{"line":152,"column":38}},"type":"if","locations":[{"start":{"line":152,"column":2},"end":{"line":152,"column":38}},{"start":{},"end":{}}],"line":152},"16":{"loc":{"start":{"line":152,"column":6},"end":{"line":152,"column":29}},"type":"binary-expr","locations":[{"start":{"line":152,"column":6},"end":{"line":152,"column":17}},{"start":{"line":152,"column":21},"end":{"line":152,"column":29}}],"line":152},"17":{"loc":{"start":{"line":163,"column":2},"end":{"line":169,"column":3}},"type":"if","locations":[{"start":{"line":163,"column":2},"end":{"line":169,"column":3}},{"start":{"line":165,"column":9},"end":{"line":169,"column":3}}],"line":163},"18":{"loc":{"start":{"line":181,"column":2},"end":{"line":183,"column":3}},"type":"if","locations":[{"start":{"line":181,"column":2},"end":{"line":183,"column":3}},{"start":{},"end":{}}],"line":181},"19":{"loc":{"start":{"line":181,"column":6},"end":{"line":181,"column":71}},"type":"binary-expr","locations":[{"start":{"line":181,"column":6},"end":{"line":181,"column":11}},{"start":{"line":181,"column":15},"end":{"line":181,"column":38}},{"start":{"line":181,"column":42},"end":{"line":181,"column":71}}],"line":181},"20":{"loc":{"start":{"line":190,"column":2},"end":{"line":192,"column":3}},"type":"if","locations":[{"start":{"line":190,"column":2},"end":{"line":192,"column":3}},{"start":{},"end":{}}],"line":190},"21":{"loc":{"start":{"line":196,"column":2},"end":{"line":199,"column":3}},"type":"if","locations":[{"start":{"line":196,"column":2},"end":{"line":199,"column":3}},{"start":{},"end":{}}],"line":196},"22":{"loc":{"start":{"line":203,"column":2},"end":{"line":206,"column":3}},"type":"if","locations":[{"start":{"line":203,"column":2},"end":{"line":206,"column":3}},{"start":{},"end":{}}],"line":203},"23":{"loc":{"start":{"line":203,"column":6},"end":{"line":203,"column":50}},"type":"binary-expr","locations":[{"start":{"line":203,"column":6},"end":{"line":203,"column":20}},{"start":{"line":203,"column":24},"end":{"line":203,"column":50}}],"line":203},"24":{"loc":{"start":{"line":210,"column":2},"end":{"line":214,"column":3}},"type":"if","locations":[{"start":{"line":210,"column":2},"end":{"line":214,"column":3}},{"start":{},"end":{}}],"line":210},"25":{"loc":{"start":{"line":226,"column":8},"end":{"line":226,"column":34}},"type":"if","locations":[{"start":{"line":226,"column":8},"end":{"line":226,"column":34}},{"start":{},"end":{}}],"line":226},"26":{"loc":{"start":{"line":238,"column":23},"end":{"line":238,"column":89}},"type":"binary-expr","locations":[{"start":{"line":238,"column":23},"end":{"line":238,"column":41}},{"start":{"line":238,"column":45},"end":{"line":238,"column":89}}],"line":238},"27":{"loc":{"start":{"line":254,"column":4},"end":{"line":265,"column":5}},"type":"if","locations":[{"start":{"line":254,"column":4},"end":{"line":265,"column":5}},{"start":{},"end":{}}],"line":254},"28":{"loc":{"start":{"line":256,"column":27},"end":{"line":256,"column":74}},"type":"binary-expr","locations":[{"start":{"line":256,"column":27},"end":{"line":256,"column":37}},{"start":{"line":256,"column":41},"end":{"line":256,"column":53}},{"start":{"line":256,"column":57},"end":{"line":256,"column":74}}],"line":256},"29":{"loc":{"start":{"line":271,"column":4},"end":{"line":275,"column":5}},"type":"if","locations":[{"start":{"line":271,"column":4},"end":{"line":275,"column":5}},{"start":{"line":273,"column":11},"end":{"line":275,"column":5}}],"line":271},"30":{"loc":{"start":{"line":278,"column":33},"end":{"line":278,"column":69}},"type":"binary-expr","locations":[{"start":{"line":278,"column":33},"end":{"line":278,"column":46}},{"start":{"line":278,"column":50},"end":{"line":278,"column":69}}],"line":278}},"s":{"0":0,"1":0,"2":0,"3":0,"4":0,"5":0,"6":0,"7":0,"8":0,"9":0,"10":0,"11":0,"12":0,"13":0,"14":0,"15":0,"16":0,"17":0,"18":0,"19":0,"20":0,"21":0,"22":0,"23":0,"24":0,"25":0,"26":0,"27":0,"28":0,"29":0,"30":0,"31":0,"32":0,"33":0,"34":0,"35":0,"36":0,"37":0,"38":0,"39":0,"40":0,"41":0,"42":0,"43":0,"44":0,"45":0,"46":0,"47":0,"48":0,"49":0,"50":0,"51":0,"52":0,"53":0,"54":0,"55":0,"56":0,"57":0,"58":0,"59":0,"60":0,"61":0,"62":0,"63":0,"64":0,"65":0,"66":0,"67":0,"68":0,"69":0,"70":0,"71":0,"72":0,"73":0,"74":0,"75":0,"76":0,"77":0,"78":0,"79":0,"80":0,"81":0,"82":0,"83":0,"84":0,"85":0,"86":0,"87":0,"88":0,"89":0,"90":0,"91":0,"92":0,"93":0,"94":0,"95":0,"96":0,"97":0,"98":0,"99":0,"100":0,"101":0,"102":0,"103":0,"104":0,"105":0,"106":0,"107":0,"108":0,"109":0,"110":0,"111":0,"112":0,"113":0,"114":0,"115":0,"116":0,"117":0,"118":0,"119":0,"120":0,"121":0,"122":0,"123":0,"124":0,"125":0,"126":0,"127":0,"128":0,"129":0,"130":0,"131":0,"132":0,"133":0,"134":0,"135":0,"136":0,"137":0,"138":0,"139":0,"140":0,"141":0,"142":0},"f":{"0":0,"1":0,"2":0,"3":0,"4":0,"5":0,"6":0,"7":0,"8":0,"9":0,"10":0,"11":0,"12":0,"13":0,"14":0,"15":0,"16":0,"17":0,"18":0,"19":0,"20":0,"21":0},"b":{"0":[0,0],"1":[0,0],"2":[0,0],"3":[0,0],"4":[0,0,0],"5":[0,0],"6":[0,0],"7":[0,0],"8":[0,0],"9":[0,0],"10":[0,0],"11":[0,0,0],"12":[0,0],"13":[0,0],"14":[0,0],"15":[0,0],"16":[0,0],"17":[0,0],"18":[0,0],"19":[0,0,0],"20":[0,0],"21":[0,0],"22":[0,0],"23":[0,0],"24":[0,0],"25":[0,0],"26":[0,0],"27":[0,0],"28":[0,0,0],"29":[0,0],"30":[0,0]}}
,"/Users/christacollar/Documents/GitHub/kickedoutofthesky/store/js/cart-notification.js": {"path":"/Users/christacollar/Documents/GitHub/kickedoutofthesky/store/js/cart-notification.js","statementMap":{"0":{"start":{"line":7,"column":23},"end":{"line":7,"column":79}},"1":{"start":{"line":8,"column":21},"end":{"line":8,"column":52}},"2":{"start":{"line":9,"column":19},"end":{"line":9,"column":44}},"3":{"start":{"line":11,"column":2},"end":{"line":11,"column":31}},"4":{"start":{"line":12,"column":2},"end":{"line":12,"column":45}},"5":{"start":{"line":14,"column":2},"end":{"line":14,"column":36}},"6":{"start":{"line":15,"column":2},"end":{"line":15,"column":27}},"7":{"start":{"line":17,"column":2},"end":{"line":17,"column":62}},"8":{"start":{"line":18,"column":2},"end":{"line":18,"column":83}},"9":{"start":{"line":20,"column":2},"end":{"line":20,"column":45}},"10":{"start":{"line":21,"column":2},"end":{"line":21,"column":50}},"11":{"start":{"line":27,"column":24},"end":{"line":27,"column":59}},"12":{"start":{"line":28,"column":20},"end":{"line":28,"column":57}},"13":{"start":{"line":30,"column":2},"end":{"line":33,"column":3}},"14":{"start":{"line":31,"column":4},"end":{"line":31,"column":45}},"15":{"start":{"line":32,"column":4},"end":{"line":32,"column":29}},"16":{"start":{"line":36,"column":22},"end":{"line":36,"column":31}},"17":{"start":{"line":37,"column":2},"end":{"line":43,"column":3}},"18":{"start":{"line":38,"column":4},"end":{"line":38,"column":75}},"19":{"start":{"line":39,"column":4},"end":{"line":42,"column":5}},"20":{"start":{"line":40,"column":6},"end":{"line":40,"column":57}},"21":{"start":{"line":41,"column":6},"end":{"line":41,"column":31}},"22":{"start":{"line":45,"column":19},"end":{"line":45,"column":53}},"23":{"start":{"line":48,"column":20},"end":{"line":48,"column":57}},"24":{"start":{"line":49,"column":21},"end":{"line":49,"column":58}},"25":{"start":{"line":51,"column":2},"end":{"line":133,"column":5}},"26":{"start":{"line":53,"column":24},"end":{"line":53,"column":53}},"27":{"start":{"line":54,"column":4},"end":{"line":72,"column":6}},"28":{"start":{"line":73,"column":4},"end":{"line":73,"column":39}},"29":{"start":{"line":74,"column":4},"end":{"line":74,"column":43}},"30":{"start":{"line":77,"column":4},"end":{"line":82,"column":11}},"31":{"start":{"line":78,"column":6},"end":{"line":78,"column":60}},"32":{"start":{"line":79,"column":6},"end":{"line":79,"column":76}},"33":{"start":{"line":80,"column":6},"end":{"line":80,"column":77}},"34":{"start":{"line":81,"column":6},"end":{"line":81,"column":71}},"35":{"start":{"line":85,"column":4},"end":{"line":132,"column":13}},"36":{"start":{"line":88,"column":6},"end":{"line":94,"column":7}},"37":{"start":{"line":90,"column":8},"end":{"line":90,"column":63}},"38":{"start":{"line":91,"column":8},"end":{"line":93,"column":16}},"39":{"start":{"line":92,"column":10},"end":{"line":92,"column":41}},"40":{"start":{"line":97,"column":6},"end":{"line":128,"column":7}},"41":{"start":{"line":97,"column":19},"end":{"line":97,"column":20}},"42":{"start":{"line":98,"column":25},"end":{"line":98,"column":54}},"43":{"start":{"line":99,"column":22},"end":{"line":99,"column":43}},"44":{"start":{"line":100,"column":25},"end":{"line":100,"column":28}},"45":{"start":{"line":101,"column":19},"end":{"line":101,"column":45}},"46":{"start":{"line":102,"column":19},"end":{"line":102,"column":45}},"47":{"start":{"line":104,"column":8},"end":{"line":116,"column":10}},"48":{"start":{"line":117,"column":8},"end":{"line":117,"column":44}},"49":{"start":{"line":120,"column":8},"end":{"line":125,"column":15}},"50":{"start":{"line":121,"column":10},"end":{"line":121,"column":58}},"51":{"start":{"line":122,"column":10},"end":{"line":122,"column":82}},"52":{"start":{"line":123,"column":10},"end":{"line":123,"column":83}},"53":{"start":{"line":124,"column":10},"end":{"line":124,"column":39}},"54":{"start":{"line":127,"column":8},"end":{"line":127,"column":49}},"55":{"start":{"line":127,"column":25},"end":{"line":127,"column":42}},"56":{"start":{"line":130,"column":6},"end":{"line":130,"column":27}},"57":{"start":{"line":131,"column":6},"end":{"line":131,"column":16}},"58":{"start":{"line":139,"column":2},"end":{"line":139,"column":18}},"59":{"start":{"line":142,"column":20},"end":{"line":142,"column":57}},"60":{"start":{"line":143,"column":2},"end":{"line":186,"column":3}},"61":{"start":{"line":144,"column":4},"end":{"line":144,"column":27}},"62":{"start":{"line":147,"column":4},"end":{"line":147,"column":59}},"63":{"start":{"line":148,"column":4},"end":{"line":150,"column":12}},"64":{"start":{"line":149,"column":6},"end":{"line":149,"column":37}},"65":{"start":{"line":153,"column":22},"end":{"line":153,"column":55}},"66":{"start":{"line":154,"column":4},"end":{"line":185,"column":5}},"67":{"start":{"line":154,"column":17},"end":{"line":154,"column":18}},"68":{"start":{"line":155,"column":23},"end":{"line":155,"column":52}},"69":{"start":{"line":156,"column":20},"end":{"line":156,"column":41}},"70":{"start":{"line":157,"column":23},"end":{"line":157,"column":26}},"71":{"start":{"line":158,"column":17},"end":{"line":158,"column":43}},"72":{"start":{"line":159,"column":17},"end":{"line":159,"column":43}},"73":{"start":{"line":161,"column":6},"end":{"line":173,"column":8}},"74":{"start":{"line":174,"column":6},"end":{"line":174,"column":42}},"75":{"start":{"line":177,"column":6},"end":{"line":182,"column":13}},"76":{"start":{"line":178,"column":8},"end":{"line":178,"column":56}},"77":{"start":{"line":179,"column":8},"end":{"line":179,"column":78}},"78":{"start":{"line":180,"column":8},"end":{"line":180,"column":79}},"79":{"start":{"line":181,"column":8},"end":{"line":181,"column":37}},"80":{"start":{"line":184,"column":6},"end":{"line":184,"column":47}},"81":{"start":{"line":184,"column":23},"end":{"line":184,"column":40}},"82":{"start":{"line":191,"column":23},"end":{"line":191,"column":52}},"83":{"start":{"line":192,"column":2},"end":{"line":192,"column":49}},"84":{"start":{"line":193,"column":2},"end":{"line":200,"column":4}},"85":{"start":{"line":202,"column":2},"end":{"line":205,"column":4}},"86":{"start":{"line":207,"column":2},"end":{"line":207,"column":42}},"87":{"start":{"line":209,"column":2},"end":{"line":212,"column":11}},"88":{"start":{"line":210,"column":4},"end":{"line":210,"column":60}},"89":{"start":{"line":211,"column":4},"end":{"line":211,"column":49}},"90":{"start":{"line":211,"column":21},"end":{"line":211,"column":42}},"91":{"start":{"line":216,"column":14},"end":{"line":216,"column":45}},"92":{"start":{"line":217,"column":0},"end":{"line":251,"column":2}},"93":{"start":{"line":252,"column":0},"end":{"line":252,"column":33}}},"fnMap":{"0":{"name":"playDingSound","decl":{"start":{"line":5,"column":9},"end":{"line":5,"column":22}},"loc":{"start":{"line":5,"column":25},"end":{"line":22,"column":1}},"line":5},"1":{"name":"createCartBurst","decl":{"start":{"line":25,"column":9},"end":{"line":25,"column":24}},"loc":{"start":{"line":25,"column":27},"end":{"line":134,"column":1}},"line":25},"2":{"name":"(anonymous_2)","decl":{"start":{"line":51,"column":21},"end":{"line":51,"column":22}},"loc":{"start":{"line":51,"column":32},"end":{"line":133,"column":3}},"line":51},"3":{"name":"(anonymous_3)","decl":{"start":{"line":77,"column":15},"end":{"line":77,"column":16}},"loc":{"start":{"line":77,"column":21},"end":{"line":82,"column":5}},"line":77},"4":{"name":"(anonymous_4)","decl":{"start":{"line":85,"column":15},"end":{"line":85,"column":16}},"loc":{"start":{"line":85,"column":21},"end":{"line":132,"column":5}},"line":85},"5":{"name":"(anonymous_5)","decl":{"start":{"line":91,"column":19},"end":{"line":91,"column":20}},"loc":{"start":{"line":91,"column":25},"end":{"line":93,"column":9}},"line":91},"6":{"name":"(anonymous_6)","decl":{"start":{"line":120,"column":19},"end":{"line":120,"column":20}},"loc":{"start":{"line":120,"column":25},"end":{"line":125,"column":9}},"line":120},"7":{"name":"(anonymous_7)","decl":{"start":{"line":127,"column":19},"end":{"line":127,"column":20}},"loc":{"start":{"line":127,"column":25},"end":{"line":127,"column":42}},"line":127},"8":{"name":"showCartBadgeBurst","decl":{"start":{"line":137,"column":9},"end":{"line":137,"column":27}},"loc":{"start":{"line":137,"column":30},"end":{"line":187,"column":1}},"line":137},"9":{"name":"(anonymous_9)","decl":{"start":{"line":148,"column":15},"end":{"line":148,"column":16}},"loc":{"start":{"line":148,"column":21},"end":{"line":150,"column":5}},"line":148},"10":{"name":"(anonymous_10)","decl":{"start":{"line":177,"column":17},"end":{"line":177,"column":18}},"loc":{"start":{"line":177,"column":23},"end":{"line":182,"column":7}},"line":177},"11":{"name":"(anonymous_11)","decl":{"start":{"line":184,"column":17},"end":{"line":184,"column":18}},"loc":{"start":{"line":184,"column":23},"end":{"line":184,"column":40}},"line":184},"12":{"name":"showCartNotification","decl":{"start":{"line":190,"column":9},"end":{"line":190,"column":29}},"loc":{"start":{"line":190,"column":43},"end":{"line":213,"column":1}},"line":190},"13":{"name":"(anonymous_13)","decl":{"start":{"line":209,"column":13},"end":{"line":209,"column":14}},"loc":{"start":{"line":209,"column":19},"end":{"line":212,"column":3}},"line":209},"14":{"name":"(anonymous_14)","decl":{"start":{"line":211,"column":15},"end":{"line":211,"column":16}},"loc":{"start":{"line":211,"column":21},"end":{"line":211,"column":42}},"line":211}},"branchMap":{"0":{"loc":{"start":{"line":7,"column":28},"end":{"line":7,"column":76}},"type":"binary-expr","locations":[{"start":{"line":7,"column":28},"end":{"line":7,"column":47}},{"start":{"line":7,"column":51},"end":{"line":7,"column":76}}],"line":7},"1":{"loc":{"start":{"line":30,"column":2},"end":{"line":33,"column":3}},"type":"if","locations":[{"start":{"line":30,"column":2},"end":{"line":33,"column":3}},{"start":{},"end":{}}],"line":30},"2":{"loc":{"start":{"line":37,"column":2},"end":{"line":43,"column":3}},"type":"if","locations":[{"start":{"line":37,"column":2},"end":{"line":43,"column":3}},{"start":{},"end":{}}],"line":37},"3":{"loc":{"start":{"line":37,"column":6},"end":{"line":37,"column":51}},"type":"binary-expr","locations":[{"start":{"line":37,"column":6},"end":{"line":37,"column":16}},{"start":{"line":37,"column":20},"end":{"line":37,"column":51}}],"line":37},"4":{"loc":{"start":{"line":39,"column":4},"end":{"line":42,"column":5}},"type":"if","locations":[{"start":{"line":39,"column":4},"end":{"line":42,"column":5}},{"start":{},"end":{}}],"line":39},"5":{"loc":{"start":{"line":45,"column":19},"end":{"line":45,"column":53}},"type":"binary-expr","locations":[{"start":{"line":45,"column":19},"end":{"line":45,"column":48}},{"start":{"line":45,"column":52},"end":{"line":45,"column":53}}],"line":45},"6":{"loc":{"start":{"line":88,"column":6},"end":{"line":94,"column":7}},"type":"if","locations":[{"start":{"line":88,"column":6},"end":{"line":94,"column":7}},{"start":{},"end":{}}],"line":88},"7":{"loc":{"start":{"line":88,"column":10},"end":{"line":88,"column":54}},"type":"binary-expr","locations":[{"start":{"line":88,"column":10},"end":{"line":88,"column":19}},{"start":{"line":88,"column":23},"end":{"line":88,"column":54}}],"line":88},"8":{"loc":{"start":{"line":143,"column":2},"end":{"line":186,"column":3}},"type":"if","locations":[{"start":{"line":143,"column":2},"end":{"line":186,"column":3}},{"start":{},"end":{}}],"line":143},"9":{"loc":{"start":{"line":143,"column":6},"end":{"line":143,"column":46}},"type":"binary-expr","locations":[{"start":{"line":143,"column":6},"end":{"line":143,"column":15}},{"start":{"line":143,"column":19},"end":{"line":143,"column":46}}],"line":143}},"s":{"0":0,"1":0,"2":0,"3":0,"4":0,"5":0,"6":0,"7":0,"8":0,"9":0,"10":0,"11":0,"12":0,"13":0,"14":0,"15":0,"16":0,"17":0,"18":0,"19":0,"20":0,"21":0,"22":0,"23":0,"24":0,"25":0,"26":0,"27":0,"28":0,"29":0,"30":0,"31":0,"32":0,"33":0,"34":0,"35":0,"36":0,"37":0,"38":0,"39":0,"40":0,"41":0,"42":0,"43":0,"44":0,"45":0,"46":0,"47":0,"48":0,"49":0,"50":0,"51":0,"52":0,"53":0,"54":0,"55":0,"56":0,"57":0,"58":0,"59":0,"60":0,"61":0,"62":0,"63":0,"64":0,"65":0,"66":0,"67":0,"68":0,"69":0,"70":0,"71":0,"72":0,"73":0,"74":0,"75":0,"76":0,"77":0,"78":0,"79":0,"80":0,"81":0,"82":0,"83":0,"84":0,"85":0,"86":0,"87":0,"88":0,"89":0,"90":0,"91":0,"92":0,"93":0},"f":{"0":0,"1":0,"2":0,"3":0,"4":0,"5":0,"6":0,"7":0,"8":0,"9":0,"10":0,"11":0,"12":0,"13":0,"14":0},"b":{"0":[0,0],"1":[0,0],"2":[0,0],"3":[0,0],"4":[0,0],"5":[0,0],"6":[0,0],"7":[0,0],"8":[0,0],"9":[0,0]}}
,"/Users/christacollar/Documents/GitHub/kickedoutofthesky/store/js/cart.js": {"path":"/Users/christacollar/Documents/GitHub/kickedoutofthesky/store/js/cart.js","statementMap":{"0":{"start":{"line":7,"column":4},"end":{"line":7,"column":34}},"1":{"start":{"line":8,"column":4},"end":{"line":8,"column":33}},"2":{"start":{"line":9,"column":4},"end":{"line":9,"column":68}},"3":{"start":{"line":10,"column":4},"end":{"line":10,"column":27}},"4":{"start":{"line":14,"column":18},"end":{"line":14,"column":55}},"5":{"start":{"line":15,"column":4},"end":{"line":15,"column":59}},"6":{"start":{"line":16,"column":4},"end":{"line":16,"column":42}},"7":{"start":{"line":20,"column":4},"end":{"line":20,"column":56}},"8":{"start":{"line":21,"column":4},"end":{"line":21,"column":70}},"9":{"start":{"line":22,"column":4},"end":{"line":22,"column":96}},"10":{"start":{"line":23,"column":4},"end":{"line":25,"column":5}},"11":{"start":{"line":24,"column":6},"end":{"line":24,"column":29}},"12":{"start":{"line":29,"column":25},"end":{"line":31,"column":5}},"13":{"start":{"line":30,"column":14},"end":{"line":30,"column":90}},"14":{"start":{"line":33,"column":4},"end":{"line":37,"column":5}},"15":{"start":{"line":34,"column":6},"end":{"line":34,"column":40}},"16":{"start":{"line":36,"column":6},"end":{"line":36,"column":61}},"17":{"start":{"line":39,"column":4},"end":{"line":39,"column":35}},"18":{"start":{"line":40,"column":4},"end":{"line":40,"column":16}},"19":{"start":{"line":44,"column":4},"end":{"line":44,"column":32}},"20":{"start":{"line":45,"column":4},"end":{"line":45,"column":20}},"21":{"start":{"line":49,"column":4},"end":{"line":54,"column":5}},"22":{"start":{"line":50,"column":6},"end":{"line":50,"column":29}},"23":{"start":{"line":52,"column":6},"end":{"line":52,"column":44}},"24":{"start":{"line":53,"column":6},"end":{"line":53,"column":22}},"25":{"start":{"line":58,"column":4},"end":{"line":58,"column":68}},"26":{"start":{"line":58,"column":44},"end":{"line":58,"column":63}},"27":{"start":{"line":62,"column":19},"end":{"line":62,"column":20}},"28":{"start":{"line":63,"column":4},"end":{"line":69,"column":7}},"29":{"start":{"line":64,"column":22},"end":{"line":64,"column":75}},"30":{"start":{"line":64,"column":41},"end":{"line":64,"column":74}},"31":{"start":{"line":65,"column":6},"end":{"line":68,"column":7}},"32":{"start":{"line":66,"column":22},"end":{"line":66,"column":77}},"33":{"start":{"line":67,"column":8},"end":{"line":67,"column":42}},"34":{"start":{"line":70,"column":4},"end":{"line":70,"column":20}},"35":{"start":{"line":75,"column":4},"end":{"line":85,"column":5}},"36":{"start":{"line":81,"column":27},"end":{"line":81,"column":74}},"37":{"start":{"line":82,"column":6},"end":{"line":84,"column":7}},"38":{"start":{"line":83,"column":8},"end":{"line":83,"column":28}},"39":{"start":{"line":88,"column":4},"end":{"line":88,"column":41}},"40":{"start":{"line":88,"column":32},"end":{"line":88,"column":41}},"41":{"start":{"line":89,"column":21},"end":{"line":89,"column":59}},"42":{"start":{"line":90,"column":4},"end":{"line":90,"column":50}},"43":{"start":{"line":94,"column":18},"end":{"line":94,"column":55}},"44":{"start":{"line":95,"column":18},"end":{"line":95,"column":33}},"45":{"start":{"line":96,"column":4},"end":{"line":103,"column":5}},"46":{"start":{"line":97,"column":6},"end":{"line":102,"column":7}},"47":{"start":{"line":98,"column":8},"end":{"line":98,"column":34}},"48":{"start":{"line":99,"column":8},"end":{"line":99,"column":37}},"49":{"start":{"line":101,"column":8},"end":{"line":101,"column":37}},"50":{"start":{"line":107,"column":4},"end":{"line":107,"column":20}},"51":{"start":{"line":108,"column":4},"end":{"line":108,"column":20}},"52":{"start":{"line":112,"column":19},"end":{"line":112,"column":21}},"53":{"start":{"line":114,"column":4},"end":{"line":136,"column":7}},"54":{"start":{"line":115,"column":22},"end":{"line":115,"column":75}},"55":{"start":{"line":115,"column":41},"end":{"line":115,"column":74}},"56":{"start":{"line":117,"column":6},"end":{"line":120,"column":7}},"57":{"start":{"line":118,"column":8},"end":{"line":118,"column":60}},"58":{"start":{"line":119,"column":8},"end":{"line":119,"column":15}},"59":{"start":{"line":122,"column":6},"end":{"line":125,"column":7}},"60":{"start":{"line":123,"column":8},"end":{"line":123,"column":99}},"61":{"start":{"line":124,"column":8},"end":{"line":124,"column":15}},"62":{"start":{"line":127,"column":6},"end":{"line":130,"column":7}},"63":{"start":{"line":128,"column":8},"end":{"line":128,"column":114}},"64":{"start":{"line":129,"column":8},"end":{"line":129,"column":15}},"65":{"start":{"line":132,"column":24},"end":{"line":132,"column":80}},"66":{"start":{"line":133,"column":6},"end":{"line":135,"column":7}},"67":{"start":{"line":134,"column":8},"end":{"line":134,"column":82}},"68":{"start":{"line":138,"column":4},"end":{"line":141,"column":6}},"69":{"start":{"line":147,"column":11},"end":{"line":147,"column":29}}},"fnMap":{"0":{"name":"(anonymous_0)","decl":{"start":{"line":6,"column":2},"end":{"line":6,"column":3}},"loc":{"start":{"line":6,"column":16},"end":{"line":11,"column":3}},"line":6},"1":{"name":"(anonymous_1)","decl":{"start":{"line":13,"column":2},"end":{"line":13,"column":3}},"loc":{"start":{"line":13,"column":13},"end":{"line":17,"column":3}},"line":13},"2":{"name":"(anonymous_2)","decl":{"start":{"line":19,"column":2},"end":{"line":19,"column":3}},"loc":{"start":{"line":19,"column":36},"end":{"line":26,"column":3}},"line":19},"3":{"name":"(anonymous_3)","decl":{"start":{"line":28,"column":2},"end":{"line":28,"column":3}},"loc":{"start":{"line":28,"column":70},"end":{"line":41,"column":3}},"line":28},"4":{"name":"(anonymous_4)","decl":{"start":{"line":30,"column":6},"end":{"line":30,"column":7}},"loc":{"start":{"line":30,"column":14},"end":{"line":30,"column":90}},"line":30},"5":{"name":"(anonymous_5)","decl":{"start":{"line":43,"column":2},"end":{"line":43,"column":3}},"loc":{"start":{"line":43,"column":20},"end":{"line":46,"column":3}},"line":43},"6":{"name":"(anonymous_6)","decl":{"start":{"line":48,"column":2},"end":{"line":48,"column":3}},"loc":{"start":{"line":48,"column":34},"end":{"line":55,"column":3}},"line":48},"7":{"name":"(anonymous_7)","decl":{"start":{"line":57,"column":2},"end":{"line":57,"column":3}},"loc":{"start":{"line":57,"column":13},"end":{"line":59,"column":3}},"line":57},"8":{"name":"(anonymous_8)","decl":{"start":{"line":58,"column":29},"end":{"line":58,"column":30}},"loc":{"start":{"line":58,"column":44},"end":{"line":58,"column":63}},"line":58},"9":{"name":"(anonymous_9)","decl":{"start":{"line":61,"column":2},"end":{"line":61,"column":3}},"loc":{"start":{"line":61,"column":29},"end":{"line":71,"column":3}},"line":61},"10":{"name":"(anonymous_10)","decl":{"start":{"line":63,"column":23},"end":{"line":63,"column":24}},"loc":{"start":{"line":63,"column":31},"end":{"line":69,"column":5}},"line":63},"11":{"name":"(anonymous_11)","decl":{"start":{"line":64,"column":36},"end":{"line":64,"column":37}},"loc":{"start":{"line":64,"column":41},"end":{"line":64,"column":74}},"line":64},"12":{"name":"(anonymous_12)","decl":{"start":{"line":73,"column":2},"end":{"line":73,"column":3}},"loc":{"start":{"line":73,"column":43},"end":{"line":91,"column":3}},"line":73},"13":{"name":"(anonymous_13)","decl":{"start":{"line":93,"column":2},"end":{"line":93,"column":3}},"loc":{"start":{"line":93,"column":20},"end":{"line":104,"column":3}},"line":93},"14":{"name":"(anonymous_14)","decl":{"start":{"line":106,"column":2},"end":{"line":106,"column":3}},"loc":{"start":{"line":106,"column":10},"end":{"line":109,"column":3}},"line":106},"15":{"name":"(anonymous_15)","decl":{"start":{"line":111,"column":2},"end":{"line":111,"column":3}},"loc":{"start":{"line":111,"column":37},"end":{"line":142,"column":3}},"line":111},"16":{"name":"(anonymous_16)","decl":{"start":{"line":114,"column":23},"end":{"line":114,"column":24}},"loc":{"start":{"line":114,"column":40},"end":{"line":136,"column":5}},"line":114},"17":{"name":"(anonymous_17)","decl":{"start":{"line":115,"column":36},"end":{"line":115,"column":37}},"loc":{"start":{"line":115,"column":41},"end":{"line":115,"column":74}},"line":115}},"branchMap":{"0":{"loc":{"start":{"line":16,"column":11},"end":{"line":16,"column":41}},"type":"cond-expr","locations":[{"start":{"line":16,"column":19},"end":{"line":16,"column":36}},{"start":{"line":16,"column":39},"end":{"line":16,"column":41}}],"line":16},"1":{"loc":{"start":{"line":19,"column":11},"end":{"line":19,"column":34}},"type":"default-arg","locations":[{"start":{"line":19,"column":29},"end":{"line":19,"column":34}}],"line":19},"2":{"loc":{"start":{"line":23,"column":4},"end":{"line":25,"column":5}},"type":"if","locations":[{"start":{"line":23,"column":4},"end":{"line":25,"column":5}},{"start":{},"end":{}}],"line":23},"3":{"loc":{"start":{"line":28,"column":45},"end":{"line":28,"column":68}},"type":"default-arg","locations":[{"start":{"line":28,"column":63},"end":{"line":28,"column":68}}],"line":28},"4":{"loc":{"start":{"line":30,"column":14},"end":{"line":30,"column":90}},"type":"binary-expr","locations":[{"start":{"line":30,"column":14},"end":{"line":30,"column":44}},{"start":{"line":30,"column":48},"end":{"line":30,"column":68}},{"start":{"line":30,"column":72},"end":{"line":30,"column":90}}],"line":30},"5":{"loc":{"start":{"line":33,"column":4},"end":{"line":37,"column":5}},"type":"if","locations":[{"start":{"line":33,"column":4},"end":{"line":37,"column":5}},{"start":{"line":35,"column":11},"end":{"line":37,"column":5}}],"line":33},"6":{"loc":{"start":{"line":49,"column":4},"end":{"line":54,"column":5}},"type":"if","locations":[{"start":{"line":49,"column":4},"end":{"line":54,"column":5}},{"start":{"line":51,"column":11},"end":{"line":54,"column":5}}],"line":49},"7":{"loc":{"start":{"line":65,"column":6},"end":{"line":68,"column":7}},"type":"if","locations":[{"start":{"line":65,"column":6},"end":{"line":68,"column":7}},{"start":{},"end":{}}],"line":65},"8":{"loc":{"start":{"line":75,"column":4},"end":{"line":85,"column":5}},"type":"if","locations":[{"start":{"line":75,"column":4},"end":{"line":85,"column":5}},{"start":{},"end":{}}],"line":75},"9":{"loc":{"start":{"line":76,"column":6},"end":{"line":79,"column":41}},"type":"binary-expr","locations":[{"start":{"line":76,"column":6},"end":{"line":76,"column":22}},{"start":{"line":77,"column":6},"end":{"line":77,"column":29}},{"start":{"line":78,"column":6},"end":{"line":78,"column":35}},{"start":{"line":79,"column":6},"end":{"line":79,"column":41}}],"line":76},"10":{"loc":{"start":{"line":82,"column":6},"end":{"line":84,"column":7}},"type":"if","locations":[{"start":{"line":82,"column":6},"end":{"line":84,"column":7}},{"start":{},"end":{}}],"line":82},"11":{"loc":{"start":{"line":82,"column":10},"end":{"line":82,"column":61}},"type":"binary-expr","locations":[{"start":{"line":82,"column":10},"end":{"line":82,"column":31}},{"start":{"line":82,"column":35},"end":{"line":82,"column":61}}],"line":82},"12":{"loc":{"start":{"line":88,"column":4},"end":{"line":88,"column":41}},"type":"if","locations":[{"start":{"line":88,"column":4},"end":{"line":88,"column":41}},{"start":{},"end":{}}],"line":88},"13":{"loc":{"start":{"line":96,"column":4},"end":{"line":103,"column":5}},"type":"if","locations":[{"start":{"line":96,"column":4},"end":{"line":103,"column":5}},{"start":{},"end":{}}],"line":96},"14":{"loc":{"start":{"line":97,"column":6},"end":{"line":102,"column":7}},"type":"if","locations":[{"start":{"line":97,"column":6},"end":{"line":102,"column":7}},{"start":{"line":100,"column":13},"end":{"line":102,"column":7}}],"line":97},"15":{"loc":{"start":{"line":117,"column":6},"end":{"line":120,"column":7}},"type":"if","locations":[{"start":{"line":117,"column":6},"end":{"line":120,"column":7}},{"start":{},"end":{}}],"line":117},"16":{"loc":{"start":{"line":122,"column":6},"end":{"line":125,"column":7}},"type":"if","locations":[{"start":{"line":122,"column":6},"end":{"line":125,"column":7}},{"start":{},"end":{}}],"line":122},"17":{"loc":{"start":{"line":127,"column":6},"end":{"line":130,"column":7}},"type":"if","locations":[{"start":{"line":127,"column":6},"end":{"line":130,"column":7}},{"start":{},"end":{}}],"line":127},"18":{"loc":{"start":{"line":133,"column":6},"end":{"line":135,"column":7}},"type":"if","locations":[{"start":{"line":133,"column":6},"end":{"line":135,"column":7}},{"start":{},"end":{}}],"line":133}},"s":{"0":0,"1":0,"2":0,"3":0,"4":0,"5":0,"6":0,"7":0,"8":0,"9":0,"10":0,"11":0,"12":0,"13":0,"14":0,"15":0,"16":0,"17":0,"18":0,"19":0,"20":0,"21":0,"22":0,"23":0,"24":0,"25":0,"26":0,"27":0,"28":0,"29":0,"30":0,"31":0,"32":0,"33":0,"34":0,"35":0,"36":0,"37":0,"38":0,"39":0,"40":0,"41":0,"42":0,"43":0,"44":0,"45":0,"46":0,"47":0,"48":0,"49":0,"50":0,"51":0,"52":0,"53":0,"54":0,"55":0,"56":0,"57":0,"58":0,"59":0,"60":0,"61":0,"62":0,"63":0,"64":0,"65":0,"66":0,"67":0,"68":0,"69":0},"f":{"0":0,"1":0,"2":0,"3":0,"4":0,"5":0,"6":0,"7":0,"8":0,"9":0,"10":0,"11":0,"12":0,"13":0,"14":0,"15":0,"16":0,"17":0},"b":{"0":[0,0],"1":[0],"2":[0,0],"3":[0],"4":[0,0,0],"5":[0,0],"6":[0,0],"7":[0,0],"8":[0,0],"9":[0,0,0,0],"10":[0,0],"11":[0,0],"12":[0,0],"13":[0,0],"14":[0,0],"15":[0,0],"16":[0,0],"17":[0,0],"18":[0,0]}}
,"/Users/christacollar/Documents/GitHub/kickedoutofthesky/store/js/product.js": {"path":"/Users/christacollar/Documents/GitHub/kickedoutofthesky/store/js/product.js","statementMap":{"0":{"start":{"line":3,"column":21},"end":{"line":3,"column":25}},"1":{"start":{"line":5,"column":0},"end":{"line":110,"column":3}},"2":{"start":{"line":6,"column":17},"end":{"line":6,"column":58}},"3":{"start":{"line":7,"column":18},"end":{"line":7,"column":52}},"4":{"start":{"line":8,"column":18},"end":{"line":8,"column":50}},"5":{"start":{"line":11,"column":17},"end":{"line":11,"column":60}},"6":{"start":{"line":12,"column":21},"end":{"line":12,"column":38}},"7":{"start":{"line":14,"column":2},"end":{"line":20,"column":3}},"8":{"start":{"line":15,"column":4},"end":{"line":15,"column":35}},"9":{"start":{"line":16,"column":4},"end":{"line":16,"column":34}},"10":{"start":{"line":17,"column":4},"end":{"line":17,"column":36}},"11":{"start":{"line":18,"column":4},"end":{"line":18,"column":94}},"12":{"start":{"line":19,"column":4},"end":{"line":19,"column":11}},"13":{"start":{"line":22,"column":2},"end":{"line":109,"column":3}},"14":{"start":{"line":24,"column":21},"end":{"line":24,"column":56}},"15":{"start":{"line":26,"column":4},"end":{"line":28,"column":5}},"16":{"start":{"line":27,"column":6},"end":{"line":27,"column":64}},"17":{"start":{"line":30,"column":21},"end":{"line":30,"column":42}},"18":{"start":{"line":31,"column":20},"end":{"line":31,"column":68}},"19":{"start":{"line":31,"column":39},"end":{"line":31,"column":67}},"20":{"start":{"line":33,"column":4},"end":{"line":39,"column":5}},"21":{"start":{"line":34,"column":6},"end":{"line":34,"column":37}},"22":{"start":{"line":35,"column":6},"end":{"line":35,"column":36}},"23":{"start":{"line":36,"column":6},"end":{"line":36,"column":38}},"24":{"start":{"line":37,"column":6},"end":{"line":37,"column":96}},"25":{"start":{"line":38,"column":6},"end":{"line":38,"column":13}},"26":{"start":{"line":41,"column":4},"end":{"line":41,"column":29}},"27":{"start":{"line":44,"column":4},"end":{"line":44,"column":35}},"28":{"start":{"line":47,"column":28},"end":{"line":47,"column":57}},"29":{"start":{"line":48,"column":25},"end":{"line":48,"column":43}},"30":{"start":{"line":49,"column":25},"end":{"line":49,"column":38}},"31":{"start":{"line":52,"column":25},"end":{"line":52,"column":49}},"32":{"start":{"line":55,"column":4},"end":{"line":100,"column":6}},"33":{"start":{"line":74,"column":51},"end":{"line":74,"column":95}},"34":{"start":{"line":103,"column":4},"end":{"line":103,"column":30}},"35":{"start":{"line":105,"column":4},"end":{"line":105,"column":51}},"36":{"start":{"line":106,"column":4},"end":{"line":106,"column":35}},"37":{"start":{"line":107,"column":4},"end":{"line":107,"column":34}},"38":{"start":{"line":108,"column":4},"end":{"line":108,"column":36}},"39":{"start":{"line":113,"column":2},"end":{"line":113,"column":30}},"40":{"start":{"line":113,"column":23},"end":{"line":113,"column":30}},"41":{"start":{"line":115,"column":21},"end":{"line":115,"column":52}},"42":{"start":{"line":116,"column":16},"end":{"line":116,"column":72}},"43":{"start":{"line":119,"column":2},"end":{"line":119,"column":73}},"44":{"start":{"line":121,"column":2},"end":{"line":136,"column":3}},"45":{"start":{"line":122,"column":22},"end":{"line":122,"column":52}},"46":{"start":{"line":123,"column":18},"end":{"line":123,"column":116}},"47":{"start":{"line":123,"column":102},"end":{"line":123,"column":115}},"48":{"start":{"line":125,"column":4},"end":{"line":130,"column":7}},"49":{"start":{"line":126,"column":21},"end":{"line":126,"column":53}},"50":{"start":{"line":127,"column":6},"end":{"line":127,"column":26}},"51":{"start":{"line":128,"column":6},"end":{"line":128,"column":32}},"52":{"start":{"line":129,"column":6},"end":{"line":129,"column":37}},"53":{"start":{"line":133,"column":4},"end":{"line":135,"column":5}},"54":{"start":{"line":134,"column":6},"end":{"line":134,"column":34}},"55":{"start":{"line":138,"column":2},"end":{"line":138,"column":22}},"56":{"start":{"line":143,"column":22},"end":{"line":143,"column":54}},"57":{"start":{"line":144,"column":24},"end":{"line":144,"column":41}},"58":{"start":{"line":146,"column":2},"end":{"line":155,"column":3}},"59":{"start":{"line":148,"column":22},"end":{"line":148,"column":60}},"60":{"start":{"line":149,"column":23},"end":{"line":149,"column":62}},"61":{"start":{"line":150,"column":4},"end":{"line":150,"column":62}},"62":{"start":{"line":153,"column":4},"end":{"line":153,"column":31}},"63":{"start":{"line":154,"column":4},"end":{"line":154,"column":18}},"64":{"start":{"line":161,"column":22},"end":{"line":161,"column":54}},"65":{"start":{"line":162,"column":2},"end":{"line":164,"column":3}},"66":{"start":{"line":163,"column":4},"end":{"line":163,"column":30}},"67":{"start":{"line":167,"column":2},"end":{"line":171,"column":3}},"68":{"start":{"line":168,"column":22},"end":{"line":168,"column":52}},"69":{"start":{"line":169,"column":23},"end":{"line":169,"column":62}},"70":{"start":{"line":170,"column":4},"end":{"line":170,"column":62}},"71":{"start":{"line":174,"column":21},"end":{"line":174,"column":71}},"72":{"start":{"line":175,"column":2},"end":{"line":182,"column":5}},"73":{"start":{"line":176,"column":28},"end":{"line":176,"column":64}},"74":{"start":{"line":177,"column":4},"end":{"line":181,"column":5}},"75":{"start":{"line":178,"column":6},"end":{"line":178,"column":47}},"76":{"start":{"line":180,"column":6},"end":{"line":180,"column":44}},"77":{"start":{"line":185,"column":2},"end":{"line":185,"column":21}},"78":{"start":{"line":186,"column":2},"end":{"line":186,"column":16}},"79":{"start":{"line":190,"column":2},"end":{"line":190,"column":30}},"80":{"start":{"line":190,"column":23},"end":{"line":190,"column":30}},"81":{"start":{"line":192,"column":22},"end":{"line":192,"column":54}},"82":{"start":{"line":193,"column":21},"end":{"line":193,"column":52}},"83":{"start":{"line":194,"column":16},"end":{"line":194,"column":77}},"84":{"start":{"line":195,"column":15},"end":{"line":195,"column":31}},"85":{"start":{"line":198,"column":2},"end":{"line":205,"column":3}},"86":{"start":{"line":199,"column":24},"end":{"line":199,"column":69}},"87":{"start":{"line":200,"column":4},"end":{"line":204,"column":5}},"88":{"start":{"line":201,"column":20},"end":{"line":201,"column":49}},"89":{"start":{"line":202,"column":6},"end":{"line":202,"column":84}},"90":{"start":{"line":203,"column":6},"end":{"line":203,"column":13}},"91":{"start":{"line":208,"column":23},"end":{"line":208,"column":54}},"92":{"start":{"line":209,"column":2},"end":{"line":209,"column":70}},"93":{"start":{"line":213,"column":22},"end":{"line":213,"column":54}},"94":{"start":{"line":214,"column":21},"end":{"line":214,"column":52}},"95":{"start":{"line":215,"column":17},"end":{"line":215,"column":59}},"96":{"start":{"line":218,"column":21},"end":{"line":218,"column":61}},"97":{"start":{"line":221,"column":20},"end":{"line":221,"column":43}},"98":{"start":{"line":224,"column":2},"end":{"line":228,"column":3}},"99":{"start":{"line":225,"column":4},"end":{"line":225,"column":28}},"100":{"start":{"line":227,"column":4},"end":{"line":227,"column":27}},"101":{"start":{"line":233,"column":2},"end":{"line":233,"column":30}},"102":{"start":{"line":233,"column":23},"end":{"line":233,"col
[...]
"end":{"line":224,"column":16}},{"start":{"line":224,"column":20},"end":{"line":224,"column":29}}],"line":224},"27":{"loc":{"start":{"line":233,"column":2},"end":{"line":233,"column":30}},"type":"if","locations":[{"start":{"line":233,"column":2},"end":{"line":233,"column":30}},{"start":{},"end":{}}],"line":233},"28":{"loc":{"start":{"line":239,"column":16},"end":{"line":239,"column":77}},"type":"binary-expr","locations":[{"start":{"line":239,"column":16},"end":{"line":239,"column":34}},{"start":{"line":239,"column":38},"end":{"line":239,"column":77}}],"line":239},"29":{"loc":{"start":{"line":241,"column":19},"end":{"line":241,"column":53}},"type":"binary-expr","locations":[{"start":{"line":241,"column":19},"end":{"line":241,"column":48}},{"start":{"line":241,"column":52},"end":{"line":241,"column":53}}],"line":241},"30":{"loc":{"start":{"line":243,"column":2},"end":{"line":246,"column":3}},"type":"if","locations":[{"start":{"line":243,"column":2},"end":{"line":246,"column":3}},{"start":{},"end":{}}],"line":243},"31":{"loc":{"start":{"line":264,"column":2},"end":{"line":275,"column":3}},"type":"if","locations":[{"start":{"line":264,"column":2},"end":{"line":275,"column":3}},{"start":{},"end":{}}],"line":264},"32":{"loc":{"start":{"line":264,"column":6},"end":{"line":264,"column":62}},"type":"binary-expr","locations":[{"start":{"line":264,"column":6},"end":{"line":264,"column":22}},{"start":{"line":264,"column":26},"end":{"line":264,"column":62}}],"line":264},"33":{"loc":{"start":{"line":266,"column":6},"end":{"line":273,"column":7}},"type":"if","locations":[{"start":{"line":266,"column":6},"end":{"line":273,"column":7}},{"start":{},"end":{}}],"line":266},"34":{"loc":{"start":{"line":266,"column":10},"end":{"line":266,"column":64}},"type":"binary-expr","locations":[{"start":{"line":266,"column":10},"end":{"line":266,"column":25}},{"start":{"line":266,"column":29},"end":{"line":266,"column":64}}],"line":266},"35":{"loc":{"start":{"line":269,"column":10},"end":{"line":271,"column":11}},"type":"if","locations":[{"start":{"line":269,"column":10},"end":{"line":271,"column":11}},{"start":{},"end":{}}],"line":269},"36":{"loc":{"start":{"line":269,"column":14},"end":{"line":269,"column":81}},"type":"binary-expr","locations":[{"start":{"line":269,"column":14},"end":{"line":269,"column":43}},{"start":{"line":269,"column":47},"end":{"line":269,"column":81}}],"line":269},"37":{"loc":{"start":{"line":278,"column":2},"end":{"line":280,"column":3}},"type":"if","locations":[{"start":{"line":278,"column":2},"end":{"line":280,"column":3}},{"start":{},"end":{}}],"line":278},"38":{"loc":{"start":{"line":288,"column":2},"end":{"line":290,"column":3}},"type":"if","locations":[{"start":{"line":288,"column":2},"end":{"line":290,"column":3}},{"start":{},"end":{}}],"line":288}},"s":{"0":0,"1":0,"2":0,"3":0,"4":0,"5":0,"6":0,"7":0,"8":0,"9":0,"10":0,"11":0,"12":0,"13":0,"14":0,"15":0,"16":0,"17":0,"18":0,"19":0,"20":0,"21":0,"22":0,"23":0,"24":0,"25":0,"26":0,"27":0,"28":0,"29":0,"30":0,"31":0,"32":0,"33":0,"34":0,"35":0,"36":0,"37":0,"38":0,"39":0,"40":0,"41":0,"42":0,"43":0,"44":0,"45":0,"46":0,"47":0,"48":0,"49":0,"50":0,"51":0,"52":0,"53":0,"54":0,"55":0,"56":0,"57":0,"58":0,"59":0,"60":0,"61":0,"62":0,"63":0,"64":0,"65":0,"66":0,"67":0,"68":0,"69":0,"70":0,"71":0,"72":0,"73":0,"74":0,"75":0,"76":0,"77":0,"78":0,"79":0,"80":0,"81":0,"82":0,"83":0,"84":0,"85":0,"86":0,"87":0,"88":0,"89":0,"90":0,"91":0,"92":0,"93":0,"94":0,"95":0,"96":0,"97":0,"98":0,"99":0,"100":0,"101":0,"102":0,"103":0,"104":0,"105":0,"106":0,"107":0,"108":0,"109":0,"110":0,"111":0,"112":0,"113":0,"114":0,"115":0,"116":0,"117":0,"118":0,"119":0,"120":0,"121":0,"122":0,"123":0,"124":0,"125":0,"126":0,"127":0,"128":0,"129":0,"130":0,"131":0},"f":{"0":0,"1":0,"2":0,"3":0,"4":0,"5":0,"6":0,"7":0,"8":0,"9":0,"10":0,"11":0,"12":0,"13":0,"14":0,"15":0},"b":{"0":[0,0],"1":[0,0],"2":[0,0],"3":[0,0],"4":[0,0],"5":[0,0],"6":[0,0],"7":[0,0],"8":[0,0],"9":[0,0],"10":[0,0],"11":[0,0,0],"12":[0,0],"13":[0,0],"14":[0,0],"15":[0,0],"16":[0,0],"17":[0,0],"18":[0,0],"19":[0,0],"20":[0,0],"21":[0,0],"22":[0,0],"23":[0,0],"24":[0,0],"25":[0,0],"26":[0,0],"27":[0,0],"28":[0,0],"29":[0,0],"30":[0,0],"31":[0,0],"32":[0,0],"33":[0,0],"34":[0,0],"35":[0,0],"36":[0,0],"37":[0,0],"38":[0,0]}}
,"/Users/christacollar/Documents/GitHub/kickedoutofthesky/store/js/sentry-init.js": {"path":"/Users/christacollar/Documents/GitHub/kickedoutofthesky/store/js/sentry-init.js","statementMap":{"0":{"start":{"line":16,"column":16},"end":{"line":16,"column":100}},"1":{"start":{"line":19,"column":20},"end":{"line":19,"column":115}},"2":{"start":{"line":21,"column":2},"end":{"line":24,"column":3}},"3":{"start":{"line":22,"column":4},"end":{"line":22,"column":72}},"4":{"start":{"line":23,"column":4},"end":{"line":23,"column":16}},"5":{"start":{"line":26,"column":2},"end":{"line":29,"column":3}},"6":{"start":{"line":27,"column":4},"end":{"line":27,"column":88}},"7":{"start":{"line":28,"column":4},"end":{"line":28,"column":16}},"8":{"start":{"line":31,"column":2},"end":{"line":116,"column":3}},"9":{"start":{"line":33,"column":19},"end":{"line":33,"column":32}},"10":{"start":{"line":35,"column":4},"end":{"line":38,"column":5}},"11":{"start":{"line":36,"column":6},"end":{"line":36,"column":95}},"12":{"start":{"line":37,"column":6},"end":{"line":37,"column":18}},"13":{"start":{"line":40,"column":4},"end":{"line":106,"column":7}},"14":{"start":{"line":82,"column":8},"end":{"line":87,"column":9}},"15":{"start":{"line":83,"column":22},"end":{"line":83,"column":66}},"16":{"start":{"line":84,"column":10},"end":{"line":86,"column":11}},"17":{"start":{"line":85,"column":12},"end":{"line":85,"column":24}},"18":{"start":{"line":90,"column":8},"end":{"line":90,"column":21}},"19":{"start":{"line":109,"column":4},"end":{"line":109,"column":27}},"20":{"start":{"line":111,"column":4},"end":{"line":111,"column":57}},"21":{"start":{"line":112,"column":4},"end":{"line":112,"column":18}},"22":{"start":{"line":114,"column":4},"end":{"line":114,"column":57}},"23":{"start":{"line":115,"column":4},"end":{"line":115,"column":16}},"24":{"start":{"line":124,"column":2},"end":{"line":126,"column":3}},"25":{"start":{"line":125,"column":4},"end":{"line":125,"column":77}},"26":{"start":{"line":134,"column":2},"end":{"line":136,"column":3}},"27":{"start":{"line":135,"column":4},"end":{"line":135,"column":49}},"28":{"start":{"line":144,"column":2},"end":{"line":146,"column":3}},"29":{"start":{"line":145,"column":4},"end":{"line":145,"column":36}},"30":{"start":{"line":154,"column":2},"end":{"line":156,"column":3}},"31":{"start":{"line":155,"column":4},"end":{"line":155,"column":37}},"32":{"start":{"line":164,"column":2},"end":{"line":166,"column":3}},"33":{"start":{"line":165,"column":4},"end":{"line":165,"column":45}},"34":{"start":{"line":167,"column":2},"end":{"line":167,"column":20}}},"fnMap":{"0":{"name":"initSentry","decl":{"start":{"line":14,"column":16},"end":{"line":14,"column":26}},"loc":{"start":{"line":14,"column":29},"end":{"line":117,"column":1}},"line":14},"1":{"name":"(anonymous_1)","decl":{"start":{"line":80,"column":6},"end":{"line":80,"column":7}},"loc":{"start":{"line":80,"column":30},"end":{"line":91,"column":7}},"line":80},"2":{"name":"captureException","decl":{"start":{"line":123,"column":16},"end":{"line":123,"column":32}},"loc":{"start":{"line":123,"column":54},"end":{"line":127,"column":1}},"line":123},"3":{"name":"captureMessage","decl":{"start":{"line":133,"column":16},"end":{"line":133,"column":30}},"loc":{"start":{"line":133,"column":56},"end":{"line":137,"column":1}},"line":133},"4":{"name":"setUserContext","decl":{"start":{"line":143,"column":16},"end":{"line":143,"column":30}},"loc":{"start":{"line":143,"column":46},"end":{"line":147,"column":1}},"line":143},"5":{"name":"setErrorTag","decl":{"start":{"line":153,"column":16},"end":{"line":153,"column":27}},"loc":{"start":{"line":153,"column":40},"end":{"line":157,"column":1}},"line":153},"6":{"name":"withScope","decl":{"start":{"line":163,"column":16},"end":{"line":163,"column":25}},"loc":{"start":{"line":163,"column":36},"end":{"line":168,"column":1}},"line":163}},"branchMap":{"0":{"loc":{"start":{"line":16,"column":16},"end":{"line":16,"column":100}},"type":"binary-expr","locations":[{"start":{"line":16,"column":16},"end":{"line":16,"column":56}},{"start":{"line":16,"column":60},"end":{"line":16,"column":100}}],"line":16},"1":{"loc":{"start":{"line":19,"column":20},"end":{"line":19,"column":115}},"type":"binary-expr","locations":[{"start":{"line":19,"column":20},"end":{"line":19,"column":37}},{"start":{"line":19,"column":41},"end":{"line":19,"column":115}}],"line":19},"2":{"loc":{"start":{"line":21,"column":2},"end":{"line":24,"column":3}},"type":"if","locations":[{"start":{"line":21,"column":2},"end":{"line":24,"column":3}},{"start":{},"end":{}}],"line":21},"3":{"loc":{"start":{"line":21,"column":6},"end":{"line":21,"column":26}},"type":"binary-expr","locations":[{"start":{"line":21,"column":6},"end":{"line":21,"column":16}},{"start":{"line":21,"column":20},"end":{"line":21,"column":26}}],"line":21},"4":{"loc":{"start":{"line":26,"column":2},"end":{"line":29,"column":3}},"type":"if","locations":[{"start":{"line":26,"column":2},"end":{"line":29,"column":3}},{"start":{},"end":{}}],"line":26},"5":{"loc":{"start":{"line":35,"column":4},"end":{"line":38,"column":5}},"type":"if","locations":[{"start":{"line":35,"column":4},"end":{"line":38,"column":5}},{"start":{},"end":{}}],"line":35},"6":{"loc":{"start":{"line":45,"column":19},"end":{"line":45,"column":87}},"type":"cond-expr","locations":[{"start":{"line":45,"column":63},"end":{"line":45,"column":75}},{"start":{"line":45,"column":78},"end":{"line":45,"column":87}}],"line":45},"7":{"loc":{"start":{"line":48,"column":15},"end":{"line":48,"column":49}},"type":"binary-expr","locations":[{"start":{"line":48,"column":15},"end":{"line":48,"column":36}},{"start":{"line":48,"column":40},"end":{"line":48,"column":49}}],"line":48},"8":{"loc":{"start":{"line":52,"column":24},"end":{"line":52,"column":73}},"type":"cond-expr","locations":[{"start":{"line":52,"column":64},"end":{"line":52,"column":67}},{"start":{"line":52,"column":70},"end":{"line":52,"column":73}}],"line":52},"9":{"loc":{"start":{"line":82,"column":8},"end":{"line":87,"column":9}},"type":"if","locations":[{"start":{"line":82,"column":8},"end":{"line":87,"column":9}},{"start":{},"end":{}}],"line":82},"10":{"loc":{"start":{"line":82,"column":12},"end":{"line":82,"column":68}},"type":"binary-expr","locations":[{"start":{"line":82,"column":12},"end":{"line":82,"column":34}},{"start":{"line":82,"column":38},"end":{"line":82,"column":68}}],"line":82},"11":{"loc":{"start":{"line":84,"column":10},"end":{"line":86,"column":11}},"type":"if","locations":[{"start":{"line":84,"column":10},"end":{"line":86,"column":11}},{"start":{},"end":{}}],"line":84},"12":{"loc":{"start":{"line":84,"column":14},"end":{"line":84,"column":75}},"type":"binary-expr","locations":[{"start":{"line":84,"column":14},"end":{"line":84,"column":39}},{"start":{"line":84,"column":43},"end":{"line":84,"column":75}}],"line":84},"13":{"loc":{"start":{"line":123,"column":40},"end":{"line":123,"column":52}},"type":"default-arg","locations":[{"start":{"line":123,"column":50},"end":{"line":123,"column":52}}],"line":123},"14":{"loc":{"start":{"line":124,"column":2},"end":{"line":126,"column":3}},"type":"if","locations":[{"start":{"line":124,"column":2},"end":{"line":126,"column":3}},{"start":{},"end":{}}],"line":124},"15":{"loc":{"start":{"line":133,"column":40},"end":{"line":133,"column":54}},"type":"default-arg","locations":[{"start":{"line":133,"column":48},"end":{"line":133,"column":54}}],"line":133},"16":{"loc":{"start":{"line":134,"column":2},"end":{"line":136,"column":3}},"type":"if","locations":[{"start":{"line":134,"column":2},"end":{"line":136,"column":3}},{"start":{},"end":{}}],"line":134},"17":{"loc":{"start":{"line":143,"column":31},"end":{"line":143,"column":44}},"type":"default-arg","locations":[{"start":{"line":143,"column":42},"end":{"line":143,"column":44}}],"line":143},"18":{"loc":{"start":{"line":144,"column":2},"end":{"line":146,"column":3}},"type":"if","locations":[{"start":{"line":144,"column":2},"end":{"line":146,"column":3}},{"start":{},"end":{}}],"line":144},"19":{"loc":{"start":{"line":154,"column":2},"end":{"line":156,"column":3}},"type":"if","locations":[{"start":{"line":154,"column":2},"end":{"line":156,"column":3}},{"start":{},"end":{}}],"line":154},"20":{"loc":{"start":{"line":164,"column":2},"end":{"line":166,"column":3}},"type":"if","locations":[{"start":{"line":164,"column":2},"end":{"line":166,"column":3}},{"start":{},"end":{}}],"line":164}},"s":{"0":0,"1":0,"2":0,"3":0,"4":0,"5":0,"6":0,"7":0,"8":0,"9":0,"10":0,"11":0,"12":0,"13":0,"14":0,"15":0,"16":0,"17":0,"18":0,"19":0,"20":0,"21":0,"22":0,"23":0,"24":0,"25":0,"26":0,"27":0,"28":0,"29":0,"30":0,"31":0,"32":0,"33":0,"34":0},"f":{"0":0,"1":0,"2":0,"3":0,"4":0,"5":0,"6":0},"b":{"0":[0,0],"1":[0,0],"2":[0,0],"3":[0,0],"4":[0,0],"5":[0,0],"6":[0,0],"7":[0,0],"8":[0,0],"9":[0,0],"10":[0,0],"11":[0,0],"12":[0,0],"13":[0],"14":[0,0],"15":[0],"16":[0,0],"17":[0],"18":[0,0],"19":[0,0],"20":[0,0]}}
,"/Users/christacollar/Documents/GitHub/kickedoutofthesky/store/js/store.js": {"path":"/Users/christacollar/Documents/GitHub/kickedoutofthesky/store/js/store.js","statementMap":{"0":{"start":{"line":2,"column":0},"end":{"line":57,"column":3}},"1":{"start":{"line":3,"column":15},"end":{"line":3,"column":55}},"2":{"start":{"line":4,"column":21},"end":{"line":4,"column":59}},"3":{"start":{"line":6,"column":2},"end":{"line":56,"column":3}},"4":{"start":{"line":8,"column":21},"end":{"line":8,"column":56}},"5":{"start":{"line":10,"column":4},"end":{"line":12,"column":5}},"6":{"start":{"line":11,"column":6},"end":{"line":11,"column":64}},"7":{"start":{"line":14,"column":21},"end":{"line":14,"column":42}},"8":{"start":{"line":17,"column":4},"end":{"line":17,"column":24}},"9":{"start":{"line":19,"column":4},"end":{"line":22,"column":5}},"10":{"start":{"line":20,"column":6},"end":{"line":20,"column":82}},"11":{"start":{"line":21,"column":6},"end":{"line":21,"column":13}},"12":{"start":{"line":24,"column":4},"end":{"line":51,"column":7}},"13":{"start":{"line":25,"column":19},"end":{"line":25,"column":48}},"14":{"start":{"line":26,"column":6},"end":{"line":26,"column":38}},"15":{"start":{"line":27,"column":6},"end":{"line":27,"column":55}},"16":{"start":{"line":28,"column":6},"end":{"line":28,"column":36}},"17":{"start":{"line":31,"column":27},"end":{"line":31,"column":51}},"18":{"start":{"line":33,"column":6},"end":{"line":44,"column":8}},"19":{"start":{"line":46,"column":6},"end":{"line":48,"column":9}},"20":{"start":{"line":47,"column":8},"end":{"line":47,"column":73}},"21":{"start":{"line":50,"column":6},"end":{"line":50,"column":29}},"22":{"start":{"line":53,"column":4},"end":{"line":53,"column":52}},"23":{"start":{"line":54,"column":4},"end":{"line":54,"column":32}},"24":{"start":{"line":55,"column":4},"end":{"line":55,"column":39}},"25":{"start":{"line":61,"column":17},"end":{"line":61,"column":19}},"26":{"start":{"line":64,"column":2},"end":{"line":75,"column":3}},"27":{"start":{"line":65,"column":4},"end":{"line":74,"column":7}},"28":{"start":{"line":66,"column":6},"end":{"line":73,"column":7}},"29":{"start":{"line":67,"column":8},"end":{"line":72,"column":11}},"30":{"start":{"line":69,"column":10},"end":{"line":71,"column":11}},"31":{"start":{"line":70,"column":12},"end":{"line":70,"column":46}},"32":{"start":{"line":78,"column":2},"end":{"line":80,"column":3}},"33":{"start":{"line":79,"column":4},"end":{"line":79,"column":33}},"34":{"start":{"line":83,"column":2},"end":{"line":83,"column":31}},"35":{"start":{"line":83,"column":24},"end":{"line":83,"column":29}},"36":{"start":{"line":84,"column":19},"end":{"line":84,"column":28}},"37":{"start":{"line":85,"column":19},"end":{"line":85,"column":44}},"38":{"start":{"line":88,"column":2},"end":{"line":90,"column":3}},"39":{"start":{"line":89,"column":4},"end":{"line":89,"column":45}},"40":{"start":{"line":93,"column":2},"end":{"line":93,"column":77}}},"fnMap":{"0":{"name":"(anonymous_0)","decl":{"start":{"line":2,"column":46},"end":{"line":2,"column":47}},"loc":{"start":{"line":2,"column":58},"end":{"line":57,"column":1}},"line":2},"1":{"name":"(anonymous_1)","decl":{"start":{"line":24,"column":21},"end":{"line":24,"column":22}},"loc":{"start":{"line":24,"column":32},"end":{"line":51,"column":5}},"line":24},"2":{"name":"(anonymous_2)","decl":{"start":{"line":46,"column":37},"end":{"line":46,"column":38}},"loc":{"start":{"line":46,"column":43},"end":{"line":48,"column":7}},"line":46},"3":{"name":"getPriceDisplay","decl":{"start":{"line":60,"column":9},"end":{"line":60,"column":24}},"loc":{"start":{"line":60,"column":34},"end":{"line":94,"column":1}},"line":60},"4":{"name":"(anonymous_4)","decl":{"start":{"line":65,"column":44},"end":{"line":65,"column":45}},"loc":{"start":{"line":65,"column":57},"end":{"line":74,"column":5}},"line":65},"5":{"name":"(anonymous_5)","decl":{"start":{"line":67,"column":47},"end":{"line":67,"column":48}},"loc":{"start":{"line":67,"column":59},"end":{"line":72,"column":9}},"line":67},"6":{"name":"(anonymous_6)","decl":{"start":{"line":83,"column":14},"end":{"line":83,"column":15}},"loc":{"start":{"line":83,"column":24},"end":{"line":83,"column":29}},"line":83}},"branchMap":{"0":{"loc":{"start":{"line":10,"column":4},"end":{"line":12,"column":5}},"type":"if","locations":[{"start":{"line":10,"column":4},"end":{"line":12,"column":5}},{"start":{},"end":{}}],"line":10},"1":{"loc":{"start":{"line":19,"column":4},"end":{"line":22,"column":5}},"type":"if","locations":[{"start":{"line":19,"column":4},"end":{"line":22,"column":5}},{"start":{},"end":{}}],"line":19},"2":{"loc":{"start":{"line":64,"column":2},"end":{"line":75,"column":3}},"type":"if","locations":[{"start":{"line":64,"column":2},"end":{"line":75,"column":3}},{"start":{},"end":{}}],"line":64},"3":{"loc":{"start":{"line":64,"column":6},"end":{"line":64,"column":62}},"type":"binary-expr","locations":[{"start":{"line":64,"column":6},"end":{"line":64,"column":22}},{"start":{"line":64,"column":26},"end":{"line":64,"column":62}}],"line":64},"4":{"loc":{"start":{"line":66,"column":6},"end":{"line":73,"column":7}},"type":"if","locations":[{"start":{"line":66,"column":6},"end":{"line":73,"column":7}},{"start":{},"end":{}}],"line":66},"5":{"loc":{"start":{"line":66,"column":10},"end":{"line":66,"column":64}},"type":"binary-expr","locations":[{"start":{"line":66,"column":10},"end":{"line":66,"column":25}},{"start":{"line":66,"column":29},"end":{"line":66,"column":64}}],"line":66},"6":{"loc":{"start":{"line":69,"column":10},"end":{"line":71,"column":11}},"type":"if","locations":[{"start":{"line":69,"column":10},"end":{"line":71,"column":11}},{"start":{},"end":{}}],"line":69},"7":{"loc":{"start":{"line":69,"column":14},"end":{"line":69,"column":81}},"type":"binary-expr","locations":[{"start":{"line":69,"column":14},"end":{"line":69,"column":43}},{"start":{"line":69,"column":47},"end":{"line":69,"column":81}}],"line":69},"8":{"loc":{"start":{"line":78,"column":2},"end":{"line":80,"column":3}},"type":"if","locations":[{"start":{"line":78,"column":2},"end":{"line":80,"column":3}},{"start":{},"end":{}}],"line":78},"9":{"loc":{"start":{"line":88,"column":2},"end":{"line":90,"column":3}},"type":"if","locations":[{"start":{"line":88,"column":2},"end":{"line":90,"column":3}},{"start":{},"end":{}}],"line":88}},"s":{"0":0,"1":0,"2":0,"3":0,"4":0,"5":0,"6":0,"7":0,"8":0,"9":0,"10":0,"11":0,"12":0,"13":0,"14":0,"15":0,"16":0,"17":0,"18":0,"19":0,"20":0,"21":0,"22":0,"23":0,"24":0,"25":0,"26":0,"27":0,"28":0,"29":0,"30":0,"31":0,"32":0,"33":0,"34":0,"35":0,"36":0,"37":0,"38":0,"39":0,"40":0},"f":{"0":0,"1":0,"2":0,"3":0,"4":0,"5":0,"6":0},"b":{"0":[0,0],"1":[0,0],"2":[0,0],"3":[0,0],"4":[0,0],"5":[0,0],"6":[0,0],"7":[0,0],"8":[0,0],"9":[0,0]}}
}
