{"/Users/christacollar/Documents/GitHub/kickedoutofthesky/scripts/fetch-printful-products.js": {"path":"/Users/christacollar/Documents/GitHub/kickedoutofthesky/scripts/fetch-printful-products.js","statementMap":{"0":{"start":{"line":3,"column":0},"end":{"line":3,"column":27}},"1":{"start":{"line":4,"column":11},"end":{"line":4,"column":24}},"2":{"start":{"line":5,"column":13},"end":{"line":5,"column":28}},"3":{"start":{"line":6,"column":14},"end":{"line":6,"column":30}},"4":{"start":{"line":8,"column":25},"end":{"line":8,"column":53}},"5":{"start":{"line":11,"column":0},"end":{"line":14,"column":1}},"6":{"start":{"line":12,"column":2},"end":{"line":12,"column":68}},"7":{"start":{"line":13,"column":2},"end":{"line":13,"column":18}},"8":{"start":{"line":16,"column":17},"end":{"line":16,"column":43}},"9":{"start":{"line":20,"column":2},"end":{"line":25,"column":3}},"10":{"start":{"line":22,"column":4},"end":{"line":22,"column":48}},"11":{"start":{"line":22,"column":39},"end":{"line":22,"column":48}},"12":{"start":{"line":24,"column":4},"end":{"line":24,"column":13}},"13":{"start":{"line":26,"column":2},"end":{"line":26,"column":48}},"14":{"start":{"line":26,"column":39},"end":{"line":26,"column":48}},"15":{"start":{"line":27,"column":2},"end":{"line":27,"column":77}},"16":{"start":{"line":27,"column":68},"end":{"line":27,"column":77}},"17":{"start":{"line":28,"column":2},"end":{"line":28,"column":49}},"18":{"start":{"line":28,"column":40},"end":{"line":28,"column":49}},"19":{"start":{"line":29,"column":2},"end":{"line":29,"column":45}},"20":{"start":{"line":29,"column":36},"end":{"line":29,"column":45}},"21":{"start":{"line":30,"column":2},"end":{"line":30,"column":11}},"22":{"start":{"line":35,"column":2},"end":{"line":64,"column":5}},"23":{"start":{"line":36,"column":20},"end":{"line":43,"column":5}},"24":{"start":{"line":45,"column":16},"end":{"line":45,"column":40}},"25":{"start":{"line":46,"column":4},"end":{"line":63,"column":27}},"26":{"start":{"line":48,"column":19},"end":{"line":48,"column":21}},"27":{"start":{"line":50,"column":8},"end":{"line":52,"column":11}},"28":{"start":{"line":51,"column":10},"end":{"line":51,"column":24}},"29":{"start":{"line":54,"column":8},"end":{"line":61,"column":11}},"30":{"start":{"line":55,"column":10},"end":{"line":60,"column":11}},"31":{"start":{"line":56,"column":27},"end":{"line":56,"column":43}},"32":{"start":{"line":57,"column":12},"end":{"line":57,"column":28}},"33":{"start":{"line":59,"column":12},"end":{"line":59,"column":72}},"34":{"start":{"line":69,"column":2},"end":{"line":217,"column":3}},"35":{"start":{"line":70,"column":4},"end":{"line":70,"column":51}},"36":{"start":{"line":73,"column":27},"end":{"line":73,"column":55}},"37":{"start":{"line":75,"column":4},"end":{"line":77,"column":5}},"38":{"start":{"line":76,"column":6},"end":{"line":76,"column":62}},"39":{"start":{"line":79,"column":20},"end":{"line":79,"column":47}},"40":{"start":{"line":80,"column":22},"end":{"line":80,"column":51}},"41":{"start":{"line":81,"column":4},"end":{"line":81,"column":71}},"42":{"start":{"line":83,"column":4},"end":{"line":83,"column":43}},"43":{"start":{"line":85,"column":25},"end":{"line":85,"column":61}},"44":{"start":{"line":87,"column":4},"end":{"line":87,"column":77}},"45":{"start":{"line":89,"column":4},"end":{"line":91,"column":5}},"46":{"start":{"line":90,"column":6},"end":{"line":90,"column":106}},"47":{"start":{"line":94,"column":21},"end":{"line":94,"column":23}},"48":{"start":{"line":95,"column":4},"end":{"line":191,"column":5}},"49":{"start":{"line":96,"column":6},"end":{"line":96,"column":85}},"50":{"start":{"line":98,"column":6},"end":{"line":190,"column":7}},"51":{"start":{"line":99,"column":33},"end":{"line":99,"column":83}},"52":{"start":{"line":101,"column":8},"end":{"line":104,"column":9}},"53":{"start":{"line":102,"column":10},"end":{"line":102,"column":77}},"54":{"start":{"line":103,"column":10},"end":{"line":103,"column":19}},"55":{"start":{"line":106,"column":25},"end":{"line":106,"column":68}},"56":{"start":{"line":107,"column":8},"end":{"line":107,"column":64}},"57":{"start":{"line":109,"column":32},"end":{"line":109,"column":34}},"58":{"start":{"line":110,"column":30},"end":{"line":110,"column":34}},"59":{"start":{"line":111,"column":34},"end":{"line":111,"column":38}},"60":{"start":{"line":112,"column":27},"end":{"line":112,"column":54}},"61":{"start":{"line":117,"column":26},"end":{"line":117,"column":58}},"62":{"start":{"line":118,"column":25},"end":{"line":118,"column":56}},"63":{"start":{"line":120,"column":8},"end":{"line":174,"column":11}},"64":{"start":{"line":124,"column":24},"end":{"line":124,"column":49}},"65":{"start":{"line":127,"column":10},"end":{"line":138,"column":11}},"66":{"start":{"line":128,"column":12},"end":{"line":128,"column":28}},"67":{"start":{"line":129,"column":12},"end":{"line":129,"column":42}},"68":{"start":{"line":131,"column":12},"end":{"line":131,"column":82}},"69":{"start":{"line":132,"column":17},"end":{"line":138,"column":11}},"70":{"start":{"line":133,"column":12},"end":{"line":133,"column":28}},"71":{"start":{"line":134,"column":12},"end":{"line":134,"column":42}},"72":{"start":{"line":136,"column":12},"end":{"line":136,"column":42}},"73":{"start":{"line":137,"column":12},"end":{"line":137,"column":42}},"74":{"start":{"line":140,"column":10},"end":{"line":145,"column":11}},"75":{"start":{"line":141,"column":12},"end":{"line":144,"column":14}},"76":{"start":{"line":147,"column":10},"end":{"line":150,"column":12}},"77":{"start":{"line":153,"column":10},"end":{"line":155,"column":11}},"78":{"start":{"line":154,"column":12},"end":{"line":154,"column":51}},"79":{"start":{"line":158,"column":10},"end":{"line":163,"column":11}},"80":{"start":{"line":159,"column":12},"end":{"line":159,"column":53}},"81":{"start":{"line":160,"column":12},"end":{"line":162,"column":15}},"82":{"start":{"line":161,"column":14},"end":{"line":161,"column":67}},"83":{"start":{"line":166,"column":10},"end":{"line":168,"column":11}},"84":{"start":{"line":167,"column":12},"end":{"line":167,"column":81}},"85":{"start":{"line":171,"column":10},"end":{"line":173,"column":11}},"86":{"start":{"line":172,"column":12},"end":{"line":172,"column":72}},"87":{"start":{"line":176,"column":29},"end":{"line":176,"column":113}},"88":{"start":{"line":178,"column":28},"end":{"line":184,"column":9}},"89":{"start":{"line":186,"column":8},"end":{"line":186,"column":35}},"90":{"start":{"line":187,"column":8},"end":{"line":187,"column":83}},"91":{"start":{"line":189,"column":8},"end":{"line":189,"column":91}},"92":{"start":{"line":193,"column":4},"end":{"line":193,"column":71}},"93":{"start":{"line":196,"column":4},"end":{"line":206,"column":7}},"94":{"start":{"line":197,"column":26},"end":{"line":204,"column":7}},"95":{"start":{"line":198,"column":8},"end":{"line":198,"column":52}},"96":{"start":{"line":198,"column":43},"end":{"line":198,"column":52}},"97":{"start":{"line":199,"column":8},"end":{"line":199,"column":47}},"98":{"start":{"line":199,"column":38},"end":{"line":199,"column":47}},"99":{"start":{"line":200,"column":8},"end":{"line":200,"column":69}},"100":{"start":{"line":200,"column":60},"end":{"line":200,"column":69}},"101":{"start":{"line":201,"column":8},"end":{"line":201,"column":48}},"102":{"start":{"line":201,"column":39},"end":{"line":201,"column":48}},"103":{"start":{"line":202,"column":8},"end":{"line":202,"column":44}},"104":{"start":{"line":202,"column":35},"end":{"line":202,"column":44}},"105":{"start":{"line":203,"column":8},"end":{"line":203,"column":17}},"106":{"start":{"line":205,"column":6},"end":{"line":205,"column":57}},"107":{"start":{"line":209,"column":23},"end":{"line":209,"column":74}},"108":{"start":{"line":210,"column":4},"end":{"line":210,"column":68}},"109":{"start":{"line":211,"column":4},"end":{"line":211,"column":45}},"110":{"start":{"line":213,"column":4},"end":{"line":213,"column":20}},"111":{"start":{"line":215,"column":4},"end":{"line":215,"column":63}},"112":{"start":{"line":216,"column":4},"end":{"line":216,"column":20}},"113":{"start":{"line":221,"column":0},"end":{"line":221,"column":16}}},"fnMap":{"0":{"name":"getImageIndex","decl":{"start":{"line":19,"column":9},"end":{"line":19,"column":22}},"loc":{"start":{"line":19,"column":37},"end":{"line":31,"column":1}},"line":19},"1":{"name":"makeRequest","decl":{"start":{"line":34,"column":9},"end":{"line":34,"column":20}},"loc":{"start":{"line":34,"column":31},"end":{"line":65,"column":1}},"line":34},"2":{"name":"(anonymous_2)","decl":{"start":{"line":35,"column":21},"end":{"line":35,"column":22}},"loc":{"start":{"line":35,"column":42},"end":{"line":64,"column":3}},"line":35},"3":{"name":"(anonymous_3)","decl":{"start":{"line":47,"column":25},"end":{"line":47,"column":26}},"loc":{"start":{"line":47,"column":32},"end":{"line":62,"column":7}},"line":47},"4":{"name":"(anonymous_4)","decl":{"start":{"line":50,"column":23},"end":{"line":50,"column":24}},"loc":{"start":{"line":50,"column":32},"end":{"line":52,"column":9}},"line":50},"5":{"name":"(anonymous_5)","decl":{"start":{"line":54,"column":22},"end":{"line":54,"column":23}},"loc":{"start":{"line":54,"column":28},"end":{"line":61,"column":9}},"line":54},"6":{"name":"fetchProducts","decl":{"start":{"line":68,"column":15},"end":{"line":68,"column":28}},"loc":{"start":{"line":68,"column":31},"end":{"line":218,"column":1}},"line":68},"7":{"name":"(anonymous_7)","decl":{"start":{"line":120,"column":25},"end":{"line":120,"column":26}},"loc":{"start":{"line":120,"column":36},"end":{"line":174,"column":9}},"line":120},"8":{"name":"(anonymous_8)","decl":{"start":{"line":160,"column":34},"end":{"line":160,"column":35}},"loc":{"start":{"line":160,"column":49},"end":{"line":162,"column":13}},"line":160},"9":{"name":"(anonymous_9)","decl":{"start":{"line":196,"column":18},"end":{"line":196,"column":19}},"loc":{"start":{"line":196,"column":28},"end":{"line":206,"column":5}},"line":196},"10":{"name":"(anonymous_10)","decl":{"start":{"line":197,"column":26},"end":{"line":197,"column":27}},"loc":{"start":{"line":197,"column":35},"end":{"line":204,"column":7}},"line":197}},"branchMap":{"0":{"loc":{"start":{"line":11,"column":0},"end":{"line":14,"column":1}},"type":"if","locations":[{"start":{"line":11,"column":0},"end":{"line":14,"column":1}},{"start":{},"end":{}}],"line":11},"1":{"loc":{"start":{"line":20,"column":2},"end":{"line":25,"column":3}},"type":"if","locations":[{"start":{"line":20,"column":2},"end":{"line":25,"column":3}},{"start":{},"end":{}}],"line":20},"2":{"loc":{"start":{"line":22,"column":4},"end":{"line":22,"column":48}},"type":"if","locations":[{"start":{"line":22,"column":4},"end":{"line":22,"column":48}},{"start":{},"end":{}}],"line":22},"3":{"loc":{"start":{"line":26,"column":2},"end":{"line":26,"column":48}},"type":"if","locations":[{"start":{"line":26,"column":2},"end":{"line":26,"column":48}},{"start":{},"end":{}}],"line":26},"4":{"loc":{"start":{"line":27,"column":2},"end":{"line":27,"column":77}},"type":"if","locations":[{"start":{"line":27,"column":2},"end":{"line":27,"column":77}},{"start":{},"end":{}}],"line":27},"5":{"loc":{"start":{"line":27,"column":6},"end":{"line":27,"column":66}},"type":"binary-expr","locations":[{"start":{"line":27,"column":6},"end":{"line":27,"column":34}},{"start":{"line":27,"column":38},"end":{"line":27,"column":66}}],"line":27},"6":{"loc":{"start":{"line":28,"column":2},"end":{"line":28,"column":49}},"type":"if","locations":[{"start":{"line":28,"column":2},"end":{"line":28,"column":49}},{"start":{},"end":{}}],"line":28},"7":{"loc":{"start":{"line":29,"column":2},"end":{"line":29,"column":45}},"type":"if","locations":[{"start":{"line":29,"column":2},"end":{"line":29,"column":45}},{"start":{},"end":{}}],"line":29},"8":{"loc":{"start":{"line":75,"column":4},"end":{"line":77,"column":5}},"type":"if","locations":[{"start":{"line":75,"column":4},"end":{"line":77,"column":5}},{"start":{},"end":{}}],"line":75},"9":{"loc":{"start":{"line":75,"column":8},"end":{"line":75,"column":68}},"type":"binary-expr","locations":[{"start":{"line":75,"column":8},"end":{"line":75,"column":30}},{"start":{"line":75,"column":34},"end":{"line":75,"column":68}}],"line":75},"10":{"loc":{"start":{"line":89,"column":4},"end":{"line":91,"column":5}},"type":"if","locations":[{"start":{"line":89,"column":4},"end":{"line":91,"column":5}},{"start":{},"end":{}}],"line":89},"11":{"loc":{"start":{"line":89,"column":8},"end":{"line":89,"column":67}},"type":"binary-expr","locations":[{"start":{"line":89,"column":8},"end":{"line":89,"column":28}},{"start":{"line":89,"column":32},"end":{"line":89,"column":67}}],"line":89},"12":{"loc":{"start":{"line":101,"column":8},"end":{"line":104,"column":9}},"type":"if","locations":[{"start":{"line":101,"column":8},"end":{"line":104,"column":9}},{"start":{},"end":{}}],"line":101},"13":{"loc":{"start":{"line":101,"column":12},"end":{"line":101,"column":78}},"type":"binary-expr","locations":[{"start":{"line":101,"column":12},"end":{"line":101,"column":36}},{"start":{"line":101,"column":40},"end":{"line":101,"column":78}}],"line":101},"14":{"loc":{"start":{"line":106,"column":25},"end":{"line":106,"column":68}},"type":"binary-expr","locations":[{"start":{"line":106,"column":25},"end":{"line":106,"column":62}},{"start":{"line":106,"column":66},"end":{"line":106,"column":68}}],"line":106},"15":{"loc":{"start":{"line":127,"column":10},"end":{"line":138,"column":11}},"type":"if","locations":[{"start":{"line":127,"column":10},"end":{"line":138,"column":11}},{"start":{"line":132,"column":17},"end":{"line":138,"column":11}}],"line":127},"16":{"loc":{"start":{"line":129,"column":19},"end":{"line":129,"column":41}},"type":"binary-expr","locations":[{"start":{"line":129,"column":19},"end":{"line":129,"column":27}},{"start":{"line":129,"column":31},"end":{"line":129,"column":41}}],"line":129},"17":{"loc":{"start":{"line":132,"column":17},"end":{"line":138,"column":11}},"type":"if","locations":[{"start":{"line":132,"column":17},"end":{"line":138,"column":11}},{"start":{"line":135,"column":17},"end":{"line":138,"column":11}}],"line":132},"18":{"loc":{"start":{"line":134,"column":19},"end":{"line":134,"column":41}},"type":"binary-expr","locations":[{"start":{"line":134,"column":19},"end":{"line":134,"column":27}},{"start":{"line":134,"column":31},"end":{"line":134,"column":41}}],"line":134},"19":{"loc":{"start":{"line":136,"column":20},"end":{"line":136,"column":41}},"type":"binary-expr","locations":[{"start":{"line":136,"column":20},"end":{"line":136,"column":28}},{"start":{"line":136,"column":32},"end":{"line":136,"column":41}}],"line":136},"20":{"loc":{"start":{"line":137,"column":19},"end":{"line":137,"column":41}},"type":"binary-expr","locations":[{"start":{"line":137,"column":19},"end":{"line":137,"column":27}},{"start":{"line":137,"column":31},"end":{"line":137,"column":41}}],"line":137},"21":{"loc":{"start":{"line":140,"column":10},"end":{"line":145,"column":11}},"type":"if","locations":[{"start":{"line":140,"column":10},"end":{"line":145,"column":11}},{"start":{},"end":{}}],"line":140},"22":{"loc":{"start":{"line":149,"column":25},"end":{"line":149,"column":105}},"type":"cond-expr","locations":[{"start":{"line":149,"column":48},"end":{"line":149,"column":98}},{"start":{"line":149,"column":101},"end":{"line":149,"column":105}}],"line":149},"23":{"loc":{"start":{"line":153,"column":10},"end":{"line":155,"column":11}},"type":"if","locations":[{"start":{"line":153,"column":10},"end":{"line":155,"column":11}},{"start":{},"end":{}}],"line":153},"24":{"loc":{"start":{"line":153,"column":14},"end":{"line":153,"column":54}},"type":"binary-expr","locations":[{"start":{"line":153,"column":14},"end":{"line":153,"column":30}},{"start":{"line":153,"column":34},"end":{"line":153,"column":54}}],"line":153},"25":{"loc":{"start":{"line":158,"column":10},"end":{"line":163,"column":11}},"type":"if","locations":[{"start":{"line":158,"column":10},"end":{"line":163,"column":11}},{"start":{},"end":{}}],"line":158},"26":{"loc":{"start":{"line":158,"column":14},"end":{"line":158,"column":55}},"type":"binary-expr","locations":[{"start":{"line":158,"column":14},"end":{"line":158,"column":27}},{"start":{"line":158,"column":31},"end":{"line":158,"column":55}}],"line":158},"27":{"loc":{"start":{"line":166,"column":10},"end":{"line":168,"column":11}},"type":"if","locations":[{"start":{"line":166,"column":10},"end":{"line":168,"column":11}},{"start":{},"end":{}}],"line":166},"28":{"loc":{"start":{"line":166,"column":14},"end":{"line":166,"column":97}},"type":"binary-expr","locations":[{"start":{"line":166,"column":14},"end":{"line":166,"column":43}},{"start":{"line":166,"column":47},"end":{"line":166,"column":60}},{"start":{"line":166,"column":64},"end":{"line":166,"column":97}}],"line":166},"29":{"loc":{"start":{"line":171,"column":10},"end":{"line":173,"column":11}},"type":"if","locations":[{"start":{"line":171,"column":10},"end":{"line":173,"column":11}},{"start":{},"end":{}}],"line":171},"30":{"loc":{"start":{"line":171,"column":14},"end":{"line":171,"column":88}},"type":"binary-expr","locations":[{"start":{"line":171,"column":14},"end":{"line":171,"column":34}},{"start":{"line":171,"column":38},"end":{"line":171,"column":51}},{"start":{"line":171,"column":55},"end":{"line":171,"column":88}}],"line":171},"31":{"loc":{"start":{"line":176,"column":29},"end":{"line":176,"column":113}},"type":"cond-expr","locations":[{"start":{"line":176,"column":47},"end":{"line":176,"column":91}},{"start":{"line":176,"column":94},"end":{"line":176,"column":113}}],"line":176},"32":{"loc":{"start":{"line":181,"column":17},"end":{"line":181,"column":103}},"type":"binary-expr","locations":[{"start":{"line":181,"column":17},"end":{"line":181,"column":38}},{"start":{"line":181,"column":42},"end":{"line":181,"column":61}},{"start":{"line":181,"column":65},"end":{"line":181,"column":103}}],"line":181},"33":{"loc":{"start":{"line":198,"column":8},"end":{"line":198,"column":52}},"type":"if","locations":[{"start":{"line":198,"column":8},"end":{"line":198,"column":52}},{"start":{},"end":{}}],"line":198},"34":{"loc":{"start":{"line":199,"column":8},"end":{"line":199,"column":47}},"type":"if","locations":[{"start":{"line":199,"column":8},"end":{"line":199,"column":47}},{"start":{},"end":{}}],"line":199},"35":{"loc":{"start":{"line":200,"column":8},"end":{"line":200,"column":69}},"type":"if","locations":[{"start":{"line":200,"column":8},"end":{"line":200,"column":69}},{"start":{},"end":{}}],"line":200},"36":{"loc":{"start":{"line":200,"column":12},"end":{"line":200,"column":58}},"type":"binary-expr","locations":[{"start":{"line":200,"column":12},"end":{"line":200,"column":33}},{"start":{"line":200,"column":37},"end":{"line":200,"column":58}}],"line":200},"37":{"loc":{"start":{"line":201,"column":8},"end":{"line":201,"column":48}},"type":"if","locations":[{"start":{"line":201,"column":8},"end":{"line":201,"column":48}},{"start":{},"end":{}}],"line":201},"38":{"loc":{"start":{"line":202,"column":8},"end":{"line":202,"column":44}},"type":"if","locations":[{"start":{"line":202,"column":8},"end":{"line":202,"column":44}},{"start":{},"end":{}}],"line":202}},"s":{"0":0,"1":0,"2":0,"3":0,"4":0,"5":0,"6":0,"7":0,"8":0,"9":0,"10":0,"11":0,"12":0,"13":0,"14":0,"15":0,"16":0,"17":0,"18":0,"19":0,"20":0,"21":0,"22":0,"23":0,"24":0,"25":0,"26":0,"27":0,"28":0,"29":0,"30":0,"31":0,"32":0,"33":0,"34":0,"35":0,"36":0,"37":0,"38":0,"39":0,"40":0,"41":0,"42":0,"43":0,"44":0,"45":0,"46":0,"47":0,"48":0,"49":0,"50":0,"51":0,"52":0,"53":0,"54":0,"55":0,"56":0,"57":0,"58":0,"59":0,"60":0,"61":0,"62":0,"63":0,"64":0,"65":0,"66":0,"67":0,"68":0,"69":0,"70":0,"71":0,"72":0,"73":0,"74":0,"75":0,"76":0,"77":0,"78":0,"79":0,"80":0,"81":0,"82":0,"83":0,"84":0,"85":0,"86":0,"87":0,"88":0,"89":0,"90":0,"91":0,"92":0,"93":0,"94":0,"95":0,"96":0,"97":0,"98":0,"99":0,"100":0,"101":0,"102":0,"103":0,"104":0,"105":0,"106":0,"107":0,"108":0,"109":0,"110":0,"111":0,"112":0,"113":0},"f":{"0":0,"1":0,"2":0,"3":0,"4":0,"5":0,"6":0,"7":0,"8":0,"9":0,"10":0},"b":{"0":[0,0],"1":[0,0],"2":[0,0],"3":[0,0],"4":[0,0],"5":[0,0],"6":[0,0],"7":[0,0],"8":[0,0],"9":[0,0],"10":[0,0],"11":[0,0],"12":[0,0],"13":[0,0],"14":[0,0],"15":[0,0],"16":[0,0],"17":[0,0],"18":[0,0],"19":[0,0],"20":[0,0],"21":[0,0],"22":[0,0],"23":[0,0],"24":[0,0],"25":[0,0],"26":[0,0],"27":[0,0],"28":[0,0,0],"29":[0,0],"30":[0,0,0],"31":[0,0],"32":[0,0,0],"33":[0,0],"34":[0,0],"35":[0,0],"36":[0,0],"37":[0,0],"38":[0,0]}}
,"/Users/christacollar/Documents/GitHub/kickedoutofthesky/store/js/cart-display.js": {"path":"/Users/christacollar/Documents/GitHub/kickedoutofthesky/store/js/cart-display.js","statementMap":{"0":{"start":{"line":4,"column":15},"end":{"line":4,"column":17}},"1":{"start":{"line":8,"column":2},"end":{"line":12,"column":3}},"2":{"start":{"line":9,"column":4},"end":{"line":9,"column":15}},"3":{"start":{"line":11,"column":4},"end":{"line":11,"column":49}},"4":{"start":{"line":11,"column":21},"end":{"line":11,"column":42}},"5":{"start":{"line":15,"column":0},"end":{"line":33,"column":3}},"6":{"start":{"line":17,"column":2},"end":{"line":32,"column":5}},"7":{"start":{"line":19,"column":4},"end":{"line":19,"column":68}},"8":{"start":{"line":20,"column":4},"end":{"line":20,"column":82}},"9":{"start":{"line":23,"column":4},"end":{"line":27,"column":5}},"10":{"start":{"line":24,"column":25},"end":{"line":24,"column":40}},"11":{"start":{"line":25,"column":6},"end":{"line":25,"column":64}},"12":{"start":{"line":26,"column":6},"end":{"line":26,"column":30}},"13":{"start":{"line":29,"column":4},"end":{"line":29,"column":25}},"14":{"start":{"line":30,"column":4},"end":{"line":30,"column":18}},"15":{"start":{"line":31,"column":4},"end":{"line":31,"column":20}},"16":{"start":{"line":36,"column":2},"end":{"line":42,"column":3}},"17":{"start":{"line":37,"column":21},"end":{"line":37,"column":56}},"18":{"start":{"line":38,"column":4},"end":{"line":38,"column":65}},"19":{"start":{"line":38,"column":22},"end":{"line":38,"column":65}},"20":{"start":{"line":39,"column":4},"end":{"line":39,"column":37}},"21":{"start":{"line":41,"column":4},"end":{"line":41,"column":52}},"22":{"start":{"line":46,"column":20},"end":{"line":46,"column":57}},"23":{"start":{"line":47,"column":22},"end":{"line":47,"column":61}},"24":{"start":{"line":48,"column":20},"end":{"line":48,"column":57}},"25":{"start":{"line":51,"column":2},"end":{"line":51,"column":36}},"26":{"start":{"line":52,"column":2},"end":{"line":52,"column":36}},"27":{"start":{"line":53,"column":2},"end":{"line":53,"column":42}},"28":{"start":{"line":54,"column":2},"end":{"line":54,"column":74}},"29":{"start":{"line":56,"column":2},"end":{"line":61,"column":3}},"30":{"start":{"line":57,"column":4},"end":{"line":57,"column":37}},"31":{"start":{"line":58,"column":4},"end":{"line":58,"column":38}},"32":{"start":{"line":59,"column":4},"end":{"line":59,"column":56}},"33":{"start":{"line":59,"column":21},"end":{"line":59,"column":56}},"34":{"start":{"line":60,"column":4},"end":{"line":60,"column":11}},"35":{"start":{"line":63,"column":2},"end":{"line":63,"column":35}},"36":{"start":{"line":64,"column":2},"end":{"line":64,"column":35}},"37":{"start":{"line":65,"column":2},"end":{"line":65,"column":55}},"38":{"start":{"line":65,"column":19},"end":{"line":65,"column":55}},"39":{"start":{"line":67,"column":2},"end":{"line":67,"column":27}},"40":{"start":{"line":69,"column":2},"end":{"line":102,"column":5}},"41":{"start":{"line":70,"column":20},"end":{"line":70,"column":73}},"42":{"start":{"line":70,"column":39},"end":{"line":70,"column":72}},"43":{"start":{"line":71,"column":4},"end":{"line":71,"column":25}},"44":{"start":{"line":71,"column":18},"end":{"line":71,"column":25}},"45":{"start":{"line":73,"column":18},"end":{"line":73,"column":54}},"46":{"start":{"line":74,"column":25},"end":{"line":74,"column":80}},"47":{"start":{"line":75,"column":22},"end":{"line":75,"column":50}},"48":{"start":{"line":77,"column":21},"end":{"line":77,"column":50}},"49":{"start":{"line":78,"column":4},"end":{"line":79,"column":117}},"50":{"start":{"line":81,"column":4},"end":{"line":99,"column":6}},"51":{"start":{"line":101,"column":4},"end":{"line":101,"column":36}},"52":{"start":{"line":104,"column":2},"end":{"line":104,"column":22}},"53":{"start":{"line":108,"column":21},"end":{"line":108,"column":56}},"54":{"start":{"line":109,"column":18},"end":{"line":109,"column":50}},"55":{"start":{"line":111,"column":2},"end":{"line":111,"column":38}},"56":{"start":{"line":111,"column":31},"end":{"line":111,"column":38}},"57":{"start":{"line":113,"column":24},"end":{"line":113,"column":55}},"58":{"start":{"line":114,"column":26},"end":{"line":114,"column":45}},"59":{"start":{"line":116,"column":2},"end":{"line":116,"column":60}},"60":{"start":{"line":117,"column":2},"end":{"line":117,"column":57}},"61":{"start":{"line":121,"column":2},"end":{"line":127,"column":3}},"62":{"start":{"line":122,"column":4},"end":{"line":122,"column":26}},"63":{"start":{"line":124,"column":4},"end":{"line":124,"column":41}},"64":{"start":{"line":125,"column":4},"end":{"line":125,"column":18}},"65":{"start":{"line":126,"column":4},"end":{"line":126,"column":25}},"66":{"start":{"line":131,"column":2},"end":{"line":131,"column":25}},"67":{"start":{"line":132,"column":2},"end":{"line":132,"column":16}},"68":{"start":{"line":133,"column":2},"end":{"line":133,"column":23}},"69":{"start":{"line":138,"column":2},"end":{"line":140,"column":3}},"70":{"start":{"line":139,"column":4},"end":{"line":139,"column":41}},"71":{"start":{"line":142,"column":2},"end":{"line":142,"column":23}},"72":{"start":{"line":146,"column":22},"end":{"line":146,"column":61}},"73":{"start":{"line":147,"column":2},"end":{"line":149,"column":3}},"74":{"start":{"line":148,"column":4},"end":{"line":148,"column":61}},"75":{"start":{"line":153,"column":2},"end":{"line":156,"column":3}},"76":{"start":{"line":154,"column":4},"end":{"line":154,"column":32}},"77":{"start":{"line":155,"column":4},"end":{"line":155,"column":11}},"78":{"start":{"line":159,"column":21},"end":{"line":159,"column":60}},"79":{"start":{"line":160,"column":2},"end":{"line":164,"column":3}},"80":{"start":{"line":161,"column":4},"end":{"line":161,"column":76}},"81":{"start":{"line":162,"column":4},"end":{"line":162,"column":68}},"82":{"start":{"line":163,"column":4},"end":{"line":163,"column":11}},"83":{"start":{"line":166,"column":2},"end":{"line":227,"column":3}},"84":{"start":{"line":168,"column":18},"end":{"line":185,"column":36}},"85":{"start":{"line":170,"column":24},"end":{"line":170,"column":77}},"86":{"start":{"line":170,"column":43},"end":{"line":170,"column":76}},"87":{"start":{"line":171,"column":8},"end":{"line":171,"column":34}},"88":{"start":{"line":171,"column":22},"end":{"line":171,"column":34}},"89":{"start":{"line":173,"column":26},"end":{"line":173,"column":86}},"90":{"start":{"line":174,"column":27},"end":{"line":174,"column":82}},"91":{"start":{"line":176,"column":8},"end":{"line":183,"column":10}},"92":{"start":{"line":185,"column":22},"end":{"line":185,"column":35}},"93":{"start":{"line":188,"column":21},"end":{"line":198,"column":6}},"94":{"start":{"line":200,"column":17},"end":{"line":200,"column":38}},"95":{"start":{"line":202,"column":4},"end":{"line":208,"column":5}},"96":{"start":{"line":204,"column":27},"end":{"line":204,"column":74}},"97":{"start":{"line":205,"column":6},"end":{"line":205,"column":53}},"98":{"start":{"line":206,"column":6},"end":{"line":206,"column":48}},"99":{"start":{"line":207,"column":6},"end":{"line":207,"column":13}},"100":{"start":{"line":211,"column":4},"end":{"line":213,"column":5}},"101":{"start":{"line":212,"column":6},"end":{"line":212,"column":66}},"102":{"start":{"line":216,"column":4},"end":{"line":216,"column":17}},"103":{"start":{"line":219,"column":4},"end":{"line":223,"column":5}},"104":{"start":{"line":220,"column":6},"end":{"line":220,"column":38}},"105":{"start":{"line":222,"column":6},"end":{"line":222,"column":60}},"106":{"start":{"line":225,"column":4},"end":{"line":225,"column":44}},"107":{"start":{"line":226,"column":4},"end":{"line":226,"column":72}}},"fnMap":{"0":{"name":"waitForCart","decl":{"start":{"line":7,"column":9},"end":{"line":7,"column":20}},"loc":{"start":{"line":7,"column":31},"end":{"line":13,"column":1}},"line":7},"1":{"name":"(anonymous_1)","decl":{"start":{"line":11,"column":15},"end":{"line":11,"column":16}},"loc":{"start":{"line":11,"column":21},"end":{"line":11,"column":42}},"line":11},"2":{"name":"(anonymous_2)","decl":{"start":{"line":15,"column":46},"end":{"line":15,"column":47}},"loc":{"start":{"line":15,"column":58},"end":{"line":33,"column":1}},"line":15},"3":{"name":"(anonymous_3)","decl":{"start":{"line":17,"column":14},"end":{"line":17,"column":15}},"loc":{"start":{"line":17,"column":26},"end":{"line":32,"column":3}},"line":17},"4":{"name":"loadProducts","decl":{"start":{"line":35,"column":15},"end":{"line":35,"column":27}},"loc":{"start":{"line":35,"column":30},"end":{"line":43,"column":1}},"line":35},"5":{"name":"displayCart","decl":{"start":{"line":45,"column":9},"end":{"line":45,"column":20}},"loc":{"start":{"line":45,"column":23},"end":{"line":105,"column":1}},"line":45},"6":{"name":"(anonymous_6)","decl":{"start":{"line":69,"column":21},"end":{"line":69,"column":22}},"loc":{"start":{"line":69,"column":38},"end":{"line":102,"column":3}},"line":69},"7":{"name":"(anonymous_7)","decl":{"start":{"line":70,"column":34},"end":{"line":70,"column":35}},"loc":{"start":{"line":70,"column":39},"end":{"line":70,"column":72}},"line":70},"8":{"name":"updateCartSummary","decl":{"start":{"line":107,"column":9},"end":{"line":107,"column":26}},"loc":{"start":{"line":107,"column":29},"end":{"line":118,"column":1}},"line":107},"9":{"name":"updateCartQuantity","decl":{"start":{"line":120,"column":9},"end":{"line":120,"column":27}},"loc":{"start":{"line":120,"column":45},"end":{"line":128,"column":1}},"line":120},"10":{"name":"removeFromCart","decl":{"start":{"line":130,"column":9},"end":{"line":130,"column":23}},"loc":{"start":{"line":130,"column":31},"end":{"line":134,"column":1}},"line":130},"11":{"name":"getProductImage","decl":{"start":{"line":136,"column":9},"end":{"line":136,"column":24}},"loc":{"start":{"line":136,"column":41},"end":{"line":143,"column":1}},"line":136},"12":{"name":"setupCheckout","decl":{"start":{"line":145,"column":9},"end":{"line":145,"column":22}},"loc":{"start":{"line":145,"column":25},"end":{"line":150,"column":1}},"line":145},"13":{"name":"proceedToCheckout","decl":{"start":{"line":152,"column":15},"end":{"line":152,"column":32}},"loc":{"start":{"line":152,"column":35},"end":{"line":228,"column":1}},"line":152},"14":{"name":"(anonymous_14)","decl":{"start":{"line":169,"column":11},"end":{"line":169,"column":12}},"loc":{"start":{"line":169,"column":19},"end":{"line":184,"column":7}},"line":169},"15":{"name":"(anonymous_15)","decl":{"start":{"line":170,"column":38},"end":{"line":170,"column":39}},"loc":{"start":{"line":170,"column":43},"end":{"line":170,"column":76}},"line":170},"16":{"name":"(anonymous_16)","decl":{"start":{"line":185,"column":14},"end":{"line":185,"column":15}},"loc":{"start":{"line":185,"column":22},"end":{"line":185,"column":35}},"line":185}},"branchMap":{"0":{"loc":{"start":{"line":8,"column":2},"end":{"line":12,"column":3}},"type":"if","locations":[{"start":{"line":8,"column":2},"end":{"line":12,"column":3}},{"start":{"line":10,"column":9},"end":{"line":12,"column":3}}],"line":8},"1":{"loc":{"start":{"line":8,"column":6},"end":{"line":8,"column":41}},"type":"binary-expr","locations":[{"start":{"line":8,"column":6},"end":{"line":8,"column":33}},{"start":{"line":8,"column":37},"end":{"line":8,"column":41}}],"line":8},"2":{"loc":{"start":{"line":20,"column":32},"end":{"line":20,"column":80}},"type":"cond-expr","locations":[{"start":{"line":20,"column":62},"end":{"line":20,"column":66}},{"start":{"line":20,"column":69},"end":{"line":20,"column":80}}],"line":20},"3":{"loc":{"start":{"line":23,"column":4},"end":{"line":27,"column":5}},"type":"if","locations":[{"start":{"line":23,"column":4},"end":{"line":27,"column":5}},{"start":{},"end":{}}],"line":23},"4":{"loc":{"start":{"line":23,"column":8},"end":{"line":23,"column":82}},"type":"binary-expr","locations":[{"start":{"line":23,"column":8},"end":{"line":23,"column":35}},{"start":{"line":23,"column":39},"end":{"line":23,"column":43}},{"start":{"line":23,"column":47},"end":{"line":23,"column":82}}],"line":23},"5":{"loc":{"start":{"line":38,"column":4},"end":{"line":38,"column":65}},"type":"if","locations":[{"start":{"line":38,"column":4},"end":{"line":38,"column":65}},{"start":{},"end":{}}],"line":38},"6":{"loc":{"start":{"line":56,"column":2},"end":{"line":61,"column":3}},"type":"if","locations":[{"start":{"line":56,"column":2},"end":{"line":61,"column":3}},{"start":{},"end":{}}],"line":56},"7":{"loc":{"start":{"line":56,"column":6},"end":{"line":56,"column":53}},"type":"binary-expr","locations":[{"start":{"line":56,"column":6},"end":{"line":56,"column":11}},{"start":{"line":56,"column":15},"end":{"line":56,"column":26}},{"start":{"line":56,"column":30},"end":{"line":56,"column":53}}],"line":56},"8":{"loc":{"start":{"line":59,"column":4},"end":{"line":59,"column":56}},"type":"if","locations":[{"start":{"line":59,"column":4},"end":{"line":59,"column":56}},{"start":{},"end":{}}],"line":59},"9":{"loc":{"start":{"line":65,"column":2},"end":{"line":65,"column":55}},"type":"if","locations":[{"start":{"line":65,"column":2},"end":{"line":65,"column":55}},{"start":{},"end":{}}],"line":65},"10":{"loc":{"start":{"line":71,"column":4},"end":{"line":71,"column":25}},"type":"if","locations":[{"start":{"line":71,"column":4},"end":{"line":71,"column":25}},{"start":{},"end":{}}],"line":71},"11":{"loc":{"start":{"line":111,"column":2},"end":{"line":111,"column":38}},"type":"if","locations":[{"start":{"line":111,"column":2},"end":{"line":111,"column":38}},{"start":{},"end":{}}],"line":111},"12":{"loc":{"start":{"line":111,"column":6},"end":{"line":111,"column":29}},"type":"binary-expr","locations":[{"start":{"line":111,"column":6},"end":{"line":111,"column":17}},{"start":{"line":111,"column":21},"end":{"line":111,"column":29}}],"line":111},"13":{"loc":{"start":{"line":121,"column":2},"end":{"line":127,"column":3}},"type":"if","locations":[{"start":{"line":121,"column":2},"end":{"line":127,"column":3}},{"start":{"line":123,"column":9},"end":{"line":127,"column":3}}],"line":121},"14":{"loc":{"start":{"line":138,"column":2},"end":{"line":140,"column":3}},"type":"if","locations":[{"start":{"line":138,"column":2},"end":{"line":140,"column":3}},{"start":{},"end":{}}],"line":138},"15":{"loc":{"start":{"line":138,"column":6},"end":{"line":138,"column":71}},"type":"binary-expr","locations":[{"start":{"line":138,"column":6},"end":{"line":138,"column":11}},{"start":{"line":138,"column":15},"end":{"line":138,"column":38}},{"start":{"line":138,"column":42},"end":{"line":138,"column":71}}],"line":138},"16":{"loc":{"start":{"line":147,"column":2},"end":{"line":149,"column":3}},"type":"if","locations":[{"start":{"line":147,"column":2},"end":{"line":149,"column":3}},{"start":{},"end":{}}],"line":147},"17":{"loc":{"start":{"line":153,"column":2},"end":{"line":156,"column":3}},"type":"if","locations":[{"start":{"line":153,"column":2},"end":{"line":156,"column":3}},{"start":{},"end":{}}],"line":153},"18":{"loc":{"start":{"line":160,"column":2},"end":{"line":164,"column":3}},"type":"if","locations":[{"start":{"line":160,"column":2},"end":{"line":164,"column":3}},{"start":{},"end":{}}],"line":160},"19":{"loc":{"start":{"line":171,"column":8},"end":{"line":171,"column":34}},"type":"if","locations":[{"start":{"line":171,"column":8},"end":{"line":171,"column":34}},{"start":{},"end":{}}],"line":171},"20":{"loc":{"start":{"line":202,"column":4},"end":{"line":208,"column":5}},"type":"if","locations":[{"start":{"line":202,"column":4},"end":{"line":208,"column":5}},{"start":{},"end":{}}],"line":202},"21":{"loc":{"start":{"line":204,"column":27},"end":{"line":204,"column":74}},"type":"binary-expr","locations":[{"start":{"line":204,"column":27},"end":{"line":204,"column":37}},{"start":{"line":204,"column":41},"end":{"line":204,"column":53}},{"start":{"line":204,"column":57},"end":{"line":204,"column":74}}],"line":204},"22":{"loc":{"start":{"line":211,"column":4},"end":{"line":213,"column":5}},"type":"if","locations":[{"start":{"line":211,"column":4},"end":{"line":213,"column":5}},{"start":{},"end":{}}],"line":211},"23":{"loc":{"start":{"line":219,"column":4},"end":{"line":223,"column":5}},"type":"if","locations":[{"start":{"line":219,"column":4},"end":{"line":223,"column":5}},{"start":{"line":221,"column":11},"end":{"line":223,"column":5}}],"line":219},"24":{"loc":{"start":{"line":226,"column":33},"end":{"line":226,"column":69}},"type":"binary-expr","locations":[{"start":{"line":226,"column":33},"end":{"line":226,"column":46}},{"start":{"line":226,"column":50},"end":{"line":226,"column":69}}],"line":226}},"s":{"0":0,"1":0,"2":0,"3":0,"4":0,"5":0,"6":0,"7":0,"8":0,"9":0,"10":0,"11":0,"12":0,"13":0,"14":0,"15":0,"16":0,"17":0,"18":0,"19":0,"20":0,"21":0,"22":0,"23":0,"24":0,"25":0,"26":0,"27":0,"28":0,"29":0,"30":0,"31":0,"32":0,"33":0,"34":0,"35":0,"36":0,"37":0,"38":0,"39":0,"40":0,"41":0,"42":0,"43":0,"44":0,"45":0,"46":0,"47":0,"48":0,"49":0,"50":0,"51":0,"52":0,"53":0,"54":0,"55":0,"56":0,"57":0,"58":0,"59":0,"60":0,"61":0,"62":0,"63":0,"64":0,"65":0,"66":0,"67":0,"68":0,"69":0,"70":0,"71":0,"72":0,"73":0,"74":0,"75":0,"76":0,"77":0,"78":0,"79":0,"80":0,"81":0,"82":0,"83":0,"84":0,"85":0,"86":0,"87":0,"88":0,"89":0,"90":0,"91":0,"92":0,"93":0,"94":0,"95":0,"96":0,"97":0,"98":0,"99":0,"100":0,"101":0,"102":0,"103":0,"104":0,"105":0,"106":0,"107":0},"f":{"0":0,"1":0,"2":0,"3":0,"4":0,"5":0,"6":0,"7":0,"8":0,"9":0,"10":0,"11":0,"12":0,"13":0,"14":0,"15":0,"16":0},"b":{"0":[0,0],"1":[0,0],"2":[0,0],"3":[0,0],"4":[0,0,0],"5":[0,0],"6":[0,0],"7":[0,0,0],"8":[0,0],"9":[0,0],"10":[0,0],"11":[0,0],"12":[0,0],"13":[0,0],"14":[0,0],"15":[0,0,0],"16":[0,0],"17":[0,0],"18":[0,0],"19":[0,0],"20":[0,0],"21":[0,0,0],"22":[0,0],"23":[0,0],"24":[0,0]}}
,"/Users/christacollar/Documents/GitHub/kickedoutofthesky/store/js/cart-notification.js": {"path":"/Users/christacollar/Documents/GitHub/kickedoutofthesky/store/js/cart-notification.js","statementMap":{"0":{"start":{"line":7,"column":23},"end":{"line":7,"column":79}},"1":{"start":{"line":8,"column":21},"end":{"line":8,"column":52}},"2":{"start":{"line":9,"column":19},"end":{"line":9,"column":44}},"3":{"start":{"line":11,"column":2},"end":{"line":11,"column":31}},"4":{"start":{"line":12,"column":2},"end":{"line":12,"column":45}},"5":{"start":{"line":14,"column":2},"end":{"line":14,"column":36}},"6":{"start":{"line":15,"column":2},"end":{"line":15,"column":27}},"7":{"start":{"line":17,"column":2},"end":{"line":17,"column":62}},"8":{"start":{"line":18,"column":2},"end":{"line":18,"column":83}},"9":{"start":{"line":20,"column":2},"end":{"line":20,"column":45}},"10":{"start":{"line":21,"column":2},"end":{"line":21,"column":50}},"11":{"start":{"line":26,"column":24},"end":{"line":26,"column":59}},"12":{"start":{"line":27,"column":20},"end":{"line":27,"column":57}},"13":{"start":{"line":29,"column":2},"end":{"line":32,"column":3}},"14":{"start":{"line":30,"column":4},"end":{"line":30,"column":45}},"15":{"start":{"line":31,"column":4},"end":{"line":31,"column":29}},"16":{"start":{"line":35,"column":22},"end":{"line":35,"column":31}},"17":{"start":{"line":36,"column":2},"end":{"line":42,"column":3}},"18":{"start":{"line":37,"column":4},"end":{"line":37,"column":75}},"19":{"start":{"line":38,"column":4},"end":{"line":41,"column":5}},"20":{"start":{"line":39,"column":6},"end":{"line":39,"column":57}},"21":{"start":{"line":40,"column":6},"end":{"line":40,"column":31}},"22":{"start":{"line":44,"column":19},"end":{"line":44,"column":53}},"23":{"start":{"line":47,"column":20},"end":{"line":47,"column":57}},"24":{"start":{"line":48,"column":21},"end":{"line":48,"column":58}},"25":{"start":{"line":50,"column":2},"end":{"line":132,"column":5}},"26":{"start":{"line":52,"column":24},"end":{"line":52,"column":53}},"27":{"start":{"line":53,"column":4},"end":{"line":71,"column":6}},"28":{"start":{"line":72,"column":4},"end":{"line":72,"column":39}},"29":{"start":{"line":73,"column":4},"end":{"line":73,"column":43}},"30":{"start":{"line":76,"column":4},"end":{"line":81,"column":11}},"31":{"start":{"line":77,"column":6},"end":{"line":77,"column":60}},"32":{"start":{"line":78,"column":6},"end":{"line":78,"column":76}},"33":{"start":{"line":79,"column":6},"end":{"line":79,"column":77}},"34":{"start":{"line":80,"column":6},"end":{"line":80,"column":71}},"35":{"start":{"line":84,"column":4},"end":{"line":131,"column":13}},"36":{"start":{"line":87,"column":6},"end":{"line":93,"column":7}},"37":{"start":{"line":89,"column":8},"end":{"line":89,"column":63}},"38":{"start":{"line":90,"column":8},"end":{"line":92,"column":16}},"39":{"start":{"line":91,"column":10},"end":{"line":91,"column":41}},"40":{"start":{"line":96,"column":6},"end":{"line":127,"column":7}},"41":{"start":{"line":96,"column":19},"end":{"line":96,"column":20}},"42":{"start":{"line":97,"column":25},"end":{"line":97,"column":54}},"43":{"start":{"line":98,"column":22},"end":{"line":98,"column":43}},"44":{"start":{"line":99,"column":25},"end":{"line":99,"column":28}},"45":{"start":{"line":100,"column":19},"end":{"line":100,"column":45}},"46":{"start":{"line":101,"column":19},"end":{"line":101,"column":45}},"47":{"start":{"line":103,"column":8},"end":{"line":115,"column":10}},"48":{"start":{"line":116,"column":8},"end":{"line":116,"column":44}},"49":{"start":{"line":119,"column":8},"end":{"line":124,"column":15}},"50":{"start":{"line":120,"column":10},"end":{"line":120,"column":58}},"51":{"start":{"line":121,"column":10},"end":{"line":121,"column":82}},"52":{"start":{"line":122,"column":10},"end":{"line":122,"column":83}},"53":{"start":{"line":123,"column":10},"end":{"line":123,"column":39}},"54":{"start":{"line":126,"column":8},"end":{"line":126,"column":49}},"55":{"start":{"line":126,"column":25},"end":{"line":126,"column":42}},"56":{"start":{"line":129,"column":6},"end":{"line":129,"column":27}},"57":{"start":{"line":130,"column":6},"end":{"line":130,"column":16}},"58":{"start":{"line":137,"column":2},"end":{"line":137,"column":18}},"59":{"start":{"line":140,"column":20},"end":{"line":140,"column":57}},"60":{"start":{"line":141,"column":2},"end":{"line":184,"column":3}},"61":{"start":{"line":142,"column":4},"end":{"line":142,"column":27}},"62":{"start":{"line":145,"column":4},"end":{"line":145,"column":59}},"63":{"start":{"line":146,"column":4},"end":{"line":148,"column":12}},"64":{"start":{"line":147,"column":6},"end":{"line":147,"column":37}},"65":{"start":{"line":151,"column":22},"end":{"line":151,"column":55}},"66":{"start":{"line":152,"column":4},"end":{"line":183,"column":5}},"67":{"start":{"line":152,"column":17},"end":{"line":152,"column":18}},"68":{"start":{"line":153,"column":23},"end":{"line":153,"column":52}},"69":{"start":{"line":154,"column":20},"end":{"line":154,"column":41}},"70":{"start":{"line":155,"column":23},"end":{"line":155,"column":26}},"71":{"start":{"line":156,"column":17},"end":{"line":156,"column":43}},"72":{"start":{"line":157,"column":17},"end":{"line":157,"column":43}},"73":{"start":{"line":159,"column":6},"end":{"line":171,"column":8}},"74":{"start":{"line":172,"column":6},"end":{"line":172,"column":42}},"75":{"start":{"line":175,"column":6},"end":{"line":180,"column":13}},"76":{"start":{"line":176,"column":8},"end":{"line":176,"column":56}},"77":{"start":{"line":177,"column":8},"end":{"line":177,"column":78}},"78":{"start":{"line":178,"column":8},"end":{"line":178,"column":79}},"79":{"start":{"line":179,"column":8},"end":{"line":179,"column":37}},"80":{"start":{"line":182,"column":6},"end":{"line":182,"column":47}},"81":{"start":{"line":182,"column":23},"end":{"line":182,"column":40}},"82":{"start":{"line":188,"column":23},"end":{"line":188,"column":52}},"83":{"start":{"line":189,"column":2},"end":{"line":189,"column":49}},"84":{"start":{"line":190,"column":2},"end":{"line":197,"column":4}},"85":{"start":{"line":199,"column":2},"end":{"line":202,"column":4}},"86":{"start":{"line":204,"column":2},"end":{"line":204,"column":42}},"87":{"start":{"line":206,"column":2},"end":{"line":209,"column":11}},"88":{"start":{"line":207,"column":4},"end":{"line":207,"column":60}},"89":{"start":{"line":208,"column":4},"end":{"line":208,"column":49}},"90":{"start":{"line":208,"column":21},"end":{"line":208,"column":42}},"91":{"start":{"line":213,"column":14},"end":{"line":213,"column":45}},"92":{"start":{"line":214,"column":0},"end":{"line":248,"column":2}},"93":{"start":{"line":249,"column":0},"end":{"line":249,"column":33}}},"fnMap":{"0":{"name":"playDingSound","decl":{"start":{"line":5,"column":9},"end":{"line":5,"column":22}},"loc":{"start":{"line":5,"column":25},"end":{"line":22,"column":1}},"line":5},"1":{"name":"createCartBurst","decl":{"start":{"line":24,"column":9},"end":{"line":24,"column":24}},"loc":{"start":{"line":24,"column":27},"end":{"line":133,"column":1}},"line":24},"2":{"name":"(anonymous_2)","decl":{"start":{"line":50,"column":21},"end":{"line":50,"column":22}},"loc":{"start":{"line":50,"column":32},"end":{"line":132,"column":3}},"line":50},"3":{"name":"(anonymous_3)","decl":{"start":{"line":76,"column":15},"end":{"line":76,"column":16}},"loc":{"start":{"line":76,"column":21},"end":{"line":81,"column":5}},"line":76},"4":{"name":"(anonymous_4)","decl":{"start":{"line":84,"column":15},"end":{"line":84,"column":16}},"loc":{"start":{"line":84,"column":21},"end":{"line":131,"column":5}},"line":84},"5":{"name":"(anonymous_5)","decl":{"start":{"line":90,"column":19},"end":{"line":90,"column":20}},"loc":{"start":{"line":90,"column":25},"end":{"line":92,"column":9}},"line":90},"6":{"name":"(anonymous_6)","decl":{"start":{"line":119,"column":19},"end":{"line":119,"column":20}},"loc":{"start":{"line":119,"column":25},"end":{"line":124,"column":9}},"line":119},"7":{"name":"(anonymous_7)","decl":{"start":{"line":126,"column":19},"end":{"line":126,"column":20}},"loc":{"start":{"line":126,"column":25},"end":{"line":126,"column":42}},"line":126},"8":{"name":"showCartBadgeBurst","decl":{"start":{"line":135,"column":9},"end":{"line":135,"column":27}},"loc":{"start":{"line":135,"column":30},"end":{"line":185,"column":1}},"line":135},"9":{"name":"(anonymous_9)","decl":{"start":{"line":146,"column":15},"end":{"line":146,"column":16}},"loc":{"start":{"line":146,"column":21},"end":{"line":148,"column":5}},"line":146},"10":{"name":"(anonymous_10)","decl":{"start":{"line":175,"column":17},"end":{"line":175,"column":18}},"loc":{"start":{"line":175,"column":23},"end":{"line":180,"column":7}},"line":175},"11":{"name":"(anonymous_11)","decl":{"start":{"line":182,"column":17},"end":{"line":182,"column":18}},"loc":{"start":{"line":182,"column":23},"end":{"line":182,"column":40}},"line":182},"12":{"name":"showCartNotification","decl":{"start":{"line":187,"column":9},"end":{"line":187,"column":29}},"loc":{"start":{"line":187,"column":43},"end":{"line":210,"column":1}},"line":187},"13":{"name":"(anonymous_13)","decl":{"start":{"line":206,"column":13},"end":{"line":206,"column":14}},"loc":{"start":{"line":206,"column":19},"end":{"line":209,"column":3}},"line":206},"14":{"name":"(anonymous_14)","decl":{"start":{"line":208,"column":15},"end":{"line":208,"column":16}},"loc":{"start":{"line":208,"column":21},"end":{"line":208,"column":42}},"line":208}},"branchMap":{"0":{"loc":{"start":{"line":7,"column":28},"end":{"line":7,"column":76}},"type":"binary-expr","locations":[{"start":{"line":7,"column":28},"end":{"line":7,"column":47}},{"start":{"line":7,"column":51},"end":{"line":7,"column":76}}],"line":7},"1":{"loc":{"start":{"line":29,"column":2},"end":{"line":32,"column":3}},"type":"if","locations":[{"start":{"line":29,"column":2},"end":{"line":32,"column":3}},{"start":{},"end":{}}],"line":29},"2":{"loc":{"start":{"line":36,"column":2},"end":{"line":42,"column":3}},"type":"if","locations":[{"start":{"line":36,"column":2},"end":{"line":42,"column":3}},{"start":{},"end":{}}],"line":36},"3":{"loc":{"start":{"line":36,"column":6},"end":{"line":36,"column":51}},"type":"binary-expr","locations":[{"start":{"line":36,"column":6},"end":{"line":36,"column":16}},{"start":{"line":36,"column":20},"end":{"line":36,"column":51}}],"line":36},"4":{"loc":{"start":{"line":38,"column":4},"end":{"line":41,"column":5}},"type":"if","locations":[{"start":{"line":38,"column":4},"end":{"line":41,"column":5}},{"start":{},"end":{}}],"line":38},"5":{"loc":{"start":{"line":44,"column":19},"end":{"line":44,"column":53}},"type":"binary-expr","locations":[{"start":{"line":44,"column":19},"end":{"line":44,"column":48}},{"start":{"line":44,"column":52},"end":{"line":44,"column":53}}],"line":44},"6":{"loc":{"start":{"line":87,"column":6},"end":{"line":93,"column":7}},"type":"if","locations":[{"start":{"line":87,"column":6},"end":{"line":93,"column":7}},{"start":{},"end":{}}],"line":87},"7":{"loc":{"start":{"line":87,"column":10},"end":{"line":87,"column":54}},"type":"binary-expr","locations":[{"start":{"line":87,"column":10},"end":{"line":87,"column":19}},{"start":{"line":87,"column":23},"end":{"line":87,"column":54}}],"line":87},"8":{"loc":{"start":{"line":141,"column":2},"end":{"line":184,"column":3}},"type":"if","locations":[{"start":{"line":141,"column":2},"end":{"line":184,"column":3}},{"start":{},"end":{}}],"line":141},"9":{"loc":{"start":{"line":141,"column":6},"end":{"line":141,"column":46}},"type":"binary-expr","locations":[{"start":{"line":141,"column":6},"end":{"line":141,"column":15}},{"start":{"line":141,"column":19},"end":{"line":141,"column":46}}],"line":141}},"s":{"0":0,"1":0,"2":0,"3":0,"4":0,"5":0,"6":0,"7":0,"8":0,"9":0,"10":0,"11":0,"12":0,"13":0,"14":0,"15":0,"16":0,"17":0,"18":0,"19":0,"20":0,"21":0,"22":0,"23":0,"24":0,"25":0,"26":0,"27":0,"28":0,"29":0,"30":0,"31":0,"32":0,"33":0,"34":0,"35":0,"36":0,"37":0,"38":0,"39":0,"40":0,"41":0,"42":0,"43":0,"44":0,"45":0,"46":0,"47":0,"48":0,"49":0,"50":0,"51":0,"52":0,"53":0,"54":0,"55":0,"56":0,"57":0,"58":0,"59":0,"60":0,"61":0,"62":0,"63":0,"64":0,"65":0,"66":0,"67":0,"68":0,"69":0,"70":0,"71":0,"72":0,"73":0,"74":0,"75":0,"76":0,"77":0,"78":0,"79":0,"80":0,"81":0,"82":0,"83":0,"84":0,"85":0,"86":0,"87":0,"88":0,"89":0,"90":0,"91":0,"92":0,"93":0},"f":{"0":0,"1":0,"2":0,"3":0,"4":0,"5":0,"6":0,"7":0,"8":0,"9":0,"10":0,"11":0,"12":0,"13":0,"14":0},"b":{"0":[0,0],"1":[0,0],"2":[0,0],"3":[0,0],"4":[0,0],"5":[0,0],"6":[0,0],"7":[0,0],"8":[0,0],"9":[0,0]}}
,"/Users/christacollar/Documents/GitHub/kickedoutofthesky/store/js/cart.js": {"path":"/Users/christacollar/Documents/GitHub/kickedoutofthesky/store/js/cart.js","statementMap":{"0":{"start":{"line":6,"column":4},"end":{"line":6,"column":34}},"1":{"start":{"line":7,"column":4},"end":{"line":7,"column":33}},"2":{"start":{"line":8,"column":4},"end":{"line":8,"column":68}},"3":{"start":{"line":9,"column":4},"end":{"line":9,"column":27}},"4":{"start":{"line":13,"column":18},"end":{"line":13,"column":55}},"5":{"start":{"line":14,"column":4},"end":{"line":14,"column":59}},"6":{"start":{"line":15,"column":4},"end":{"line":15,"column":42}},"7":{"start":{"line":19,"column":4},"end":{"line":19,"column":56}},"8":{"start":{"line":20,"column":4},"end":{"line":20,"column":70}},"9":{"start":{"line":21,"column":4},"end":{"line":21,"column":96}},"10":{"start":{"line":22,"column":4},"end":{"line":24,"column":5}},"11":{"start":{"line":23,"column":6},"end":{"line":23,"column":29}},"12":{"start":{"line":28,"column":25},"end":{"line":30,"column":5}},"13":{"start":{"line":29,"column":14},"end":{"line":29,"column":90}},"14":{"start":{"line":32,"column":4},"end":{"line":36,"column":5}},"15":{"start":{"line":33,"column":6},"end":{"line":33,"column":40}},"16":{"start":{"line":35,"column":6},"end":{"line":35,"column":61}},"17":{"start":{"line":38,"column":4},"end":{"line":38,"column":35}},"18":{"start":{"line":39,"column":4},"end":{"line":39,"column":16}},"19":{"start":{"line":43,"column":4},"end":{"line":43,"column":32}},"20":{"start":{"line":44,"column":4},"end":{"line":44,"column":20}},"21":{"start":{"line":48,"column":4},"end":{"line":53,"column":5}},"22":{"start":{"line":49,"column":6},"end":{"line":49,"column":29}},"23":{"start":{"line":51,"column":6},"end":{"line":51,"column":44}},"24":{"start":{"line":52,"column":6},"end":{"line":52,"column":22}},"25":{"start":{"line":57,"column":4},"end":{"line":57,"column":68}},"26":{"start":{"line":57,"column":44},"end":{"line":57,"column":63}},"27":{"start":{"line":61,"column":19},"end":{"line":61,"column":20}},"28":{"start":{"line":62,"column":4},"end":{"line":68,"column":7}},"29":{"start":{"line":63,"column":22},"end":{"line":63,"column":75}},"30":{"start":{"line":63,"column":41},"end":{"line":63,"column":74}},"31":{"start":{"line":64,"column":6},"end":{"line":67,"column":7}},"32":{"start":{"line":65,"column":22},"end":{"line":65,"column":77}},"33":{"start":{"line":66,"column":8},"end":{"line":66,"column":42}},"34":{"start":{"line":69,"column":4},"end":{"line":69,"column":20}},"35":{"start":{"line":74,"column":4},"end":{"line":84,"column":5}},"36":{"start":{"line":80,"column":27},"end":{"line":80,"column":74}},"37":{"start":{"line":81,"column":6},"end":{"line":83,"column":7}},"38":{"start":{"line":82,"column":8},"end":{"line":82,"column":28}},"39":{"start":{"line":87,"column":4},"end":{"line":87,"column":41}},"40":{"start":{"line":87,"column":32},"end":{"line":87,"column":41}},"41":{"start":{"line":88,"column":21},"end":{"line":88,"column":59}},"42":{"start":{"line":89,"column":4},"end":{"line":89,"column":50}},"43":{"start":{"line":93,"column":18},"end":{"line":93,"column":55}},"44":{"start":{"line":94,"column":18},"end":{"line":94,"column":33}},"45":{"start":{"line":95,"column":4},"end":{"line":102,"column":5}},"46":{"start":{"line":96,"column":6},"end":{"line":101,"column":7}},"47":{"start":{"line":97,"column":8},"end":{"line":97,"column":34}},"48":{"start":{"line":98,"column":8},"end":{"line":98,"column":37}},"49":{"start":{"line":100,"column":8},"end":{"line":100,"column":37}},"50":{"start":{"line":106,"column":4},"end":{"line":106,"column":20}},"51":{"start":{"line":107,"column":4},"end":{"line":107,"column":20}},"52":{"start":{"line":111,"column":19},"end":{"line":111,"column":21}},"53":{"start":{"line":113,"column":4},"end":{"line":135,"column":7}},"54":{"start":{"line":114,"column":22},"end":{"line":114,"column":75}},"55":{"start":{"line":114,"column":41},"end":{"line":114,"column":74}},"56":{"start":{"line":116,"column":6},"end":{"line":119,"column":7}},"57":{"start":{"line":117,"column":8},"end":{"line":117,"column":60}},"58":{"start":{"line":118,"column":8},"end":{"line":118,"column":15}},"59":{"start":{"line":121,"column":6},"end":{"line":124,"column":7}},"60":{"start":{"line":122,"column":8},"end":{"line":122,"column":99}},"61":{"start":{"line":123,"column":8},"end":{"line":123,"column":15}},"62":{"start":{"line":126,"column":6},"end":{"line":129,"column":7}},"63":{"start":{"line":127,"column":8},"end":{"line":127,"column":114}},"64":{"start":{"line":128,"column":8},"end":{"line":128,"column":15}},"65":{"start":{"line":131,"column":24},"end":{"line":131,"column":80}},"66":{"start":{"line":132,"column":6},"end":{"line":134,"column":7}},"67":{"start":{"line":133,"column":8},"end":{"line":133,"column":82}},"68":{"start":{"line":137,"column":4},"end":{"line":140,"column":6}},"69":{"start":{"line":145,"column":11},"end":{"line":145,"column":29}}},"fnMap":{"0":{"name":"(anonymous_0)","decl":{"start":{"line":5,"column":2},"end":{"line":5,"column":3}},"loc":{"start":{"line":5,"column":16},"end":{"line":10,"column":3}},"line":5},"1":{"name":"(anonymous_1)","decl":{"start":{"line":12,"column":2},"end":{"line":12,"column":3}},"loc":{"start":{"line":12,"column":13},"end":{"line":16,"column":3}},"line":12},"2":{"name":"(anonymous_2)","decl":{"start":{"line":18,"column":2},"end":{"line":18,"column":3}},"loc":{"start":{"line":18,"column":36},"end":{"line":25,"column":3}},"line":18},"3":{"name":"(anonymous_3)","decl":{"start":{"line":27,"column":2},"end":{"line":27,"column":3}},"loc":{"start":{"line":27,"column":70},"end":{"line":40,"column":3}},"line":27},"4":{"name":"(anonymous_4)","decl":{"start":{"line":29,"column":6},"end":{"line":29,"column":7}},"loc":{"start":{"line":29,"column":14},"end":{"line":29,"column":90}},"line":29},"5":{"name":"(anonymous_5)","decl":{"start":{"line":42,"column":2},"end":{"line":42,"column":3}},"loc":{"start":{"line":42,"column":20},"end":{"line":45,"column":3}},"line":42},"6":{"name":"(anonymous_6)","decl":{"start":{"line":47,"column":2},"end":{"line":47,"column":3}},"loc":{"start":{"line":47,"column":34},"end":{"line":54,"column":3}},"line":47},"7":{"name":"(anonymous_7)","decl":{"start":{"line":56,"column":2},"end":{"line":56,"column":3}},"loc":{"start":{"line":56,"column":13},"end":{"line":58,"column":3}},"line":56},"8":{"name":"(anonymous_8)","decl":{"start":{"line":57,"column":29},"end":{"line":57,"column":30}},"loc":{"start":{"line":57,"column":44},"end":{"line":57,"column":63}},"line":57},"9":{"name":"(anonymous_9)","decl":{"start":{"line":60,"column":2},"end":{"line":60,"column":3}},"loc":{"start":{"line":60,"column":29},"end":{"line":70,"column":3}},"line":60},"10":{"name":"(anonymous_10)","decl":{"start":{"line":62,"column":23},"end":{"line":62,"column":24}},"loc":{"start":{"line":62,"column":31},"end":{"line":68,"column":5}},"line":62},"11":{"name":"(anonymous_11)","decl":{"start":{"line":63,"column":36},"end":{"line":63,"column":37}},"loc":{"start":{"line":63,"column":41},"end":{"line":63,"column":74}},"line":63},"12":{"name":"(anonymous_12)","decl":{"start":{"line":72,"column":2},"end":{"line":72,"column":3}},"loc":{"start":{"line":72,"column":43},"end":{"line":90,"column":3}},"line":72},"13":{"name":"(anonymous_13)","decl":{"start":{"line":92,"column":2},"end":{"line":92,"column":3}},"loc":{"start":{"line":92,"column":20},"end":{"line":103,"column":3}},"line":92},"14":{"name":"(anonymous_14)","decl":{"start":{"line":105,"column":2},"end":{"line":105,"column":3}},"loc":{"start":{"line":105,"column":10},"end":{"line":108,"column":3}},"line":105},"15":{"name":"(anonymous_15)","decl":{"start":{"line":110,"column":2},"end":{"line":110,"column":3}},"loc":{"start":{"line":110,"column":37},"end":{"line":141,"column":3}},"line":110},"16":{"name":"(anonymous_16)","decl":{"start":{"line":113,"column":23},"end":{"line":113,"column":24}},"loc":{"start":{"line":113,"column":40},"end":{"line":135,"column":5}},"line":113},"17":{"name":"(anonymous_17)","decl":{"start":{"line":114,"column":36},"end":{"line":114,"column":37}},"loc":{"start":{"line":114,"column":41},"end":{"line":114,"column":74}},"line":114}},"branchMap":{"0":{"loc":{"start":{"line":15,"column":11},"end":{"line":15,"column":41}},"type":"cond-expr","locations":[{"start":{"line":15,"column":19},"end":{"line":15,"column":36}},{"start":{"line":15,"column":39},"end":{"line":15,"column":41}}],"line":15},"1":{"loc":{"start":{"line":18,"column":11},"end":{"line":18,"column":34}},"type":"default-arg","locations":[{"start":{"line":18,"column":29},"end":{"line":18,"column":34}}],"line":18},"2":{"loc":{"start":{"line":22,"column":4},"end":{"line":24,"column":5}},"type":"if","locations":[{"start":{"line":22,"column":4},"end":{"line":24,"column":5}},{"start":{},"end":{}}],"line":22},"3":{"loc":{"start":{"line":27,"column":45},"end":{"line":27,"column":68}},"type":"default-arg","locations":[{"start":{"line":27,"column":63},"end":{"line":27,"column":68}}],"line":27},"4":{"loc":{"start":{"line":29,"column":14},"end":{"line":29,"column":90}},"type":"binary-expr","locations":[{"start":{"line":29,"column":14},"end":{"line":29,"column":44}},{"start":{"line":29,"column":48},"end":{"line":29,"column":68}},{"start":{"line":29,"column":72},"end":{"line":29,"column":90}}],"line":29},"5":{"loc":{"start":{"line":32,"column":4},"end":{"line":36,"column":5}},"type":"if","locations":[{"start":{"line":32,"column":4},"end":{"line":36,"column":5}},{"start":{"line":34,"column":11},"end":{"line":36,"column":5}}],"line":32},"6":{"loc":{"start":{"line":48,"column":4},"end":{"line":53,"column":5}},"type":"if","locations":[{"start":{"line":48,"column":4},"end":{"line":53,"column":5}},{"start":{"line":50,"column":11},"end":{"line":53,"column":5}}],"line":48},"7":{"loc":{"start":{"line":64,"column":6},"end":{"line":67,"column":7}},"type":"if","locations":[{"start":{"line":64,"column":6},"end":{"line":67,"column":7}},{"start":{},"end":{}}],"line":64},"8":{"loc":{"start":{"line":74,"column":4},"end":{"line":84,"column":5}},"type":"if","locations":[{"start":{"line":74,"column":4},"end":{"line":84,"column":5}},{"start":{},"end":{}}],"line":74},"9":{"loc":{"start":{"line":75,"column":6},"end":{"line":78,"column":41}},"type":"binary-expr","locations":[{"start":{"line":75,"column":6},"end":{"line":75,"column":22}},{"start":{"line":76,"column":6},"end":{"line":76,"column":29}},{"start":{"line":77,"column":6},"end":{"line":77,"column":35}},{"start":{"line":78,"column":6},"end":{"line":78,"column":41}}],"line":75},"10":{"loc":{"start":{"line":81,"column":6},"end":{"line":83,"column":7}},"type":"if","locations":[{"start":{"line":81,"column":6},"end":{"line":83,"column":7}},{"start":{},"end":{}}],"line":81},"11":{"loc":{"start":{"line":81,"column":10},"end":{"line":81,"column":61}},"type":"binary-expr","locations":[{"start":{"line":81,"column":10},"end":{"line":81,"column":31}},{"start":{"line":81,"column":35},"end":{"line":81,"column":61}}],"line":81},"12":{"loc":{"start":{"line":87,"column":4},"end":{"line":87,"column":41}},"type":"if","locations":[{"start":{"line":87,"column":4},"end":{"line":87,"column":41}},{"start":{},"end":{}}],"line":87},"13":{"loc":{"start":{"line":95,"column":4},"end":{"line":102,"column":5}},"type":"if","locations":[{"start":{"line":95,"column":4},"end":{"line":102,"column":5}},{"start":{},"end":{}}],"line":95},"14":{"loc":{"start":{"line":96,"column":6},"end":{"line":101,"column":7}},"type":"if","locations":[{"start":{"line":96,"column":6},"end":{"line":101,"column":7}},{"start":{"line":99,"column":13},"end":{"line":101,"column":7}}],"line":96},"15":{"loc":{"start":{"line":116,"column":6},"end":{"line":119,"column":7}},"type":"if","locations":[{"start":{"line":116,"column":6},"end":{"line":119,"column":7}},{"start":{},"end":{}}],"line":116},"16":{"loc":{"start":{"line":121,"column":6},"end":{"line":124,"column":7}},"type":"if","locations":[{"start":{"line":121,"column":6},"end":{"line":124,"column":7}},{"start":{},"end":{}}],"line":121},"17":{"loc":{"start":{"line":126,"column":6},"end":{"line":129,"column":7}},"type":"if","locations":[{"start":{"line":126,"column":6},"end":{"line":129,"column":7}},{"start":{},"end":{}}],"line":126},"18":{"loc":{"start":{"line":132,"column":6},"end":{"line":134,"column":7}},"type":"if","locations":[{"start":{"line":132,"column":6},"end":{"line":134,"column":7}},{"start":{},"end":{}}],"line":132}},"s":{"0":0,"1":0,"2":0,"3":0,"4":0,"5":0,"6":0,"7":0,"8":0,"9":0,"10":0,"11":0,"12":0,"13":0,"14":0,"15":0,"16":0,"17":0,"18":0,"19":0,"20":0,"21":0,"22":0,"23":0,"24":0,"25":0,"26":0,"27":0,"28":0,"29":0,"30":0,"31":0,"32":0,"33":0,"34":0,"35":0,"36":0,"37":0,"38":0,"39":0,"40":0,"41":0,"42":0,"43":0,"44":0,"45":0,"46":0,"47":0,"48":0,"49":0,"50":0,"51":0,"52":0,"53":0,"54":0,"55":0,"56":0,"57":0,"58":0,"59":0,"60":0,"61":0,"62":0,"63":0,"64":0,"65":0,"66":0,"67":0,"68":0,"69":0},"f":{"0":0,"1":0,"2":0,"3":0,"4":0,"5":0,"6":0,"7":0,"8":0,"9":0,"10":0,"11":0,"12":0,"13":0,"14":0,"15":0,"16":0,"17":0},"b":{"0":[0,0],"1":[0],"2":[0,0],"3":[0],"4":[0,0,0],"5":[0,0],"6":[0,0],"7":[0,0],"8":[0,0],"9":[0,0,0,0],"10":[0,0],"11":[0,0],"12":[0,0],"13":[0,0],"14":[0,0],"15":[0,0],"16":[0,0],"17":[0,0],"18":[0,0]}}
,"/Users/christacollar/Documents/GitHub/kickedoutofthesky/store/js/product.js": {"path":"/Users/christacollar/Documents/GitHub/kickedoutofthesky/store/js/product.js","statementMap":{"0":{"start":{"line":3,"column":21},"end":{"line":3,"column":25}},"1":{"start":{"line":5,"column":0},"end":{"line":110,"column":3}},"2":{"start":{"line":6,"column":17},"end":{"line":6,"column":58}},"3":{"start":{"line":7,"column":18},"end":{"line":7,"column":52}},"4":{"start":{"line":8,"column":18},"end":{"line":8,"column":50}},"5":{"start":{"line":11,"column":17},"end":{"line":11,"column":60}},"6":{"start":{"line":12,"column":21},"end":{"line":12,"column":38}},"7":{"start":{"line":14,"column":2},"end":{"line":20,"column":3}},"8":{"start":{"line":15,"column":4},"end":{"line":15,"column":35}},"9":{"start":{"line":16,"column":4},"end":{"line":16,"column":34}},"10":{"start":{"line":17,"column":4},"end":{"line":17,"column":36}},"11":{"start":{"line":18,"column":4},"end":{"line":18,"column":94}},"12":{"start":{"line":19,"column":4},"end":{"line":19,"column":11}},"13":{"start":{"line":22,"column":2},"end":{"line":109,"column":3}},"14":{"start":{"line":24,"column":21},"end":{"line":24,"column":56}},"15":{"start":{"line":26,"column":4},"end":{"line":28,"column":5}},"16":{"start":{"line":27,"column":6},"end":{"line":27,"column":64}},"17":{"start":{"line":30,"column":21},"end":{"line":30,"column":42}},"18":{"start":{"line":31,"column":20},"end":{"line":31,"column":68}},"19":{"start":{"line":31,"column":39},"end":{"line":31,"column":67}},"20":{"start":{"line":33,"column":4},"end":{"line":39,"column":5}},"21":{"start":{"line":34,"column":6},"end":{"line":34,"column":37}},"22":{"start":{"line":35,"column":6},"end":{"line":35,"column":36}},"23":{"start":{"line":36,"column":6},"end":{"line":36,"column":38}},"24":{"start":{"line":37,"column":6},"end":{"line":37,"column":96}},"25":{"start":{"line":38,"column":6},"end":{"line":38,"column":13}},"26":{"start":{"line":41,"column":4},"end":{"line":41,"column":29}},"27":{"start":{"line":44,"column":4},"end":{"line":44,"column":35}},"28":{"start":{"line":47,"column":28},"end":{"line":47,"column":57}},"29":{"start":{"line":48,"column":25},"end":{"line":48,"column":43}},"30":{"start":{"line":49,"column":25},"end":{"line":49,"column":38}},"31":{"start":{"line":52,"column":25},"end":{"line":52,"column":49}},"32":{"start":{"line":55,"column":4},"end":{"line":100,"column":6}},"33":{"start":{"line":74,"column":51},"end":{"line":74,"column":95}},"34":{"start":{"line":103,"column":4},"end":{"line":103,"column":30}},"35":{"start":{"line":105,"column":4},"end":{"line":105,"column":51}},"36":{"start":{"line":106,"column":4},"end":{"line":106,"column":35}},"37":{"start":{"line":107,"column":4},"end":{"line":107,"column":34}},"38":{"start":{"line":108,"column":4},"end":{"line":108,"column":36}},"39":{"start":{"line":113,"column":2},"end":{"line":113,"column":30}},"40":{"start":{"line":113,"column":23},"end":{"line":113,"column":30}},"41":{"start":{"line":115,"column":21},"end":{"line":115,"column":52}},"42":{"start":{"line":116,"column":16},"end":{"line":116,"column":72}},"43":{"start":{"line":119,"column":2},"end":{"line":119,"column":73}},"44":{"start":{"line":121,"column":2},"end":{"line":136,"column":3}},"45":{"start":{"line":122,"column":22},"end":{"line":122,"column":52}},"46":{"start":{"line":123,"column":18},"end":{"line":123,"column":116}},"47":{"start":{"line":123,"column":102},"end":{"line":123,"column":115}},"48":{"start":{"line":125,"column":4},"end":{"line":130,"column":7}},"49":{"start":{"line":126,"column":21},"end":{"line":126,"column":53}},"50":{"start":{"line":127,"column":6},"end":{"line":127,"column":26}},"51":{"start":{"line":128,"column":6},"end":{"line":128,"column":32}},"52":{"start":{"line":129,"column":6},"end":{"line":129,"column":37}},"53":{"start":{"line":133,"column":4},"end":{"line":135,"column":5}},"54":{"start":{"line":134,"column":6},"end":{"line":134,"column":34}},"55":{"start":{"line":138,"column":2},"end":{"line":138,"column":22}},"56":{"start":{"line":142,"column":22},"end":{"line":142,"column":54}},"57":{"start":{"line":143,"column":24},"end":{"line":143,"column":41}},"58":{"start":{"line":145,"column":2},"end":{"line":154,"column":3}},"59":{"start":{"line":147,"column":22},"end":{"line":147,"column":60}},"60":{"start":{"line":148,"column":23},"end":{"line":148,"column":62}},"61":{"start":{"line":149,"column":4},"end":{"line":149,"column":62}},"62":{"start":{"line":152,"column":4},"end":{"line":152,"column":31}},"63":{"start":{"line":153,"column":4},"end":{"line":153,"column":18}},"64":{"start":{"line":159,"column":22},"end":{"line":159,"column":54}},"65":{"start":{"line":160,"column":2},"end":{"line":162,"column":3}},"66":{"start":{"line":161,"column":4},"end":{"line":161,"column":30}},"67":{"start":{"line":165,"column":2},"end":{"line":169,"column":3}},"68":{"start":{"line":166,"column":22},"end":{"line":166,"column":52}},"69":{"start":{"line":167,"column":23},"end":{"line":167,"column":62}},"70":{"start":{"line":168,"column":4},"end":{"line":168,"column":62}},"71":{"start":{"line":172,"column":21},"end":{"line":172,"column":71}},"72":{"start":{"line":173,"column":2},"end":{"line":180,"column":5}},"73":{"start":{"line":174,"column":28},"end":{"line":174,"column":64}},"74":{"start":{"line":175,"column":4},"end":{"line":179,"column":5}},"75":{"start":{"line":176,"column":6},"end":{"line":176,"column":47}},"76":{"start":{"line":178,"column":6},"end":{"line":178,"column":44}},"77":{"start":{"line":183,"column":2},"end":{"line":183,"column":21}},"78":{"start":{"line":184,"column":2},"end":{"line":184,"column":16}},"79":{"start":{"line":188,"column":2},"end":{"line":188,"column":30}},"80":{"start":{"line":188,"column":23},"end":{"line":188,"column":30}},"81":{"start":{"line":190,"column":22},"end":{"line":190,"column":54}},"82":{"start":{"line":191,"column":21},"end":{"line":191,"column":52}},"83":{"start":{"line":192,"column":16},"end":{"line":192,"column":77}},"84":{"start":{"line":193,"column":15},"end":{"line":193,"column":31}},"85":{"start":{"line":196,"column":2},"end":{"line":203,"column":3}},"86":{"start":{"line":197,"column":24},"end":{"line":197,"column":69}},"87":{"start":{"line":198,"column":4},"end":{"line":202,"column":5}},"88":{"start":{"line":199,"column":20},"end":{"line":199,"column":49}},"89":{"start":{"line":200,"column":6},"end":{"line":200,"column":84}},"90":{"start":{"line":201,"column":6},"end":{"line":201,"column":13}},"91":{"start":{"line":206,"column":23},"end":{"line":206,"column":54}},"92":{"start":{"line":207,"column":2},"end":{"line":207,"column":70}},"93":{"start":{"line":211,"column":22},"end":{"line":211,"column":54}},"94":{"start":{"line":212,"column":21},"end":{"line":212,"column":52}},"95":{"start":{"line":213,"column":17},"end":{"line":213,"column":59}},"96":{"start":{"line":216,"column":21},"end":{"line":216,"column":61}},"97":{"start":{"line":219,"column":20},"end":{"line":219,"column":43}},"98":{"start":{"line":222,"column":2},"end":{"line":226,"column":3}},"99":{"start":{"line":223,"column":4},"end":{"line":223,"column":28}},"100":{"start":{"line":225,"column":4},"end":{"line":225,"column":27}},"101":{"start":{"line":230,"column":2},"end":{"line":230,"column":30}},"102":{"start":{"line":230,"column":23},"end":{"line":230,"column":30}},"103":{"start":{"line":232,"column":22},"end":{"line":232,"column":54}},"104":{"start":{"line":233,"column":21},"end":{"line":233,"column":52}},"105":{"start":{"line":234,"column":24},"end":{"line":234,"column":59}},"106":{"start":{"line":236,"column":16},"end":{"line":236,"column":77}},"107":{"start":{"line":237,"column":15},"end":{"line":237,"column":31}},"108":{"start":{"line":238,"column":19},"end":{"line":238,"column":53}},"109":{"start":{"line":240,"column":2},"end":{"line":243,"column":3}},"110":{"start":{"line":241,"column":4},"end":{"line":241,"column":35}},"111":{"start":{"line":242,"column":4},"end":{"line":242,"column":11}},"112":{"start":{"line":246,"column":2},"end":{"line":246,"column":72}},"113":{"start":{"line":249,"column":2},"end":{"line":249,"column":18}},"114":{"start":{"line":250,"column":2},"end":{"line":250,"column":26}},"115":{"start":{"line":253,"column":2},"end":{"line":253,"column":25}},"116":{"start":{"line":258,"column":17},"end":{"line":258,"column":19}},"117":{"start":{"line":261,"column":2},"end":{"line":272,"column":3}},"118":{"start":{"line":262,"column":4},"end":{"line":271,"column":7}},"119":{"start":{"line":263,"column":6},"end":{"line":270,"column":7}},"120":{"start":{"line":264,"column":8},"end":{"line":269,"column":11}},"121":{"start":{"line":266,"column":10},"end":{"line":268,"column":11}},"122":{"start":{"line":267,"column":12},"end":{"line":267,"column":46}},"123":{"start":{"line":275,"column":2},"end":{"line":277,"column":3}},"124":{"start":{"line":276,"column":4},"end":{"line":276,"column":33}},"125":{"start":{"line":280,"column":2},"end":{"line":280,"column":31}},"126":{"start":{"line":280,"column":24},"end":{"line":280,"column":29}},"127":{"start":{"line":281,"column":19},"end":{"line":281,"column":28}},"128":{"start":{"line":282,"column":19},"end":{"line":282,"column":44}},"129":{"start":{"line":285,"column":2},"end":{"line":287,"column":3}},"130":{"start":{"line":286,"column":4},"end":{"line":286,"column":45}},"131":{"start":{"line":290,"column":2},"end":{"line":290,"column":77}}},"fnMap":{"0":{"name":"(anonymous_0)","decl":{"start":{"line":5,"column":46},"end":{"line":5,"column":47}},"loc":{"start":{"line":5,"column":58},"end":{"line":110,"column":1}},"line":5},"1":{"name":"(anonymous_1)","decl":{"start":{"line":31,"column":34},"end":{"line":31,"column":35}},"loc":{"start":{"line":31,"column":39},"end":{"line":31,"column":67}},"line":31},"2":{"name":"(anonymous_2)","decl":{"start":{"line":74,"column":42},"end":{"line":74,"column":43}},"loc":{"start":{"line":74,"column":51},"end":{"line":74,"column":95}},"line":74},"3":{"name":"updateSizes","decl":{"start":{"line":112,"column":9},"end":{"line":112,"column":20}},"loc":{"start":{"line":112,"column":36},"end":{"line":139,"column":1}},"line":112},"4":{"name":"(anonymous_4)","decl":{"start":{"line":123,"column":97},"end":{"line":123,"column":98}},"loc":{"start":{"line":123,"column":102},"end":{"line":123,"column":115}},"line":123},"5":{"name":"(anonymous_5)","decl":{"start":{"line":125,"column":18},"end":{"line":125,"column":19}},"loc":{"start":{"line":125,"column":26},"end":{"line":130,"column":5}},"line":125},"6":{"name":"updateColorAndPrice","decl":{"start":{"line":141,"column":9},"end":{"line":141,"column":28}},"loc":{"start":{"line":141,"column":31},"end":{"line":155,"column":1}},"line":141},"7":{"name":"selectColorThumbnail","decl":{"start":{"line":157,"column":9},"end":{"line":157,"column":29}},"loc":{"start":{"line":157,"column":37},"end":{"line":185,"column":1}},"line":157},"8":{"name":"(anonymous_8)","decl":{"start":{"line":173,"column":21},"end":{"line":173,"column":22}},"loc":{"start":{"line":173,"column":39},"end":{"line":180,"column":3}},"line":173},"9":{"name":"updatePrice","decl":{"start":{"line":187,"column":9},"end":{"line":187,"column":20}},"loc":{"start":{"line":187,"column":23},"end":{"line":208,"column":1}},"line":187},"10":{"name":"checkFormComplete","decl":{"start":{"line":210,"column":9},"end":{"line":210,"column":26}},"loc":{"start":{"line":210,"column":29},"end":{"line":227,"column":1}},"line":210},"11":{"name":"addToCart","decl":{"start":{"line":229,"column":15},"end":{"line":229,"column":24}},"loc":{"start":{"line":229,"column":27},"end":{"line":254,"column":1}},"line":229},"12":{"name":"getPriceDisplay","decl":{"start":{"line":257,"column":9},"end":{"line":257,"column":24}},"loc":{"start":{"line":257,"column":34},"end":{"line":291,"column":1}},"line":257},"13":{"name":"(anonymous_13)","decl":{"start":{"line":262,"column":44},"end":{"line":262,"column":45}},"loc":{"start":{"line":262,"column":57},"end":{"line":271,"column":5}},"line":262},"14":{"name":"(anonymous_14)","decl":{"start":{"line":264,"column":47},"end":{"line":264,"column":48}},"loc":{"start":{"line":264,"column":59},"end":{"line":269,"column":9}},"line":264},"15":{"name":"(anonymous_15)","decl":{"start":{"line":280,"column":14},"end":{"line":280,"column":15}},"loc":{"start":{"line":280,"column":24},"end":{"line":280,"column":29}},"line":280}},"branchMap":{"0":{"loc":{"start":{"line":14,"column":2},"end":{"line":20,"column":3}},"type":"if","locations":[{"start":{"line":14,"column":2},"end":{"line":20,"column":3}},{"start":{},"end":{}}],"line":14},"1":{"loc":{"start":{"line":26,"column":4},"end":{"line":28,"column":5}},"type":"if","locations":[{"start":{"line":26,"column":4},"end":{"line":28,"column":5}},{"start":{},"end":{}}],"line":26},"2":{"loc":{"start":{"line":33,"column":4},"end":{"line":39,"column":5}},"type":"if","locations":[{"start":{"line":33,"column":4},"end":{"line":39,"column":5}},{"start":{},"end":{}}],"line":33},"3":{"loc":{"start":{"line":69,"column":18},"end":{"line":78,"column":24}},"type":"cond-expr","locations":[{"start":{"line":70,"column":22},"end":{"line":77,"column":17}},{"start":{"line":78,"column":22},"end":{"line":78,"column":24}}],"line":69},"4":{"loc":{"start":{"line":113,"column":2},"end":{"line":113,"column":30}},"type":"if","locations":[{"start":{"line":113,"column":2},"end":{"line":113,"column":30}},{"start":{},"end":{}}],"line":113},"5":{"loc":{"start":{"line":116,"column":16},"end":{"line":116,"column":72}},"type":"binary-expr","locations":[{"start":{"line":116,"column":16},"end":{"line":116,"column":29}},{"start":{"line":116,"column":33},"end":{"line":116,"column":72}}],"line":116},"6":{"loc":{"start":{"line":121,"column":2},"end":{"line":136,"column":3}},"type":"if","locations":[{"start":{"line":121,"column":2},"end":{"line":136,"column":3}},{"start":{},"end":{}}],"line":121},"7":{"loc":{"start":{"line":121,"column":6},"end":{"line":121,"column":45}},"type":"binary-expr","locations":[{"start":{"line":121,"column":6},"end":{"line":121,"column":11}},{"start":{"line":121,"column":15},"end":{"line":121,"column":45}}],"line":121},"8":{"loc":{"start":{"line":123,"column":18},"end":{"line":123,"column":116}},"type":"cond-expr","locations":[{"start":{"line":123,"column":36},"end":{"line":123,"column":64}},{"start":{"line":123,"column":67},"end":{"line":123,"column":116}}],"line":123},"9":{"loc":{"start":{"line":133,"column":4},"end":{"line":135,"column":5}},"type":"if","locations":[{"start":{"line":133,"column":4},"end":{"line":135,"column":5}},{"start":{},"end":{}}],"line":133},"10":{"loc":{"start":{"line":145,"column":2},"end":{"line":154,"column":3}},"type":"if","locations":[{"start":{"line":145,"column":2},"end":{"line":154,"column":3}},{"start":{},"end":{}}],"line":145},"11":{"loc":{"start":{"line":145,"column":6},"end":{"line":145,"column":79}},"type":"binary-expr","locations":[{"start":{"line":145,"column":6},"end":{"line":145,"column":20}},{"start":{"line":145,"column":24},"end":{"line":145,"column":37}},{"start":{"line":145,"column":41},"end":{"line":145,"column":79}}],"line":145},"12":{"loc":{"start":{"line":148,"column":23},"end":{"line":148,"column":62}},"type":"binary-expr","locations":[{"start":{"line":148,"column":23},"end":{"line":148,"column":38}},{"start":{"line":148,"column":42},"end":{"line":148,"column":62}}],"line":148},"13":{"loc":{"start":{"line":160,"column":2},"end":{"line":162,"column":3}},"type":"if","locations":[{"start":{"line":160,"column":2},"end":{"line":162,"column":3}},{"start":{},"end":{}}],"line":160},"14":{"loc":{"start":{"line":165,"column":2},"end":{"line":169,"column":3}},"type":"if","locations":[{"start":{"line":165,"column":2},"end":{"line":169,"column":3}},{"start":{},"end":{}}],"line":165},"15":{"loc":{"start":{"line":165,"column":6},"end":{"line":165,"column":54}},"type":"binary-expr","locations":[{"start":{"line":165,"column":6},"end":{"line":165,"column":20}},{"start":{"line":165,"column":24},"end":{"line":165,"column":54}}],"line":165},"16":{"loc":{"start":{"line":167,"column":23},"end":{"line":167,"column":62}},"type":"binary-expr","locations":[{"start":{"line":167,"column":23},"end":{"line":167,"column":38}},{"start":{"line":167,"column":42},"end":{"line":167,"column":62}}],"line":167},"17":{"loc":{"start":{"line":175,"column":4},"end":{"line":179,"column":5}},"type":"if","locations":[{"start":{"line":175,"column":4},"end":{"line":179,"column":5}},{"start":{"line":177,"column":11},"end":{"line":179,"column":5}}],"line":175},"18":{"loc":{"start":{"line":188,"column":2},"end":{"line":188,"column":30}},"type":"if","locations":[{"start":{"line":188,"column":2},"end":{"line":188,"column":30}},{"start":{},"end":{}}],"line":188},"19":{"loc":{"start":{"line":192,"column":16},"end":{"line":192,"column":77}},"type":"binary-expr","locations":[{"start":{"line":192,"column":16},"end":{"line":192,"column":34}},{"start":{"line":192,"column":38},"end":{"line":192,"column":77}}],"line":192},"20":{"loc":{"start":{"line":196,"column":2},"end":{"line":203,"column":3}},"type":"if","locations":[{"start":{"line":196,"column":2},"end":{"line":203,"column":3}},{"start":{},"end":{}}],"line":196},"21":{"loc":{"start":{"line":196,"column":6},"end":{"line":196,"column":19}},"type":"binary-expr","locations":[{"start":{"line":196,"column":6},"end":{"line":196,"column":10}},{"start":{"line":196,"column":14},"end":{"line":196,"column":19}}],"line":196},"22":{"loc":{"start":{"line":198,"column":4},"end":{"line":202,"column":5}},"type":"if","locations":[{"start":{"line":198,"column":4},"end":{"line":202,"column":5}},{"start":{},"end":{}}],"line":198},"23":{"loc":{"start":{"line":198,"column":8},"end":{"line":198,"column":83}},"type":"binary-expr","locations":[{"start":{"line":198,"column":8},"end":{"line":198,"column":41}},{"start":{"line":198,"column":45},"end":{"line":198,"column":83}}],"line":198},"24":{"loc":{"start":{"line":216,"column":21},"end":{"line":216,"column":61}},"type":"binary-expr","locations":[{"start":{"line":216,"column":21},"end":{"line":216,"column":33}},{"start":{"line":216,"column":37},"end":{"line":216,"column":61}}],"line":216},"25":{"loc":{"start":{"line":222,"column":2},"end":{"line":226,"column":3}},"type":"if","locations":[{"start":{"line":222,"column":2},"end":{"line":226,"column":3}},{"start":{"line":224,"column":9},"end":{"line":226,"column":3}}],"line":222},"26":{"loc":{"start":{"line":222,"column":6},"end":{"line":222,"column":29}},"type":"binary-expr","locations":[{"start":{"line":222,"column":6},"end":{"line":222,"column":16}},{"start":{"line":222,"column":20},"end":{"line":222,"column":29}}],"line":222},"27":{"loc":{"start":{"line":230,"column":2},"end":{"line":230,"column":30}},"type":"if","locations":[{"start":{"line":230,"column":2},"end":{"line":230,"column":30}},{"start":{},"end":{}}],"line":230},"28":{"loc":{"start":{"line":236,"column":16},"end":{"line":236,"column":77}},"type":"binary-expr","locations":[{"start":{"line":236,"column":16},"end":{"line":236,"column":34}},{"start":{"line":236,"column":38},"end":{"line":236,"column":77}}],"line":236},"29":{"loc":{"start":{"line":238,"column":19},"end":{"line":238,"column":53}},"type":"binary-expr","locations":[{"start":{"line":238,"column":19},"end":{"line":238,"column":48}},{"start":{"line":238,"column":52},"end":{"line":238,"column":53}}],"line":238},"30":{"loc":{"start":{"line":240,"column":2},"end":{"line":243,"column":3}},"type":"if","locations":[{"start":{"line":240,"column":2},"end":{"line":243,"column":3}},{"start":{},"end":{}}],"line":240},"31":{"loc":{"start":{"line":261,"column":2},"end":{"line":272,"column":3}},"type":"if","locations":[{"start":{"line":261,"column":2},"end":{"line":272,"column":3}},{"start":{},"end":{}}],"line":261},"32":{"loc":{"start":{"line":261,"column":6},"end":{"line":261,"column":62}},"type":"binary-expr","locations":[{"start":{"line":261,"column":6},"end":{"line":261,"column":22}},{"start":{"line":261,"column":26},"end":{"line":261,"column":62}}],"line":261},"33":{"loc":{"start":{"line":263,"column":6},"end":{"line":270,"column":7}},"type":"if","locations":[{"start":{"line":263,"column":6},"end":{"line":270,"column":7}},{"start":{},"end":{}}],"line":263},"34":{"loc":{"start":{"line":263,"column":10},"end":{"line":263,"column":64}},"type":"binary-expr","locations":[{"start":{"line":263,"column":10},"end":{"line":263,"column":25}},{"start":{"line":263,"column":29},"end":{"line":263,"column":64}}],"line":263},"35":{"loc":{"start":{"line":266,"column":10},"end":{"line":268,"column":11}},"type":"if","locations":[{"start":{"line":266,"column":10},"end":{"line":268,"column":11}},{"start":{},"end":{}}],"line":266},"36":{"loc":{"start":{"line":266,"column":14},"end":{"line":266,"column":81}},"type":"binary-expr","locations":[{"start":{"line":266,"column":14},"end":{"line":266,"column":43}},{"start":{"line":266,"column":47},"end":{"line":266,"column":81}}],"line":266},"37":{"loc":{"start":{"line":275,"column":2},"end":{"line":277,"column":3}},"type":"if","locations":[{"start":{"line":275,"column":2},"end":{"line":277,"column":3}},{"start":{},"end":{}}],"line":275},"38":{"loc":{"start":{"line":285,"column":2},"end":{"line":287,"column":3}},"type":"if","locations":[{"start":{"line":285,"column":2},"end":{"line":287,"column":3}},{"start":{},"end":{}}],"line":285}},"s":{"0":0,"1":0,"2":0,"3":0,"4":0,"5":0,"6":0,"7":0,"8":0,"9":0,"10":0,"11":0,"12":0,"13":0,"14":0,"15":0,"16":0,"17":0,"18":0,"19":0,"20":0,"21":0,"22":0,"23":0,"24":0,"25":0,"26":0,"27":0,"28":0,"29":0,"30":0,"31":0,"32":0,"33":0,"34":0,"35":0,"36":0,"37":0,"38":0,"39":0,"40":0,"41":0,"42":0,"43":0,"44":0,"45":0,"46":0,"47":0,"48":0,"49":0,"50":0,"51":0,"52":0,"53":0,"54":0,"55":0,"56":0,"57":0,"58":0,"59":0,"60":0,"61":0,"62":0,"63":0,"64":0,"65":0,"66":0,"67":0,"68":0,"69":0,"70":0,"71":0,"72":0,"73":0,"74":0,"75":0,"76":0,"77":0,"78":0,"79":0,"80":0,"81":0,"82":0,"83":0,"84":0,"85":0,"86":0,"87":0,"88":0,"89":0,"90":0,"91":0,"92":0,"93":0,"94":0,"95":0,"96":0,"97":0,"98":0,"99":0,"100":0,"101":0,"102":0,"103":0,"104":0,"105":0,"106":0,"107":0,"108":0,"109":0,"110":0,"111":0,"112":0,"113":0,"114":0,"115":0,"116":0,"117":0,"118":0,"119":0,"120":0,"121":0,"122":0,"123":0,"124":0,"125":0,"126":0,"127":0,"128":0,"129":0,"130":0,"131":0},"f":{"0":0,"1":0,"2":0,"3":0,"4":0,"5":0,"6":0,"7":0,"8":0,"9":0,"10":0,"11":0,"12":0,"13":0,"14":0,"15":0},"b":{"0":[0,0],"1":[0,0],"2":[0,0],"3":[0,0],"4":[0,0],"5":[0,0],"6":[0,0],"7":[0,0],"8":[0,0],"9":[0,0],"10":[0,0],"11":[0,0,0],"12":[0,0],"13":[0,0],"14":[0,0],"15":[0,0],"16":[0,0],"17":[0,0],"18":[0,0],"19":[0,0],"20":[0,0],"21":[0,0],"22":[0,0],"23":[0,0],"24":[0,0],"25":[0,0],"26":[0,0],"27":[0,0],"28":[0,0],"29":[0,0],"30":[0,0],"31":[0,0],"32":[0,0],"33":[0,0],"34":[0,0],"35":[0,0],"36":[0,0],"37":[0,0],"38":[0,0]}}
,"/Users/christacollar/Documents/GitHub/kickedoutofthesky/store/js/store.js": {"path":"/Users/christacollar/Documents/GitHub/kickedoutofthesky/store/js/store.js","statementMap":{"0":{"start":{"line":2,"column":0},"end":{"line":56,"column":3}},"1":{"start":{"line":3,"column":15},"end":{"line":3,"column":55}},"2":{"start":{"line":4,"column":21},"end":{"line":4,"column":59}},"3":{"start":{"line":6,"column":2},"end":{"line":55,"column":3}},"4":{"start":{"line":8,"column":21},"end":{"line":8,"column":56}},"5":{"start":{"line":10,"column":4},"end":{"line":12,"column":5}},"6":{"start":{"line":11,"column":6},"end":{"line":11,"column":64}},"7":{"start":{"line":14,"column":21},"end":{"line":14,"column":42}},"8":{"start":{"line":17,"column":4},"end":{"line":17,"column":24}},"9":{"start":{"line":19,"column":4},"end":{"line":22,"column":5}},"10":{"start":{"line":20,"column":6},"end":{"line":20,"column":82}},"11":{"start":{"line":21,"column":6},"end":{"line":21,"column":13}},"12":{"start":{"line":24,"column":4},"end":{"line":50,"column":7}},"13":{"start":{"line":25,"column":19},"end":{"line":25,"column":48}},"14":{"start":{"line":26,"column":6},"end":{"line":26,"column":38}},"15":{"start":{"line":27,"column":6},"end":{"line":27,"column":36}},"16":{"start":{"line":30,"column":27},"end":{"line":30,"column":51}},"17":{"start":{"line":32,"column":6},"end":{"line":43,"column":8}},"18":{"start":{"line":45,"column":6},"end":{"line":47,"column":9}},"19":{"start":{"line":46,"column":8},"end":{"line":46,"column":73}},"20":{"start":{"line":49,"column":6},"end":{"line":49,"column":29}},"21":{"start":{"line":52,"column":4},"end":{"line":52,"column":52}},"22":{"start":{"line":53,"column":4},"end":{"line":53,"column":32}},"23":{"start":{"line":54,"column":4},"end":{"line":54,"column":39}},"24":{"start":{"line":60,"column":17},"end":{"line":60,"column":19}},"25":{"start":{"line":63,"column":2},"end":{"line":74,"column":3}},"26":{"start":{"line":64,"column":4},"end":{"line":73,"column":7}},"27":{"start":{"line":65,"column":6},"end":{"line":72,"column":7}},"28":{"start":{"line":66,"column":8},"end":{"line":71,"column":11}},"29":{"start":{"line":68,"column":10},"end":{"line":70,"column":11}},"30":{"start":{"line":69,"column":12},"end":{"line":69,"column":46}},"31":{"start":{"line":77,"column":2},"end":{"line":79,"column":3}},"32":{"start":{"line":78,"column":4},"end":{"line":78,"column":33}},"33":{"start":{"line":82,"column":2},"end":{"line":82,"column":31}},"34":{"start":{"line":82,"column":24},"end":{"line":82,"column":29}},"35":{"start":{"line":83,"column":19},"end":{"line":83,"column":28}},"36":{"start":{"line":84,"column":19},"end":{"line":84,"column":44}},"37":{"start":{"line":87,"column":2},"end":{"line":89,"column":3}},"38":{"start":{"line":88,"column":4},"end":{"line":88,"column":45}},"39":{"start":{"line":92,"column":2},"end":{"line":92,"column":77}}},"fnMap":{"0":{"name":"(anonymous_0)","decl":{"start":{"line":2,"column":46},"end":{"line":2,"column":47}},"loc":{"start":{"line":2,"column":58},"end":{"line":56,"column":1}},"line":2},"1":{"name":"(anonymous_1)","decl":{"start":{"line":24,"column":21},"end":{"line":24,"column":22}},"loc":{"start":{"line":24,"column":32},"end":{"line":50,"column":5}},"line":24},"2":{"name":"(anonymous_2)","decl":{"start":{"line":45,"column":37},"end":{"line":45,"column":38}},"loc":{"start":{"line":45,"column":43},"end":{"line":47,"column":7}},"line":45},"3":{"name":"getPriceDisplay","decl":{"start":{"line":59,"column":9},"end":{"line":59,"column":24}},"loc":{"start":{"line":59,"column":34},"end":{"line":93,"column":1}},"line":59},"4":{"name":"(anonymous_4)","decl":{"start":{"line":64,"column":44},"end":{"line":64,"column":45}},"loc":{"start":{"line":64,"column":57},"end":{"line":73,"column":5}},"line":64},"5":{"name":"(anonymous_5)","decl":{"start":{"line":66,"column":47},"end":{"line":66,"column":48}},"loc":{"start":{"line":66,"column":59},"end":{"line":71,"column":9}},"line":66},"6":{"name":"(anonymous_6)","decl":{"start":{"line":82,"column":14},"end":{"line":82,"column":15}},"loc":{"start":{"line":82,"column":24},"end":{"line":82,"column":29}},"line":82}},"branchMap":{"0":{"loc":{"start":{"line":10,"column":4},"end":{"line":12,"column":5}},"type":"if","locations":[{"start":{"line":10,"column":4},"end":{"line":12,"column":5}},{"start":{},"end":{}}],"line":10},"1":{"loc":{"start":{"line":19,"column":4},"end":{"line":22,"column":5}},"type":"if","locations":[{"start":{"line":19,"column":4},"end":{"line":22,"column":5}},{"start":{},"end":{}}],"line":19},"2":{"loc":{"start":{"line":63,"column":2},"end":{"line":74,"column":3}},"type":"if","locations":[{"start":{"line":63,"column":2},"end":{"line":74,"column":3}},{"start":{},"end":{}}],"line":63},"3":{"loc":{"start":{"line":63,"column":6},"end":{"line":63,"column":62}},"type":"binary-expr","locations":[{"start":{"line":63,"column":6},"end":{"line":63,"column":22}},{"start":{"line":63,"column":26},"end":{"line":63,"column":62}}],"line":63},"4":{"loc":{"start":{"line":65,"column":6},"end":{"line":72,"column":7}},"type":"if","locations":[{"start":{"line":65,"column":6},"end":{"line":72,"column":7}},{"start":{},"end":{}}],"line":65},"5":{"loc":{"start":{"line":65,"column":10},"end":{"line":65,"column":64}},"type":"binary-expr","locations":[{"start":{"line":65,"column":10},"end":{"line":65,"column":25}},{"start":{"line":65,"column":29},"end":{"line":65,"column":64}}],"line":65},"6":{"loc":{"start":{"line":68,"column":10},"end":{"line":70,"column":11}},"type":"if","locations":[{"start":{"line":68,"column":10},"end":{"line":70,"column":11}},{"start":{},"end":{}}],"line":68},"7":{"loc":{"start":{"line":68,"column":14},"end":{"line":68,"column":81}},"type":"binary-expr","locations":[{"start":{"line":68,"column":14},"end":{"line":68,"column":43}},{"start":{"line":68,"column":47},"end":{"line":68,"column":81}}],"line":68},"8":{"loc":{"start":{"line":77,"column":2},"end":{"line":79,"column":3}},"type":"if","locations":[{"start":{"line":77,"column":2},"end":{"line":79,"column":3}},{"start":{},"end":{}}],"line":77},"9":{"loc":{"start":{"line":87,"column":2},"end":{"line":89,"column":3}},"type":"if","locations":[{"start":{"line":87,"column":2},"end":{"line":89,"column":3}},{"start":{},"end":{}}],"line":87}},"s":{"0":0,"1":0,"2":0,"3":0,"4":0,"5":0,"6":0,"7":0,"8":0,"9":0,"10":0,"11":0,"12":0,"13":0,"14":0,"15":0,"16":0,"17":0,"18":0,"19":0,"20":0,"21":0,"22":0,"23":0,"24":0,"25":0,"26":0,"27":0,"28":0,"29":0,"30":0,"31":0,"32":0,"33":0,"34":0,"35":0,"36":0,"37":0,"38":0,"39":0},"f":{"0":0,"1":0,"2":0,"3":0,"4":0,"5":0,"6":0},"b":{"0":[0,0],"1":[0,0],"2":[0,0],"3":[0,0],"4":[0,0],"5":[0,0],"6":[0,0],"7":[0,0],"8":[0,0],"9":[0,0]}}
}
