TN:
SF:scripts/fetch-printful-products.js
FN:19,getImageIndex
FN:34,makeRequest
FN:35,(anonymous_2)
FN:47,(anonymous_3)
FN:50,(anonymous_4)
FN:54,(anonymous_5)
FN:68,fetchProducts
FN:120,(anonymous_7)
FN:160,(anonymous_8)
FN:196,(anonymous_9)
FN:197,(anonymous_10)
FNF:11
FNH:0
FNDA:0,getImageIndex
FNDA:0,makeRequest
FNDA:0,(anonymous_2)
FNDA:0,(anonymous_3)
FNDA:0,(anonymous_4)
FNDA:0,(anonymous_5)
FNDA:0,fetchProducts
FNDA:0,(anonymous_7)
FNDA:0,(anonymous_8)
FNDA:0,(anonymous_9)
FNDA:0,(anonymous_10)
DA:3,0
DA:4,0
DA:5,0
DA:6,0
DA:8,0
DA:11,0
DA:12,0
DA:13,0
DA:16,0
DA:20,0
DA:22,0
DA:24,0
DA:26,0
DA:27,0
DA:28,0
DA:29,0
DA:30,0
DA:35,0
DA:36,0
DA:45,0
DA:46,0
DA:48,0
DA:50,0
DA:51,0
DA:54,0
DA:55,0
DA:56,0
DA:57,0
DA:59,0
DA:69,0
DA:70,0
DA:73,0
DA:75,0
DA:76,0
DA:79,0
DA:80,0
DA:81,0
DA:83,0
DA:85,0
DA:87,0
DA:89,0
DA:90,0
DA:94,0
DA:95,0
DA:96,0
DA:98,0
DA:99,0
DA:101,0
DA:102,0
DA:103,0
DA:106,0
DA:107,0
DA:109,0
DA:110,0
DA:111,0
DA:112,0
DA:117,0
DA:118,0
DA:120,0
DA:124,0
DA:127,0
DA:128,0
DA:129,0
DA:131,0
DA:132,0
DA:133,0
DA:134,0
DA:136,0
DA:137,0
DA:140,0
DA:141,0
DA:147,0
DA:153,0
DA:154,0
DA:158,0
DA:159,0
DA:160,0
DA:161,0
DA:166,0
DA:167,0
DA:171,0
DA:172,0
DA:176,0
DA:178,0
DA:186,0
DA:187,0
DA:189,0
DA:193,0
DA:196,0
DA:197,0
DA:198,0
DA:199,0
DA:200,0
DA:201,0
DA:202,0
DA:203,0
DA:205,0
DA:209,0
DA:210,0
DA:211,0
DA:213,0
DA:215,0
DA:216,0
DA:221,0
LF:104
LH:0
BRDA:11,0,0,0
BRDA:11,0,1,0
BRDA:20,1,0,0
BRDA:20,1,1,0
BRDA:22,2,0,0
BRDA:22,2,1,0
BRDA:26,3,0,0
BRDA:26,3,1,0
BRDA:27,4,0,0
BRDA:27,4,1,0
BRDA:27,5,0,0
BRDA:27,5,1,0
BRDA:28,6,0,0
BRDA:28,6,1,0
BRDA:29,7,0,0
BRDA:29,7,1,0
BRDA:75,8,0,0
BRDA:75,8,1,0
BRDA:75,9,0,0
BRDA:75,9,1,0
BRDA:89,10,0,0
BRDA:89,10,1,0
BRDA:89,11,0,0
BRDA:89,11,1,0
BRDA:101,12,0,0
BRDA:101,12,1,0
BRDA:101,13,0,0
BRDA:101,13,1,0
BRDA:106,14,0,0
BRDA:106,14,1,0
BRDA:127,15,0,0
BRDA:127,15,1,0
BRDA:129,16,0,0
BRDA:129,16,1,0
BRDA:132,17,0,0
BRDA:132,17,1,0
BRDA:134,18,0,0
BRDA:134,18,1,0
BRDA:136,19,0,0
BRDA:136,19,1,0
BRDA:137,20,0,0
BRDA:137,20,1,0
BRDA:140,21,0,0
BRDA:140,21,1,0
BRDA:149,22,0,0
BRDA:149,22,1,0
BRDA:153,23,0,0
BRDA:153,23,1,0
BRDA:153,24,0,0
BRDA:153,24,1,0
BRDA:158,25,0,0
BRDA:158,25,1,0
BRDA:158,26,0,0
BRDA:158,26,1,0
BRDA:166,27,0,0
BRDA:166,27,1,0
BRDA:166,28,0,0
BRDA:166,28,1,0
BRDA:166,28,2,0
BRDA:171,29,0,0
BRDA:171,29,1,0
BRDA:171,30,0,0
BRDA:171,30,1,0
BRDA:171,30,2,0
BRDA:176,31,0,0
BRDA:176,31,1,0
BRDA:181,32,0,0
BRDA:181,32,1,0
BRDA:181,32,2,0
BRDA:198,33,0,0
BRDA:198,33,1,0
BRDA:199,34,0,0
BRDA:199,34,1,0
BRDA:200,35,0,0
BRDA:200,35,1,0
BRDA:200,36,0,0
BRDA:200,36,1,0
BRDA:201,37,0,0
BRDA:201,37,1,0
BRDA:202,38,0,0
BRDA:202,38,1,0
BRF:81
BRH:0
end_of_record
TN:
SF:store/js/cart-display.js
FN:7,waitForCart
FN:11,(anonymous_1)
FN:15,(anonymous_2)
FN:17,(anonymous_3)
FN:35,loadProducts
FN:45,displayCart
FN:69,(anonymous_6)
FN:70,(anonymous_7)
FN:107,updateCartSummary
FN:120,updateCartQuantity
FN:130,removeFromCart
FN:136,getProductImage
FN:145,setupCheckout
FN:152,proceedToCheckout
FN:169,(anonymous_14)
FN:170,(anonymous_15)
FN:185,(anonymous_16)
FNF:17
FNH:0
FNDA:0,waitForCart
FNDA:0,(anonymous_1)
FNDA:0,(anonymous_2)
FNDA:0,(anonymous_3)
FNDA:0,loadProducts
FNDA:0,displayCart
FNDA:0,(anonymous_6)
FNDA:0,(anonymous_7)
FNDA:0,updateCartSummary
FNDA:0,updateCartQuantity
FNDA:0,removeFromCart
FNDA:0,getProductImage
FNDA:0,setupCheckout
FNDA:0,proceedToCheckout
FNDA:0,(anonymous_14)
FNDA:0,(anonymous_15)
FNDA:0,(anonymous_16)
DA:4,0
DA:8,0
DA:9,0
DA:11,0
DA:15,0
DA:17,0
DA:19,0
DA:20,0
DA:23,0
DA:24,0
DA:25,0
DA:26,0
DA:29,0
DA:30,0
DA:31,0
DA:36,0
DA:37,0
DA:38,0
DA:39,0
DA:41,0
DA:46,0
DA:47,0
DA:48,0
DA:51,0
DA:52,0
DA:53,0
DA:54,0
DA:56,0
DA:57,0
DA:58,0
DA:59,0
DA:60,0
DA:63,0
DA:64,0
DA:65,0
DA:67,0
DA:69,0
DA:70,0
DA:71,0
DA:73,0
DA:74,0
DA:75,0
DA:77,0
DA:78,0
DA:81,0
DA:101,0
DA:104,0
DA:108,0
DA:109,0
DA:111,0
DA:113,0
DA:114,0
DA:116,0
DA:117,0
DA:121,0
DA:122,0
DA:124,0
DA:125,0
DA:126,0
DA:131,0
DA:132,0
DA:133,0
DA:138,0
DA:139,0
DA:142,0
DA:146,0
DA:147,0
DA:148,0
DA:153,0
DA:154,0
DA:155,0
DA:159,0
DA:160,0
DA:161,0
DA:162,0
DA:163,0
DA:166,0
DA:168,0
DA:170,0
DA:171,0
DA:173,0
DA:174,0
DA:176,0
DA:185,0
DA:188,0
DA:200,0
DA:202,0
DA:204,0
DA:205,0
DA:206,0
DA:207,0
DA:211,0
DA:212,0
DA:216,0
DA:219,0
DA:220,0
DA:222,0
DA:225,0
DA:226,0
LF:99
LH:0
BRDA:8,0,0,0
BRDA:8,0,1,0
BRDA:8,1,0,0
BRDA:8,1,1,0
BRDA:20,2,0,0
BRDA:20,2,1,0
BRDA:23,3,0,0
BRDA:23,3,1,0
BRDA:23,4,0,0
BRDA:23,4,1,0
BRDA:23,4,2,0
BRDA:38,5,0,0
BRDA:38,5,1,0
BRDA:56,6,0,0
BRDA:56,6,1,0
BRDA:56,7,0,0
BRDA:56,7,1,0
BRDA:56,7,2,0
BRDA:59,8,0,0
BRDA:59,8,1,0
BRDA:65,9,0,0
BRDA:65,9,1,0
BRDA:71,10,0,0
BRDA:71,10,1,0
BRDA:111,11,0,0
BRDA:111,11,1,0
BRDA:111,12,0,0
BRDA:111,12,1,0
BRDA:121,13,0,0
BRDA:121,13,1,0
BRDA:138,14,0,0
BRDA:138,14,1,0
BRDA:138,15,0,0
BRDA:138,15,1,0
BRDA:138,15,2,0
BRDA:147,16,0,0
BRDA:147,16,1,0
BRDA:153,17,0,0
BRDA:153,17,1,0
BRDA:160,18,0,0
BRDA:160,18,1,0
BRDA:171,19,0,0
BRDA:171,19,1,0
BRDA:202,20,0,0
BRDA:202,20,1,0
BRDA:204,21,0,0
BRDA:204,21,1,0
BRDA:204,21,2,0
BRDA:211,22,0,0
BRDA:211,22,1,0
BRDA:219,23,0,0
BRDA:219,23,1,0
BRDA:226,24,0,0
BRDA:226,24,1,0
BRF:54
BRH:0
end_of_record
TN:
SF:store/js/cart-notification.js
FN:5,playDingSound
FN:24,createCartBurst
FN:50,(anonymous_2)
FN:76,(anonymous_3)
FN:84,(anonymous_4)
FN:90,(anonymous_5)
FN:119,(anonymous_6)
FN:126,(anonymous_7)
FN:135,showCartBadgeBurst
FN:146,(anonymous_9)
FN:175,(anonymous_10)
FN:182,(anonymous_11)
FN:187,showCartNotification
FN:206,(anonymous_13)
FN:208,(anonymous_14)
FNF:15
FNH:0
FNDA:0,playDingSound
FNDA:0,createCartBurst
FNDA:0,(anonymous_2)
FNDA:0,(anonymous_3)
FNDA:0,(anonymous_4)
FNDA:0,(anonymous_5)
FNDA:0,(anonymous_6)
FNDA:0,(anonymous_7)
FNDA:0,showCartBadgeBurst
FNDA:0,(anonymous_9)
FNDA:0,(anonymous_10)
FNDA:0,(anonymous_11)
FNDA:0,showCartNotification
FNDA:0,(anonymous_13)
FNDA:0,(anonymous_14)
DA:7,0
DA:8,0
DA:9,0
DA:11,0
DA:12,0
DA:14,0
DA:15,0
DA:17,0
DA:18,0
DA:20,0
DA:21,0
DA:26,0
DA:27,0
DA:29,0
DA:30,0
DA:31,0
DA:35,0
DA:36,0
DA:37,0
DA:38,0
DA:39,0
DA:40,0
DA:44,0
DA:47,0
DA:48,0
DA:50,0
DA:52,0
DA:53,0
DA:72,0
DA:73,0
DA:76,0
DA:77,0
DA:78,0
DA:79,0
DA:80,0
DA:84,0
DA:87,0
DA:89,0
DA:90,0
DA:91,0
DA:96,0
DA:97,0
DA:98,0
DA:99,0
DA:100,0
DA:101,0
DA:103,0
DA:116,0
DA:119,0
DA:120,0
DA:121,0
DA:122,0
DA:123,0
DA:126,0
DA:129,0
DA:130,0
DA:137,0
DA:140,0
DA:141,0
DA:142,0
DA:145,0
DA:146,0
DA:147,0
DA:151,0
DA:152,0
DA:153,0
DA:154,0
DA:155,0
DA:156,0
DA:157,0
DA:159,0
DA:172,0
DA:175,0
DA:176,0
DA:177,0
DA:178,0
DA:179,0
DA:182,0
DA:188,0
DA:189,0
DA:190,0
DA:199,0
DA:204,0
DA:206,0
DA:207,0
DA:208,0
DA:213,0
DA:214,0
DA:249,0
LF:89
LH:0
BRDA:7,0,0,0
BRDA:7,0,1,0
BRDA:29,1,0,0
BRDA:29,1,1,0
BRDA:36,2,0,0
BRDA:36,2,1,0
BRDA:36,3,0,0
BRDA:36,3,1,0
BRDA:38,4,0,0
BRDA:38,4,1,0
BRDA:44,5,0,0
BRDA:44,5,1,0
BRDA:87,6,0,0
BRDA:87,6,1,0
BRDA:87,7,0,0
BRDA:87,7,1,0
BRDA:141,8,0,0
BRDA:141,8,1,0
BRDA:141,9,0,0
BRDA:141,9,1,0
BRF:20
BRH:0
end_of_record
TN:
SF:store/js/cart.js
FN:5,(anonymous_0)
FN:12,(anonymous_1)
FN:18,(anonymous_2)
FN:27,(anonymous_3)
FN:29,(anonymous_4)
FN:42,(anonymous_5)
FN:47,(anonymous_6)
FN:56,(anonymous_7)
FN:57,(anonymous_8)
FN:60,(anonymous_9)
FN:62,(anonymous_10)
FN:63,(anonymous_11)
FN:72,(anonymous_12)
FN:92,(anonymous_13)
FN:105,(anonymous_14)
FN:110,(anonymous_15)
FN:113,(anonymous_16)
FN:114,(anonymous_17)
FNF:18
FNH:0
FNDA:0,(anonymous_0)
FNDA:0,(anonymous_1)
FNDA:0,(anonymous_2)
FNDA:0,(anonymous_3)
FNDA:0,(anonymous_4)
FNDA:0,(anonymous_5)
FNDA:0,(anonymous_6)
FNDA:0,(anonymous_7)
FNDA:0,(anonymous_8)
FNDA:0,(anonymous_9)
FNDA:0,(anonymous_10)
FNDA:0,(anonymous_11)
FNDA:0,(anonymous_12)
FNDA:0,(anonymous_13)
FNDA:0,(anonymous_14)
FNDA:0,(anonymous_15)
FNDA:0,(anonymous_16)
FNDA:0,(anonymous_17)
DA:6,0
DA:7,0
DA:8,0
DA:9,0
DA:13,0
DA:14,0
DA:15,0
DA:19,0
DA:20,0
DA:21,0
DA:22,0
DA:23,0
DA:28,0
DA:29,0
DA:32,0
DA:33,0
DA:35,0
DA:38,0
DA:39,0
DA:43,0
DA:44,0
DA:48,0
DA:49,0
DA:51,0
DA:52,0
DA:57,0
DA:61,0
DA:62,0
DA:63,0
DA:64,0
DA:65,0
DA:66,0
DA:69,0
DA:74,0
DA:80,0
DA:81,0
DA:82,0
DA:87,0
DA:88,0
DA:89,0
DA:93,0
DA:94,0
DA:95,0
DA:96,0
DA:97,0
DA:98,0
DA:100,0
DA:106,0
DA:107,0
DA:111,0
DA:113,0
DA:114,0
DA:116,0
DA:117,0
DA:118,0
DA:121,0
DA:122,0
DA:123,0
DA:126,0
DA:127,0
DA:128,0
DA:131,0
DA:132,0
DA:133,0
DA:137,0
DA:145,0
LF:66
LH:0
BRDA:15,0,0,0
BRDA:15,0,1,0
BRDA:18,1,0,0
BRDA:22,2,0,0
BRDA:22,2,1,0
BRDA:27,3,0,0
BRDA:29,4,0,0
BRDA:29,4,1,0
BRDA:29,4,2,0
BRDA:32,5,0,0
BRDA:32,5,1,0
BRDA:48,6,0,0
BRDA:48,6,1,0
BRDA:64,7,0,0
BRDA:64,7,1,0
BRDA:74,8,0,0
BRDA:74,8,1,0
BRDA:75,9,0,0
BRDA:75,9,1,0
BRDA:75,9,2,0
BRDA:75,9,3,0
BRDA:81,10,0,0
BRDA:81,10,1,0
BRDA:81,11,0,0
BRDA:81,11,1,0
BRDA:87,12,0,0
BRDA:87,12,1,0
BRDA:95,13,0,0
BRDA:95,13,1,0
BRDA:96,14,0,0
BRDA:96,14,1,0
BRDA:116,15,0,0
BRDA:116,15,1,0
BRDA:121,16,0,0
BRDA:121,16,1,0
BRDA:126,17,0,0
BRDA:126,17,1,0
BRDA:132,18,0,0
BRDA:132,18,1,0
BRF:39
BRH:0
end_of_record
TN:
SF:store/js/product.js
FN:5,(anonymous_0)
FN:31,(anonymous_1)
FN:74,(anonymous_2)
FN:112,updateSizes
FN:123,(anonymous_4)
FN:125,(anonymous_5)
FN:141,updateColorAndPrice
FN:157,selectColorThumbnail
FN:173,(anonymous_8)
FN:187,updatePrice
FN:210,checkFormComplete
FN:229,addToCart
FN:257,getPriceDisplay
FN:262,(anonymous_13)
FN:264,(anonymous_14)
FN:280,(anonymous_15)
FNF:16
FNH:0
FNDA:0,(anonymous_0)
FNDA:0,(anonymous_1)
FNDA:0,(anonymous_2)
FNDA:0,updateSizes
FNDA:0,(anonymous_4)
FNDA:0,(anonymous_5)
FNDA:0,updateColorAndPrice
FNDA:0,selectColorThumbnail
FNDA:0,(anonymous_8)
FNDA:0,updatePrice
FNDA:0,checkFormComplete
FNDA:0,addToCart
FNDA:0,getPriceDisplay
FNDA:0,(anonymous_13)
FNDA:0,(anonymous_14)
FNDA:0,(anonymous_15)
DA:3,0
DA:5,0
DA:6,0
DA:7,0
DA:8,0
DA:11,0
DA:12,0
DA:14,0
DA:15,0
DA:16,0
DA:17,0
DA:18,0
DA:19,0
DA:22,0
DA:24,0
DA:26,0
DA:27,0
DA:30,0
DA:31,0
DA:33,0
DA:34,0
DA:35,0
DA:36,0
DA:37,0
DA:38,0
DA:41,0
DA:44,0
DA:47,0
DA:48,0
DA:49,0
DA:52,0
DA:55,0
DA:74,0
DA:103,0
DA:105,0
DA:106,0
DA:107,0
DA:108,0
DA:113,0
DA:115,0
DA:116,0
DA:119,0
DA:121,0
DA:122,0
DA:123,0
DA:125,0
DA:126,0
DA:127,0
DA:128,0
DA:129,0
DA:133,0
DA:134,0
DA:138,0
DA:142,0
DA:143,0
DA:145,0
DA:147,0
DA:148,0
DA:149,0
DA:152,0
DA:153,0
DA:159,0
DA:160,0
DA:161,0
DA:165,0
DA:166,0
DA:167,0
DA:168,0
DA:172,0
DA:173,0
DA:174,0
DA:175,0
DA:176,0
DA:178,0
DA:183,0
DA:184,0
DA:188,0
DA:190,0
DA:191,0
DA:192,0
DA:193,0
DA:196,0
DA:197,0
DA:198,0
DA:199,0
DA:200,0
DA:201,0
DA:206,0
DA:207,0
DA:211,0
DA:212,0
DA:213,0
DA:216,0
DA:219,0
DA:222,0
DA:223,0
DA:225,0
DA:230,0
DA:232,0
DA:233,0
DA:234,0
DA:236,0
DA:237,0
DA:238,0
DA:240,0
DA:241,0
DA:242,0
DA:246,0
DA:249,0
DA:250,0
DA:253,0
DA:258,0
DA:261,0
DA:262,0
DA:263,0
DA:264,0
DA:266,0
DA:267,0
DA:275,0
DA:276,0
DA:280,0
DA:281,0
DA:282,0
DA:285,0
DA:286,0
DA:290,0
LF:126
LH:0
BRDA:14,0,0,0
BRDA:14,0,1,0
BRDA:26,1,0,0
BRDA:26,1,1,0
BRDA:33,2,0,0
BRDA:33,2,1,0
BRDA:69,3,0,0
BRDA:69,3,1,0
BRDA:113,4,0,0
BRDA:113,4,1,0
BRDA:116,5,0,0
BRDA:116,5,1,0
BRDA:121,6,0,0
BRDA:121,6,1,0
BRDA:121,7,0,0
BRDA:121,7,1,0
BRDA:123,8,0,0
BRDA:123,8,1,0
BRDA:133,9,0,0
BRDA:133,9,1,0
BRDA:145,10,0,0
BRDA:145,10,1,0
BRDA:145,11,0,0
BRDA:145,11,1,0
BRDA:145,11,2,0
BRDA:148,12,0,0
BRDA:148,12,1,0
BRDA:160,13,0,0
BRDA:160,13,1,0
BRDA:165,14,0,0
BRDA:165,14,1,0
BRDA:165,15,0,0
BRDA:165,15,1,0
BRDA:167,16,0,0
BRDA:167,16,1,0
BRDA:175,17,0,0
BRDA:175,17,1,0
BRDA:188,18,0,0
BRDA:188,18,1,0
BRDA:192,19,0,0
BRDA:192,19,1,0
BRDA:196,20,0,0
BRDA:196,20,1,0
BRDA:196,21,0,0
BRDA:196,21,1,0
BRDA:198,22,0,0
BRDA:198,22,1,0
BRDA:198,23,0,0
BRDA:198,23,1,0
BRDA:216,24,0,0
BRDA:216,24,1,0
BRDA:222,25,0,0
BRDA:222,25,1,0
BRDA:222,26,0,0
BRDA:222,26,1,0
BRDA:230,27,0,0
BRDA:230,27,1,0
BRDA:236,28,0,0
BRDA:236,28,1,0
BRDA:238,29,0,0
BRDA:238,29,1,0
BRDA:240,30,0,0
BRDA:240,30,1,0
BRDA:261,31,0,0
BRDA:261,31,1,0
BRDA:261,32,0,0
BRDA:261,32,1,0
BRDA:263,33,0,0
BRDA:263,33,1,0
BRDA:263,34,0,0
BRDA:263,34,1,0
BRDA:266,35,0,0
BRDA:266,35,1,0
BRDA:266,36,0,0
BRDA:266,36,1,0
BRDA:275,37,0,0
BRDA:275,37,1,0
BRDA:285,38,0,0
BRDA:285,38,1,0
BRF:79
BRH:0
end_of_record
TN:
SF:store/js/store.js
FN:2,(anonymous_0)
FN:24,(anonymous_1)
FN:45,(anonymous_2)
FN:59,getPriceDisplay
FN:64,(anonymous_4)
FN:66,(anonymous_5)
FN:82,(anonymous_6)
FNF:7
FNH:0
FNDA:0,(anonymous_0)
FNDA:0,(anonymous_1)
FNDA:0,(anonymous_2)
FNDA:0,getPriceDisplay
FNDA:0,(anonymous_4)
FNDA:0,(anonymous_5)
FNDA:0,(anonymous_6)
DA:2,0
DA:3,0
DA:4,0
DA:6,0
DA:8,0
DA:10,0
DA:11,0
DA:14,0
DA:17,0
DA:19,0
DA:20,0
DA:21,0
DA:24,0
DA:25,0
DA:26,0
DA:27,0
DA:30,0
DA:32,0
DA:45,0
DA:46,0
DA:49,0
DA:52,0
DA:53,0
DA:54,0
DA:60,0
DA:63,0
DA:64,0
DA:65,0
DA:66,0
DA:68,0
DA:69,0
DA:77,0
DA:78,0
DA:82,0
DA:83,0
DA:84,0
DA:87,0
DA:88,0
DA:92,0
LF:39
LH:0
BRDA:10,0,0,0
BRDA:10,0,1,0
BRDA:19,1,0,0
BRDA:19,1,1,0
BRDA:63,2,0,0
BRDA:63,2,1,0
BRDA:63,3,0,0
BRDA:63,3,1,0
BRDA:65,4,0,0
BRDA:65,4,1,0
BRDA:65,5,0,0
BRDA:65,5,1,0
BRDA:68,6,0,0
BRDA:68,6,1,0
BRDA:68,7,0,0
BRDA:68,7,1,0
BRDA:77,8,0,0
BRDA:77,8,1,0
BRDA:87,9,0,0
BRDA:87,9,1,0
BRF:20
BRH:0
end_of_record
